INFO - 2023-07-24 17:07:20 --> Session: Class initialized using 'CodeIgniter\Session\Handlers\FileHandler' driver.
INFO - 2023-07-24 17:07:54 --> Session: Class initialized using 'CodeIgniter\Session\Handlers\FileHandler' driver.
INFO - 2023-07-24 17:07:58 --> Session: Class initialized using 'CodeIgniter\Session\Handlers\FileHandler' driver.
INFO - 2023-07-24 17:07:58 --> Session: Class initialized using 'CodeIgniter\Session\Handlers\FileHandler' driver.
INFO - 2023-07-24 17:08:07 --> Session: Class initialized using 'CodeIgniter\Session\Handlers\FileHandler' driver.
INFO - 2023-07-24 17:08:09 --> Session: Class initialized using 'CodeIgniter\Session\Handlers\FileHandler' driver.
INFO - 2023-07-24 17:14:29 --> Session: Class initialized using 'CodeIgniter\Session\Handlers\FileHandler' driver.
INFO - 2023-07-24 17:14:48 --> Session: Class initialized using 'CodeIgniter\Session\Handlers\FileHandler' driver.
INFO - 2023-07-24 17:14:59 --> Session: Class initialized using 'CodeIgniter\Session\Handlers\FileHandler' driver.
INFO - 2023-07-24 17:17:07 --> Session: Class initialized using 'CodeIgniter\Session\Handlers\FileHandler' driver.
INFO - 2023-07-24 17:17:15 --> Session: Class initialized using 'CodeIgniter\Session\Handlers\FileHandler' driver.
INFO - 2023-07-24 18:32:34 --> Session: Class initialized using 'CodeIgniter\Session\Handlers\FileHandler' driver.
INFO - 2023-07-24 18:40:18 --> Session: Class initialized using 'CodeIgniter\Session\Handlers\FileHandler' driver.
CRITICAL - 2023-07-24 18:40:19 --> Undefined variable $tglawal
in APPPATH\Views\Laporan\Laporanpembelianbahanbaku.php on line 47.
 1 APPPATH\Views\Laporan\Laporanpembelianbahanbaku.php(47): CodeIgniter\Debug\Exceptions->errorHandler(2, 'Undefined variable $tglawal', 'C:\\xampp\\htdocs\\sitenun-main\\app\\Views\\Laporan\\Laporanpembelianbahanbaku.php', 47)
 2 SYSTEMPATH\View\View.php(213): include('C:\\xampp\\htdocs\\sitenun-main\\app\\Views\\Laporan\\Laporanpembelianbahanbaku.php')
 3 SYSTEMPATH\View\View.php(216): CodeIgniter\View\View->CodeIgniter\View\{closure}()
 4 SYSTEMPATH\Common.php(1184): CodeIgniter\View\View->render('Laporan/Laporanpembelianbahanbaku', [], true)
 5 APPPATH\Controllers\Laporan.php(119): view('Laporan/Laporanpembelianbahanbaku', [...])
 6 SYSTEMPATH\CodeIgniter.php(934): App\Controllers\Laporan->BahanBakuFaktur('FK-BM-001')
 7 SYSTEMPATH\CodeIgniter.php(499): CodeIgniter\CodeIgniter->runController(Object(App\Controllers\Laporan))
 8 SYSTEMPATH\CodeIgniter.php(368): CodeIgniter\CodeIgniter->handleRequest(null, Object(Config\Cache), false)
 9 FCPATH\index.php(67): CodeIgniter\CodeIgniter->run()
INFO - 2023-07-24 18:40:22 --> Session: Class initialized using 'CodeIgniter\Session\Handlers\FileHandler' driver.
INFO - 2023-07-24 18:40:35 --> Session: Class initialized using 'CodeIgniter\Session\Handlers\FileHandler' driver.
CRITICAL - 2023-07-24 18:40:36 --> Undefined variable $tglawal
in APPPATH\Views\Laporan\Laporanpembelianbahanbaku.php on line 47.
 1 APPPATH\Views\Laporan\Laporanpembelianbahanbaku.php(47): CodeIgniter\Debug\Exceptions->errorHandler(2, 'Undefined variable $tglawal', 'C:\\xampp\\htdocs\\sitenun-main\\app\\Views\\Laporan\\Laporanpembelianbahanbaku.php', 47)
 2 SYSTEMPATH\View\View.php(213): include('C:\\xampp\\htdocs\\sitenun-main\\app\\Views\\Laporan\\Laporanpembelianbahanbaku.php')
 3 SYSTEMPATH\View\View.php(216): CodeIgniter\View\View->CodeIgniter\View\{closure}()
 4 SYSTEMPATH\Common.php(1184): CodeIgniter\View\View->render('Laporan/Laporanpembelianbahanbaku', [], true)
 5 APPPATH\Controllers\Laporan.php(119): view('Laporan/Laporanpembelianbahanbaku', [...])
 6 SYSTEMPATH\CodeIgniter.php(934): App\Controllers\Laporan->BahanBakuFaktur('FK-BM-001')
 7 SYSTEMPATH\CodeIgniter.php(499): CodeIgniter\CodeIgniter->runController(Object(App\Controllers\Laporan))
 8 SYSTEMPATH\CodeIgniter.php(368): CodeIgniter\CodeIgniter->handleRequest(null, Object(Config\Cache), false)
 9 FCPATH\index.php(67): CodeIgniter\CodeIgniter->run()
INFO - 2023-07-24 18:40:37 --> Session: Class initialized using 'CodeIgniter\Session\Handlers\FileHandler' driver.
INFO - 2023-07-24 18:40:45 --> Session: Class initialized using 'CodeIgniter\Session\Handlers\FileHandler' driver.
CRITICAL - 2023-07-24 18:40:46 --> Undefined variable $tglawal
in APPPATH\Views\Laporan\Laporanpembelianbahanbaku.php on line 47.
 1 APPPATH\Views\Laporan\Laporanpembelianbahanbaku.php(47): CodeIgniter\Debug\Exceptions->errorHandler(2, 'Undefined variable $tglawal', 'C:\\xampp\\htdocs\\sitenun-main\\app\\Views\\Laporan\\Laporanpembelianbahanbaku.php', 47)
 2 SYSTEMPATH\View\View.php(213): include('C:\\xampp\\htdocs\\sitenun-main\\app\\Views\\Laporan\\Laporanpembelianbahanbaku.php')
 3 SYSTEMPATH\View\View.php(216): CodeIgniter\View\View->CodeIgniter\View\{closure}()
 4 SYSTEMPATH\Common.php(1184): CodeIgniter\View\View->render('Laporan/Laporanpembelianbahanbaku', [], true)
 5 APPPATH\Controllers\Laporan.php(119): view('Laporan/Laporanpembelianbahanbaku', [...])
 6 SYSTEMPATH\CodeIgniter.php(934): App\Controllers\Laporan->BahanBakuFaktur('FK-BM-001')
 7 SYSTEMPATH\CodeIgniter.php(499): CodeIgniter\CodeIgniter->runController(Object(App\Controllers\Laporan))
 8 SYSTEMPATH\CodeIgniter.php(368): CodeIgniter\CodeIgniter->handleRequest(null, Object(Config\Cache), false)
 9 FCPATH\index.php(67): CodeIgniter\CodeIgniter->run()
INFO - 2023-07-24 18:40:48 --> Session: Class initialized using 'CodeIgniter\Session\Handlers\FileHandler' driver.
INFO - 2023-07-24 18:41:26 --> Session: Class initialized using 'CodeIgniter\Session\Handlers\FileHandler' driver.
INFO - 2023-07-24 18:41:44 --> Session: Class initialized using 'CodeIgniter\Session\Handlers\FileHandler' driver.
CRITICAL - 2023-07-24 18:41:45 --> Undefined variable $tglawal
in APPPATH\Views\Laporan\Laporanpembelianbahanbaku.php on line 47.
 1 APPPATH\Views\Laporan\Laporanpembelianbahanbaku.php(47): CodeIgniter\Debug\Exceptions->errorHandler(2, 'Undefined variable $tglawal', 'C:\\xampp\\htdocs\\sitenun-main\\app\\Views\\Laporan\\Laporanpembelianbahanbaku.php', 47)
 2 SYSTEMPATH\View\View.php(213): include('C:\\xampp\\htdocs\\sitenun-main\\app\\Views\\Laporan\\Laporanpembelianbahanbaku.php')
 3 SYSTEMPATH\View\View.php(216): CodeIgniter\View\View->CodeIgniter\View\{closure}()
 4 SYSTEMPATH\Common.php(1184): CodeIgniter\View\View->render('Laporan/Laporanpembelianbahanbaku', [], true)
 5 APPPATH\Controllers\Laporan.php(119): view('Laporan/Laporanpembelianbahanbaku', [...])
 6 SYSTEMPATH\CodeIgniter.php(934): App\Controllers\Laporan->BahanBakuFaktur('FK-BM-001')
 7 SYSTEMPATH\CodeIgniter.php(499): CodeIgniter\CodeIgniter->runController(Object(App\Controllers\Laporan))
 8 SYSTEMPATH\CodeIgniter.php(368): CodeIgniter\CodeIgniter->handleRequest(null, Object(Config\Cache), false)
 9 FCPATH\index.php(67): CodeIgniter\CodeIgniter->run()
INFO - 2023-07-24 19:00:31 --> Session: Class initialized using 'CodeIgniter\Session\Handlers\FileHandler' driver.
INFO - 2023-07-24 19:00:39 --> Session: Class initialized using 'CodeIgniter\Session\Handlers\FileHandler' driver.
INFO - 2023-07-24 19:22:48 --> Session: Class initialized using 'CodeIgniter\Session\Handlers\FileHandler' driver.
INFO - 2023-07-24 19:27:13 --> Session: Class initialized using 'CodeIgniter\Session\Handlers\FileHandler' driver.
CRITICAL - 2023-07-24 19:27:15 --> Undefined variable $tglawal
in APPPATH\Views\Laporan\Laporanpembelianbahanbaku_faktur.php on line 47.
 1 APPPATH\Views\Laporan\Laporanpembelianbahanbaku_faktur.php(47): CodeIgniter\Debug\Exceptions->errorHandler(2, 'Undefined variable $tglawal', 'C:\\xampp\\htdocs\\sitenun-main\\app\\Views\\Laporan\\Laporanpembelianbahanbaku_faktur.php', 47)
 2 SYSTEMPATH\View\View.php(213): include('C:\\xampp\\htdocs\\sitenun-main\\app\\Views\\Laporan\\Laporanpembelianbahanbaku_faktur.php')
 3 SYSTEMPATH\View\View.php(216): CodeIgniter\View\View->CodeIgniter\View\{closure}()
 4 SYSTEMPATH\Common.php(1184): CodeIgniter\View\View->render('Laporan/Laporanpembelianbahanbaku_faktur', [], true)
 5 APPPATH\Controllers\Laporan.php(119): view('Laporan/Laporanpembelianbahanbaku_faktur', [...])
 6 SYSTEMPATH\CodeIgniter.php(934): App\Controllers\Laporan->BahanBakuFaktur('FK-BM-001')
 7 SYSTEMPATH\CodeIgniter.php(499): CodeIgniter\CodeIgniter->runController(Object(App\Controllers\Laporan))
 8 SYSTEMPATH\CodeIgniter.php(368): CodeIgniter\CodeIgniter->handleRequest(null, Object(Config\Cache), false)
 9 FCPATH\index.php(67): CodeIgniter\CodeIgniter->run()
CRITICAL - 2023-07-24 19:27:53 --> Undefined array key "total_harga_bahan_baku_masuk"
in APPPATH\Views\Laporan\Laporanpembelianbahanbaku_faktur.php on line 66.
 1 APPPATH\Views\Laporan\Laporanpembelianbahanbaku_faktur.php(66): CodeIgniter\Debug\Exceptions->errorHandler(2, 'Undefined array key "total_harga_bahan_baku_masuk"', 'C:\\xampp\\htdocs\\sitenun-main\\app\\Views\\Laporan\\Laporanpembelianbahanbaku_faktur.php', 66)
 2 SYSTEMPATH\View\View.php(213): include('C:\\xampp\\htdocs\\sitenun-main\\app\\Views\\Laporan\\Laporanpembelianbahanbaku_faktur.php')
 3 SYSTEMPATH\View\View.php(216): CodeIgniter\View\View->CodeIgniter\View\{closure}()
 4 SYSTEMPATH\Common.php(1184): CodeIgniter\View\View->render('Laporan/Laporanpembelianbahanbaku_faktur', [], true)
 5 APPPATH\Controllers\Laporan.php(119): view('Laporan/Laporanpembelianbahanbaku_faktur', [...])
 6 SYSTEMPATH\CodeIgniter.php(934): App\Controllers\Laporan->BahanBakuFaktur('FK-BM-001')
 7 SYSTEMPATH\CodeIgniter.php(499): CodeIgniter\CodeIgniter->runController(Object(App\Controllers\Laporan))
 8 SYSTEMPATH\CodeIgniter.php(368): CodeIgniter\CodeIgniter->handleRequest(null, Object(Config\Cache), false)
 9 FCPATH\index.php(67): CodeIgniter\CodeIgniter->run()
CRITICAL - 2023-07-24 19:28:55 --> Undefined array key "tgl_bahan_baku_masuk"
in APPPATH\Views\Laporan\Laporanpembelianbahanbaku_faktur.php on line 70.
 1 APPPATH\Views\Laporan\Laporanpembelianbahanbaku_faktur.php(70): CodeIgniter\Debug\Exceptions->errorHandler(2, 'Undefined array key "tgl_bahan_baku_masuk"', 'C:\\xampp\\htdocs\\sitenun-main\\app\\Views\\Laporan\\Laporanpembelianbahanbaku_faktur.php', 70)
 2 SYSTEMPATH\View\View.php(213): include('C:\\xampp\\htdocs\\sitenun-main\\app\\Views\\Laporan\\Laporanpembelianbahanbaku_faktur.php')
 3 SYSTEMPATH\View\View.php(216): CodeIgniter\View\View->CodeIgniter\View\{closure}()
 4 SYSTEMPATH\Common.php(1184): CodeIgniter\View\View->render('Laporan/Laporanpembelianbahanbaku_faktur', [], true)
 5 APPPATH\Controllers\Laporan.php(119): view('Laporan/Laporanpembelianbahanbaku_faktur', [...])
 6 SYSTEMPATH\CodeIgniter.php(934): App\Controllers\Laporan->BahanBakuFaktur('FK-BM-001')
 7 SYSTEMPATH\CodeIgniter.php(499): CodeIgniter\CodeIgniter->runController(Object(App\Controllers\Laporan))
 8 SYSTEMPATH\CodeIgniter.php(368): CodeIgniter\CodeIgniter->handleRequest(null, Object(Config\Cache), false)
 9 FCPATH\index.php(67): CodeIgniter\CodeIgniter->run()
CRITICAL - 2023-07-24 19:29:52 --> Undefined array key "total_harga_bahan_baku_masuk"
in APPPATH\Views\Laporan\Laporanpembelianbahanbaku_faktur.php on line 74.
 1 APPPATH\Views\Laporan\Laporanpembelianbahanbaku_faktur.php(74): CodeIgniter\Debug\Exceptions->errorHandler(2, 'Undefined array key "total_harga_bahan_baku_masuk"', 'C:\\xampp\\htdocs\\sitenun-main\\app\\Views\\Laporan\\Laporanpembelianbahanbaku_faktur.php', 74)
 2 SYSTEMPATH\View\View.php(213): include('C:\\xampp\\htdocs\\sitenun-main\\app\\Views\\Laporan\\Laporanpembelianbahanbaku_faktur.php')
 3 SYSTEMPATH\View\View.php(216): CodeIgniter\View\View->CodeIgniter\View\{closure}()
 4 SYSTEMPATH\Common.php(1184): CodeIgniter\View\View->render('Laporan/Laporanpembelianbahanbaku_faktur', [], true)
 5 APPPATH\Controllers\Laporan.php(119): view('Laporan/Laporanpembelianbahanbaku_faktur', [...])
 6 SYSTEMPATH\CodeIgniter.php(934): App\Controllers\Laporan->BahanBakuFaktur('FK-BM-001')
 7 SYSTEMPATH\CodeIgniter.php(499): CodeIgniter\CodeIgniter->runController(Object(App\Controllers\Laporan))
 8 SYSTEMPATH\CodeIgniter.php(368): CodeIgniter\CodeIgniter->handleRequest(null, Object(Config\Cache), false)
 9 FCPATH\index.php(67): CodeIgniter\CodeIgniter->run()
