INFO - 2023-07-25 03:54:18 --> Session: Class initialized using 'CodeIgniter\Session\Handlers\FileHandler' driver.
INFO - 2023-07-25 03:54:23 --> Session: Class initialized using 'CodeIgniter\Session\Handlers\FileHandler' driver.
INFO - 2023-07-25 03:54:30 --> Session: Class initialized using 'CodeIgniter\Session\Handlers\FileHandler' driver.
INFO - 2023-07-25 03:54:30 --> Session: Class initialized using 'CodeIgniter\Session\Handlers\FileHandler' driver.
INFO - 2023-07-25 03:54:35 --> Session: Class initialized using 'CodeIgniter\Session\Handlers\FileHandler' driver.
INFO - 2023-07-25 10:54:38 --> Session: Class initialized using 'CodeIgniter\Session\Handlers\FileHandler' driver.
INFO - 2023-07-25 03:54:50 --> Session: Class initialized using 'CodeIgniter\Session\Handlers\FileHandler' driver.
INFO - 2023-07-25 03:54:52 --> Session: Class initialized using 'CodeIgniter\Session\Handlers\FileHandler' driver.
INFO - 2023-07-25 10:55:16 --> Session: Class initialized using 'CodeIgniter\Session\Handlers\FileHandler' driver.
INFO - 2023-07-25 03:55:16 --> Session: Class initialized using 'CodeIgniter\Session\Handlers\FileHandler' driver.
INFO - 2023-07-25 03:56:48 --> Session: Class initialized using 'CodeIgniter\Session\Handlers\FileHandler' driver.
INFO - 2023-07-25 04:14:45 --> Session: Class initialized using 'CodeIgniter\Session\Handlers\FileHandler' driver.
INFO - 2023-07-25 11:15:09 --> Session: Class initialized using 'CodeIgniter\Session\Handlers\FileHandler' driver.
INFO - 2023-07-25 04:15:09 --> Session: Class initialized using 'CodeIgniter\Session\Handlers\FileHandler' driver.
INFO - 2023-07-25 04:23:33 --> Session: Class initialized using 'CodeIgniter\Session\Handlers\FileHandler' driver.
INFO - 2023-07-25 04:23:35 --> Session: Class initialized using 'CodeIgniter\Session\Handlers\FileHandler' driver.
INFO - 2023-07-25 11:23:36 --> Session: Class initialized using 'CodeIgniter\Session\Handlers\FileHandler' driver.
INFO - 2023-07-25 11:23:48 --> Session: Class initialized using 'CodeIgniter\Session\Handlers\FileHandler' driver.
INFO - 2023-07-25 11:23:48 --> Session: Class initialized using 'CodeIgniter\Session\Handlers\FileHandler' driver.
INFO - 2023-07-25 11:32:22 --> Session: Class initialized using 'CodeIgniter\Session\Handlers\FileHandler' driver.
INFO - 2023-07-25 11:32:24 --> Session: Class initialized using 'CodeIgniter\Session\Handlers\FileHandler' driver.
INFO - 2023-07-25 11:32:25 --> Session: Class initialized using 'CodeIgniter\Session\Handlers\FileHandler' driver.
INFO - 2023-07-25 04:32:32 --> Session: Class initialized using 'CodeIgniter\Session\Handlers\FileHandler' driver.
INFO - 2023-07-25 11:32:32 --> Session: Class initialized using 'CodeIgniter\Session\Handlers\FileHandler' driver.
INFO - 2023-07-25 11:34:26 --> Session: Class initialized using 'CodeIgniter\Session\Handlers\FileHandler' driver.
INFO - 2023-07-25 11:34:28 --> Session: Class initialized using 'CodeIgniter\Session\Handlers\FileHandler' driver.
INFO - 2023-07-25 11:35:19 --> Session: Class initialized using 'CodeIgniter\Session\Handlers\FileHandler' driver.
INFO - 2023-07-25 04:35:45 --> Session: Class initialized using 'CodeIgniter\Session\Handlers\FileHandler' driver.
INFO - 2023-07-25 04:35:46 --> Session: Class initialized using 'CodeIgniter\Session\Handlers\FileHandler' driver.
INFO - 2023-07-25 04:36:09 --> Session: Class initialized using 'CodeIgniter\Session\Handlers\FileHandler' driver.
INFO - 2023-07-25 04:36:17 --> Session: Class initialized using 'CodeIgniter\Session\Handlers\FileHandler' driver.
INFO - 2023-07-25 04:36:17 --> Session: Class initialized using 'CodeIgniter\Session\Handlers\FileHandler' driver.
INFO - 2023-07-25 04:36:38 --> Session: Class initialized using 'CodeIgniter\Session\Handlers\FileHandler' driver.
INFO - 2023-07-25 04:36:38 --> Session: Class initialized using 'CodeIgniter\Session\Handlers\FileHandler' driver.
INFO - 2023-07-25 04:53:23 --> Session: Class initialized using 'CodeIgniter\Session\Handlers\FileHandler' driver.
INFO - 2023-07-25 04:53:38 --> Session: Class initialized using 'CodeIgniter\Session\Handlers\FileHandler' driver.
INFO - 2023-07-25 04:53:51 --> Session: Class initialized using 'CodeIgniter\Session\Handlers\FileHandler' driver.
INFO - 2023-07-25 04:54:19 --> Session: Class initialized using 'CodeIgniter\Session\Handlers\FileHandler' driver.
INFO - 2023-07-25 04:54:19 --> Session: Class initialized using 'CodeIgniter\Session\Handlers\FileHandler' driver.
INFO - 2023-07-25 04:54:22 --> Session: Class initialized using 'CodeIgniter\Session\Handlers\FileHandler' driver.
INFO - 2023-07-25 04:54:27 --> Session: Class initialized using 'CodeIgniter\Session\Handlers\FileHandler' driver.
INFO - 2023-07-25 04:54:27 --> Session: Class initialized using 'CodeIgniter\Session\Handlers\FileHandler' driver.
INFO - 2023-07-25 04:54:30 --> Session: Class initialized using 'CodeIgniter\Session\Handlers\FileHandler' driver.
INFO - 2023-07-25 04:54:30 --> Session: Class initialized using 'CodeIgniter\Session\Handlers\FileHandler' driver.
INFO - 2023-07-25 04:54:43 --> Session: Class initialized using 'CodeIgniter\Session\Handlers\FileHandler' driver.
INFO - 2023-07-25 04:54:43 --> Session: Class initialized using 'CodeIgniter\Session\Handlers\FileHandler' driver.
INFO - 2023-07-25 04:54:54 --> Session: Class initialized using 'CodeIgniter\Session\Handlers\FileHandler' driver.
INFO - 2023-07-25 04:54:54 --> Session: Class initialized using 'CodeIgniter\Session\Handlers\FileHandler' driver.
INFO - 2023-07-25 06:45:54 --> Session: Class initialized using 'CodeIgniter\Session\Handlers\FileHandler' driver.
INFO - 2023-07-25 06:56:12 --> Session: Class initialized using 'CodeIgniter\Session\Handlers\FileHandler' driver.
INFO - 2023-07-25 06:56:20 --> Session: Class initialized using 'CodeIgniter\Session\Handlers\FileHandler' driver.
INFO - 2023-07-25 06:56:28 --> Session: Class initialized using 'CodeIgniter\Session\Handlers\FileHandler' driver.
INFO - 2023-07-25 06:56:28 --> Session: Class initialized using 'CodeIgniter\Session\Handlers\FileHandler' driver.
INFO - 2023-07-25 06:56:30 --> Session: Class initialized using 'CodeIgniter\Session\Handlers\FileHandler' driver.
INFO - 2023-07-25 06:56:33 --> Session: Class initialized using 'CodeIgniter\Session\Handlers\FileHandler' driver.
INFO - 2023-07-25 06:56:33 --> Session: Class initialized using 'CodeIgniter\Session\Handlers\FileHandler' driver.
INFO - 2023-07-25 06:56:34 --> Session: Class initialized using 'CodeIgniter\Session\Handlers\FileHandler' driver.
INFO - 2023-07-25 13:56:35 --> Session: Class initialized using 'CodeIgniter\Session\Handlers\FileHandler' driver.
CRITICAL - 2023-07-25 13:56:35 --> Request URI segment is out of range: "3"
in SYSTEMPATH\HTTP\URI.php on line 549.
 1 SYSTEMPATH\HTTP\URI.php(549): CodeIgniter\HTTP\Exceptions\HTTPException::forURISegmentOutOfRange(3)
 2 APPPATH\Views\Transaksi\Penjualan\Add.php(4): CodeIgniter\HTTP\URI->getSegment(3)
 3 SYSTEMPATH\View\View.php(213): include('C:\\xampp8\\htdocs\\sitenun-main\\app\\Views\\Transaksi\\Penjualan\\Add.php')
 4 SYSTEMPATH\View\View.php(216): CodeIgniter\View\View->CodeIgniter\View\{closure}()
 5 SYSTEMPATH\Common.php(1184): CodeIgniter\View\View->render('Transaksi/Penjualan/Add', [], true)
 6 APPPATH\Views\Layout\Content.php(30): view('Transaksi/Penjualan/Add')
 7 SYSTEMPATH\View\View.php(213): include('C:\\xampp8\\htdocs\\sitenun-main\\app\\Views\\Layout\\Content.php')
 8 SYSTEMPATH\View\View.php(216): CodeIgniter\View\View->CodeIgniter\View\{closure}()
 9 SYSTEMPATH\Common.php(1184): CodeIgniter\View\View->render('Layout/Content', [], true)
10 APPPATH\Views\Layout\Template.php(5): view('Layout/Content')
11 SYSTEMPATH\View\View.php(213): include('C:\\xampp8\\htdocs\\sitenun-main\\app\\Views\\Layout\\Template.php')
12 SYSTEMPATH\View\View.php(216): CodeIgniter\View\View->CodeIgniter\View\{closure}()
13 SYSTEMPATH\Common.php(1184): CodeIgniter\View\View->render('Layout/Template', [], true)
14 APPPATH\Controllers\Penjualan.php(42): view('Layout/Template', [...])
15 SYSTEMPATH\CodeIgniter.php(934): App\Controllers\Penjualan->tambah()
16 SYSTEMPATH\CodeIgniter.php(499): CodeIgniter\CodeIgniter->runController(Object(App\Controllers\Penjualan))
17 SYSTEMPATH\CodeIgniter.php(368): CodeIgniter\CodeIgniter->handleRequest(null, Object(Config\Cache), false)
18 FCPATH\index.php(67): CodeIgniter\CodeIgniter->run()
INFO - 2023-07-25 13:57:16 --> Session: Class initialized using 'CodeIgniter\Session\Handlers\FileHandler' driver.
CRITICAL - 2023-07-25 13:57:16 --> Request URI segment is out of range: "3"
in SYSTEMPATH\HTTP\URI.php on line 549.
 1 SYSTEMPATH\HTTP\URI.php(549): CodeIgniter\HTTP\Exceptions\HTTPException::forURISegmentOutOfRange(3)
 2 APPPATH\Views\Transaksi\Penjualan\Add.php(4): CodeIgniter\HTTP\URI->getSegment(3)
 3 SYSTEMPATH\View\View.php(213): include('C:\\xampp8\\htdocs\\sitenun-main\\app\\Views\\Transaksi\\Penjualan\\Add.php')
 4 SYSTEMPATH\View\View.php(216): CodeIgniter\View\View->CodeIgniter\View\{closure}()
 5 SYSTEMPATH\Common.php(1184): CodeIgniter\View\View->render('Transaksi/Penjualan/Add', [], true)
 6 APPPATH\Views\Layout\Content.php(30): view('Transaksi/Penjualan/Add')
 7 SYSTEMPATH\View\View.php(213): include('C:\\xampp8\\htdocs\\sitenun-main\\app\\Views\\Layout\\Content.php')
 8 SYSTEMPATH\View\View.php(216): CodeIgniter\View\View->CodeIgniter\View\{closure}()
 9 SYSTEMPATH\Common.php(1184): CodeIgniter\View\View->render('Layout/Content', [], true)
10 APPPATH\Views\Layout\Template.php(5): view('Layout/Content')
11 SYSTEMPATH\View\View.php(213): include('C:\\xampp8\\htdocs\\sitenun-main\\app\\Views\\Layout\\Template.php')
12 SYSTEMPATH\View\View.php(216): CodeIgniter\View\View->CodeIgniter\View\{closure}()
13 SYSTEMPATH\Common.php(1184): CodeIgniter\View\View->render('Layout/Template', [], true)
14 APPPATH\Controllers\Penjualan.php(42): view('Layout/Template', [...])
15 SYSTEMPATH\CodeIgniter.php(934): App\Controllers\Penjualan->tambah()
16 SYSTEMPATH\CodeIgniter.php(499): CodeIgniter\CodeIgniter->runController(Object(App\Controllers\Penjualan))
17 SYSTEMPATH\CodeIgniter.php(368): CodeIgniter\CodeIgniter->handleRequest(null, Object(Config\Cache), false)
18 FCPATH\index.php(67): CodeIgniter\CodeIgniter->run()
INFO - 2023-07-25 13:57:17 --> Session: Class initialized using 'CodeIgniter\Session\Handlers\FileHandler' driver.
CRITICAL - 2023-07-25 13:57:17 --> Request URI segment is out of range: "3"
in SYSTEMPATH\HTTP\URI.php on line 549.
 1 SYSTEMPATH\HTTP\URI.php(549): CodeIgniter\HTTP\Exceptions\HTTPException::forURISegmentOutOfRange(3)
 2 APPPATH\Views\Transaksi\Penjualan\Add.php(4): CodeIgniter\HTTP\URI->getSegment(3)
 3 SYSTEMPATH\View\View.php(213): include('C:\\xampp8\\htdocs\\sitenun-main\\app\\Views\\Transaksi\\Penjualan\\Add.php')
 4 SYSTEMPATH\View\View.php(216): CodeIgniter\View\View->CodeIgniter\View\{closure}()
 5 SYSTEMPATH\Common.php(1184): CodeIgniter\View\View->render('Transaksi/Penjualan/Add', [], true)
 6 APPPATH\Views\Layout\Content.php(30): view('Transaksi/Penjualan/Add')
 7 SYSTEMPATH\View\View.php(213): include('C:\\xampp8\\htdocs\\sitenun-main\\app\\Views\\Layout\\Content.php')
 8 SYSTEMPATH\View\View.php(216): CodeIgniter\View\View->CodeIgniter\View\{closure}()
 9 SYSTEMPATH\Common.php(1184): CodeIgniter\View\View->render('Layout/Content', [], true)
10 APPPATH\Views\Layout\Template.php(5): view('Layout/Content')
11 SYSTEMPATH\View\View.php(213): include('C:\\xampp8\\htdocs\\sitenun-main\\app\\Views\\Layout\\Template.php')
12 SYSTEMPATH\View\View.php(216): CodeIgniter\View\View->CodeIgniter\View\{closure}()
13 SYSTEMPATH\Common.php(1184): CodeIgniter\View\View->render('Layout/Template', [], true)
14 APPPATH\Controllers\Penjualan.php(42): view('Layout/Template', [...])
15 SYSTEMPATH\CodeIgniter.php(934): App\Controllers\Penjualan->tambah()
16 SYSTEMPATH\CodeIgniter.php(499): CodeIgniter\CodeIgniter->runController(Object(App\Controllers\Penjualan))
17 SYSTEMPATH\CodeIgniter.php(368): CodeIgniter\CodeIgniter->handleRequest(null, Object(Config\Cache), false)
18 FCPATH\index.php(67): CodeIgniter\CodeIgniter->run()
INFO - 2023-07-25 13:57:25 --> Session: Class initialized using 'CodeIgniter\Session\Handlers\FileHandler' driver.
CRITICAL - 2023-07-25 13:57:25 --> Request URI segment is out of range: "3"
in SYSTEMPATH\HTTP\URI.php on line 549.
 1 SYSTEMPATH\HTTP\URI.php(549): CodeIgniter\HTTP\Exceptions\HTTPException::forURISegmentOutOfRange(3)
 2 APPPATH\Views\Transaksi\Penjualan\Add.php(4): CodeIgniter\HTTP\URI->getSegment(3)
 3 SYSTEMPATH\View\View.php(213): include('C:\\xampp8\\htdocs\\sitenun-main\\app\\Views\\Transaksi\\Penjualan\\Add.php')
 4 SYSTEMPATH\View\View.php(216): CodeIgniter\View\View->CodeIgniter\View\{closure}()
 5 SYSTEMPATH\Common.php(1184): CodeIgniter\View\View->render('Transaksi/Penjualan/Add', [], true)
 6 APPPATH\Views\Layout\Content.php(30): view('Transaksi/Penjualan/Add')
 7 SYSTEMPATH\View\View.php(213): include('C:\\xampp8\\htdocs\\sitenun-main\\app\\Views\\Layout\\Content.php')
 8 SYSTEMPATH\View\View.php(216): CodeIgniter\View\View->CodeIgniter\View\{closure}()
 9 SYSTEMPATH\Common.php(1184): CodeIgniter\View\View->render('Layout/Content', [], true)
10 APPPATH\Views\Layout\Template.php(5): view('Layout/Content')
11 SYSTEMPATH\View\View.php(213): include('C:\\xampp8\\htdocs\\sitenun-main\\app\\Views\\Layout\\Template.php')
12 SYSTEMPATH\View\View.php(216): CodeIgniter\View\View->CodeIgniter\View\{closure}()
13 SYSTEMPATH\Common.php(1184): CodeIgniter\View\View->render('Layout/Template', [], true)
14 APPPATH\Controllers\Penjualan.php(42): view('Layout/Template', [...])
15 SYSTEMPATH\CodeIgniter.php(934): App\Controllers\Penjualan->tambah()
16 SYSTEMPATH\CodeIgniter.php(499): CodeIgniter\CodeIgniter->runController(Object(App\Controllers\Penjualan))
17 SYSTEMPATH\CodeIgniter.php(368): CodeIgniter\CodeIgniter->handleRequest(null, Object(Config\Cache), false)
18 FCPATH\index.php(67): CodeIgniter\CodeIgniter->run()
INFO - 2023-07-25 13:57:26 --> Session: Class initialized using 'CodeIgniter\Session\Handlers\FileHandler' driver.
CRITICAL - 2023-07-25 13:57:26 --> Request URI segment is out of range: "3"
in SYSTEMPATH\HTTP\URI.php on line 549.
 1 SYSTEMPATH\HTTP\URI.php(549): CodeIgniter\HTTP\Exceptions\HTTPException::forURISegmentOutOfRange(3)
 2 APPPATH\Views\Transaksi\Penjualan\Add.php(4): CodeIgniter\HTTP\URI->getSegment(3)
 3 SYSTEMPATH\View\View.php(213): include('C:\\xampp8\\htdocs\\sitenun-main\\app\\Views\\Transaksi\\Penjualan\\Add.php')
 4 SYSTEMPATH\View\View.php(216): CodeIgniter\View\View->CodeIgniter\View\{closure}()
 5 SYSTEMPATH\Common.php(1184): CodeIgniter\View\View->render('Transaksi/Penjualan/Add', [], true)
 6 APPPATH\Views\Layout\Content.php(30): view('Transaksi/Penjualan/Add')
 7 SYSTEMPATH\View\View.php(213): include('C:\\xampp8\\htdocs\\sitenun-main\\app\\Views\\Layout\\Content.php')
 8 SYSTEMPATH\View\View.php(216): CodeIgniter\View\View->CodeIgniter\View\{closure}()
 9 SYSTEMPATH\Common.php(1184): CodeIgniter\View\View->render('Layout/Content', [], true)
10 APPPATH\Views\Layout\Template.php(5): view('Layout/Content')
11 SYSTEMPATH\View\View.php(213): include('C:\\xampp8\\htdocs\\sitenun-main\\app\\Views\\Layout\\Template.php')
12 SYSTEMPATH\View\View.php(216): CodeIgniter\View\View->CodeIgniter\View\{closure}()
13 SYSTEMPATH\Common.php(1184): CodeIgniter\View\View->render('Layout/Template', [], true)
14 APPPATH\Controllers\Penjualan.php(42): view('Layout/Template', [...])
15 SYSTEMPATH\CodeIgniter.php(934): App\Controllers\Penjualan->tambah()
16 SYSTEMPATH\CodeIgniter.php(499): CodeIgniter\CodeIgniter->runController(Object(App\Controllers\Penjualan))
17 SYSTEMPATH\CodeIgniter.php(368): CodeIgniter\CodeIgniter->handleRequest(null, Object(Config\Cache), false)
18 FCPATH\index.php(67): CodeIgniter\CodeIgniter->run()
INFO - 2023-07-25 13:58:15 --> Session: Class initialized using 'CodeIgniter\Session\Handlers\FileHandler' driver.
CRITICAL - 2023-07-25 13:58:15 --> Request URI segment is out of range: "3"
in SYSTEMPATH\HTTP\URI.php on line 549.
 1 SYSTEMPATH\HTTP\URI.php(549): CodeIgniter\HTTP\Exceptions\HTTPException::forURISegmentOutOfRange(3)
 2 APPPATH\Views\Transaksi\Penjualan\Add.php(4): CodeIgniter\HTTP\URI->getSegment(3)
 3 SYSTEMPATH\View\View.php(213): include('C:\\xampp8\\htdocs\\sitenun-main\\app\\Views\\Transaksi\\Penjualan\\Add.php')
 4 SYSTEMPATH\View\View.php(216): CodeIgniter\View\View->CodeIgniter\View\{closure}()
 5 SYSTEMPATH\Common.php(1184): CodeIgniter\View\View->render('Transaksi/Penjualan/Add', [], true)
 6 APPPATH\Views\Layout\Content.php(30): view('Transaksi/Penjualan/Add')
 7 SYSTEMPATH\View\View.php(213): include('C:\\xampp8\\htdocs\\sitenun-main\\app\\Views\\Layout\\Content.php')
 8 SYSTEMPATH\View\View.php(216): CodeIgniter\View\View->CodeIgniter\View\{closure}()
 9 SYSTEMPATH\Common.php(1184): CodeIgniter\View\View->render('Layout/Content', [], true)
10 APPPATH\Views\Layout\Template.php(5): view('Layout/Content')
11 SYSTEMPATH\View\View.php(213): include('C:\\xampp8\\htdocs\\sitenun-main\\app\\Views\\Layout\\Template.php')
12 SYSTEMPATH\View\View.php(216): CodeIgniter\View\View->CodeIgniter\View\{closure}()
13 SYSTEMPATH\Common.php(1184): CodeIgniter\View\View->render('Layout/Template', [], true)
14 APPPATH\Controllers\Penjualan.php(42): view('Layout/Template', [...])
15 SYSTEMPATH\CodeIgniter.php(934): App\Controllers\Penjualan->tambah()
16 SYSTEMPATH\CodeIgniter.php(499): CodeIgniter\CodeIgniter->runController(Object(App\Controllers\Penjualan))
17 SYSTEMPATH\CodeIgniter.php(368): CodeIgniter\CodeIgniter->handleRequest(null, Object(Config\Cache), false)
18 FCPATH\index.php(67): CodeIgniter\CodeIgniter->run()
INFO - 2023-07-25 13:58:21 --> Session: Class initialized using 'CodeIgniter\Session\Handlers\FileHandler' driver.
CRITICAL - 2023-07-25 13:58:21 --> Request URI segment is out of range: "3"
in SYSTEMPATH\HTTP\URI.php on line 549.
 1 SYSTEMPATH\HTTP\URI.php(549): CodeIgniter\HTTP\Exceptions\HTTPException::forURISegmentOutOfRange(3)
 2 APPPATH\Views\Transaksi\Penjualan\Add.php(4): CodeIgniter\HTTP\URI->getSegment(3)
 3 SYSTEMPATH\View\View.php(213): include('C:\\xampp8\\htdocs\\sitenun-main\\app\\Views\\Transaksi\\Penjualan\\Add.php')
 4 SYSTEMPATH\View\View.php(216): CodeIgniter\View\View->CodeIgniter\View\{closure}()
 5 SYSTEMPATH\Common.php(1184): CodeIgniter\View\View->render('Transaksi/Penjualan/Add', [], true)
 6 APPPATH\Views\Layout\Content.php(30): view('Transaksi/Penjualan/Add')
 7 SYSTEMPATH\View\View.php(213): include('C:\\xampp8\\htdocs\\sitenun-main\\app\\Views\\Layout\\Content.php')
 8 SYSTEMPATH\View\View.php(216): CodeIgniter\View\View->CodeIgniter\View\{closure}()
 9 SYSTEMPATH\Common.php(1184): CodeIgniter\View\View->render('Layout/Content', [], true)
10 APPPATH\Views\Layout\Template.php(5): view('Layout/Content')
11 SYSTEMPATH\View\View.php(213): include('C:\\xampp8\\htdocs\\sitenun-main\\app\\Views\\Layout\\Template.php')
12 SYSTEMPATH\View\View.php(216): CodeIgniter\View\View->CodeIgniter\View\{closure}()
13 SYSTEMPATH\Common.php(1184): CodeIgniter\View\View->render('Layout/Template', [], true)
14 APPPATH\Controllers\Penjualan.php(42): view('Layout/Template', [...])
15 SYSTEMPATH\CodeIgniter.php(934): App\Controllers\Penjualan->tambah()
16 SYSTEMPATH\CodeIgniter.php(499): CodeIgniter\CodeIgniter->runController(Object(App\Controllers\Penjualan))
17 SYSTEMPATH\CodeIgniter.php(368): CodeIgniter\CodeIgniter->handleRequest(null, Object(Config\Cache), false)
18 FCPATH\index.php(67): CodeIgniter\CodeIgniter->run()
INFO - 2023-07-25 13:59:38 --> Session: Class initialized using 'CodeIgniter\Session\Handlers\FileHandler' driver.
CRITICAL - 2023-07-25 13:59:38 --> Request URI segment is out of range: "3"
in SYSTEMPATH\HTTP\URI.php on line 549.
 1 SYSTEMPATH\HTTP\URI.php(549): CodeIgniter\HTTP\Exceptions\HTTPException::forURISegmentOutOfRange(3)
 2 APPPATH\Views\Transaksi\Penjualan\Add.php(4): CodeIgniter\HTTP\URI->getSegment(3)
 3 SYSTEMPATH\View\View.php(213): include('C:\\xampp8\\htdocs\\sitenun-main\\app\\Views\\Transaksi\\Penjualan\\Add.php')
 4 SYSTEMPATH\View\View.php(216): CodeIgniter\View\View->CodeIgniter\View\{closure}()
 5 SYSTEMPATH\Common.php(1184): CodeIgniter\View\View->render('Transaksi/Penjualan/Add', [], true)
 6 APPPATH\Views\Layout\Content.php(30): view('Transaksi/Penjualan/Add')
 7 SYSTEMPATH\View\View.php(213): include('C:\\xampp8\\htdocs\\sitenun-main\\app\\Views\\Layout\\Content.php')
 8 SYSTEMPATH\View\View.php(216): CodeIgniter\View\View->CodeIgniter\View\{closure}()
 9 SYSTEMPATH\Common.php(1184): CodeIgniter\View\View->render('Layout/Content', [], true)
10 APPPATH\Views\Layout\Template.php(5): view('Layout/Content')
11 SYSTEMPATH\View\View.php(213): include('C:\\xampp8\\htdocs\\sitenun-main\\app\\Views\\Layout\\Template.php')
12 SYSTEMPATH\View\View.php(216): CodeIgniter\View\View->CodeIgniter\View\{closure}()
13 SYSTEMPATH\Common.php(1184): CodeIgniter\View\View->render('Layout/Template', [], true)
14 APPPATH\Controllers\Penjualan.php(42): view('Layout/Template', [...])
15 SYSTEMPATH\CodeIgniter.php(934): App\Controllers\Penjualan->tambah()
16 SYSTEMPATH\CodeIgniter.php(499): CodeIgniter\CodeIgniter->runController(Object(App\Controllers\Penjualan))
17 SYSTEMPATH\CodeIgniter.php(368): CodeIgniter\CodeIgniter->handleRequest(null, Object(Config\Cache), false)
18 FCPATH\index.php(67): CodeIgniter\CodeIgniter->run()
INFO - 2023-07-25 13:59:39 --> Session: Class initialized using 'CodeIgniter\Session\Handlers\FileHandler' driver.
CRITICAL - 2023-07-25 13:59:39 --> Request URI segment is out of range: "3"
in SYSTEMPATH\HTTP\URI.php on line 549.
 1 SYSTEMPATH\HTTP\URI.php(549): CodeIgniter\HTTP\Exceptions\HTTPException::forURISegmentOutOfRange(3)
 2 APPPATH\Views\Transaksi\Penjualan\Add.php(4): CodeIgniter\HTTP\URI->getSegment(3)
 3 SYSTEMPATH\View\View.php(213): include('C:\\xampp8\\htdocs\\sitenun-main\\app\\Views\\Transaksi\\Penjualan\\Add.php')
 4 SYSTEMPATH\View\View.php(216): CodeIgniter\View\View->CodeIgniter\View\{closure}()
 5 SYSTEMPATH\Common.php(1184): CodeIgniter\View\View->render('Transaksi/Penjualan/Add', [], true)
 6 APPPATH\Views\Layout\Content.php(30): view('Transaksi/Penjualan/Add')
 7 SYSTEMPATH\View\View.php(213): include('C:\\xampp8\\htdocs\\sitenun-main\\app\\Views\\Layout\\Content.php')
 8 SYSTEMPATH\View\View.php(216): CodeIgniter\View\View->CodeIgniter\View\{closure}()
 9 SYSTEMPATH\Common.php(1184): CodeIgniter\View\View->render('Layout/Content', [], true)
10 APPPATH\Views\Layout\Template.php(5): view('Layout/Content')
11 SYSTEMPATH\View\View.php(213): include('C:\\xampp8\\htdocs\\sitenun-main\\app\\Views\\Layout\\Template.php')
12 SYSTEMPATH\View\View.php(216): CodeIgniter\View\View->CodeIgniter\View\{closure}()
13 SYSTEMPATH\Common.php(1184): CodeIgniter\View\View->render('Layout/Template', [], true)
14 APPPATH\Controllers\Penjualan.php(42): view('Layout/Template', [...])
15 SYSTEMPATH\CodeIgniter.php(934): App\Controllers\Penjualan->tambah()
16 SYSTEMPATH\CodeIgniter.php(499): CodeIgniter\CodeIgniter->runController(Object(App\Controllers\Penjualan))
17 SYSTEMPATH\CodeIgniter.php(368): CodeIgniter\CodeIgniter->handleRequest(null, Object(Config\Cache), false)
18 FCPATH\index.php(67): CodeIgniter\CodeIgniter->run()
INFO - 2023-07-25 13:59:48 --> Session: Class initialized using 'CodeIgniter\Session\Handlers\FileHandler' driver.
INFO - 2023-07-25 15:29:09 --> Session: Class initialized using 'CodeIgniter\Session\Handlers\FileHandler' driver.
INFO - 2023-07-25 15:29:32 --> Session: Class initialized using 'CodeIgniter\Session\Handlers\FileHandler' driver.
INFO - 2023-07-25 15:29:36 --> Session: Class initialized using 'CodeIgniter\Session\Handlers\FileHandler' driver.
INFO - 2023-07-25 15:29:40 --> Session: Class initialized using 'CodeIgniter\Session\Handlers\FileHandler' driver.
INFO - 2023-07-25 15:51:44 --> Session: Class initialized using 'CodeIgniter\Session\Handlers\FileHandler' driver.
INFO - 2023-07-25 15:52:07 --> Session: Class initialized using 'CodeIgniter\Session\Handlers\FileHandler' driver.
CRITICAL - 2023-07-25 15:52:07 --> Request URI segment is out of range: "3"
in SYSTEMPATH\HTTP\URI.php on line 549.
 1 SYSTEMPATH\HTTP\URI.php(549): CodeIgniter\HTTP\Exceptions\HTTPException::forURISegmentOutOfRange(3)
 2 APPPATH\Views\Transaksi\Penjualan\Add.php(4): CodeIgniter\HTTP\URI->getSegment(3)
 3 SYSTEMPATH\View\View.php(213): include('C:\\xampp8\\htdocs\\sitenun-main\\app\\Views\\Transaksi\\Penjualan\\Add.php')
 4 SYSTEMPATH\View\View.php(216): CodeIgniter\View\View->CodeIgniter\View\{closure}()
 5 SYSTEMPATH\Common.php(1184): CodeIgniter\View\View->render('Transaksi/Penjualan/Add', [], true)
 6 APPPATH\Views\Layout\Content.php(30): view('Transaksi/Penjualan/Add')
 7 SYSTEMPATH\View\View.php(213): include('C:\\xampp8\\htdocs\\sitenun-main\\app\\Views\\Layout\\Content.php')
 8 SYSTEMPATH\View\View.php(216): CodeIgniter\View\View->CodeIgniter\View\{closure}()
 9 SYSTEMPATH\Common.php(1184): CodeIgniter\View\View->render('Layout/Content', [], true)
10 APPPATH\Views\Layout\Template.php(5): view('Layout/Content')
11 SYSTEMPATH\View\View.php(213): include('C:\\xampp8\\htdocs\\sitenun-main\\app\\Views\\Layout\\Template.php')
12 SYSTEMPATH\View\View.php(216): CodeIgniter\View\View->CodeIgniter\View\{closure}()
13 SYSTEMPATH\Common.php(1184): CodeIgniter\View\View->render('Layout/Template', [], true)
14 APPPATH\Controllers\Penjualan.php(42): view('Layout/Template', [...])
15 SYSTEMPATH\CodeIgniter.php(934): App\Controllers\Penjualan->tambah()
16 SYSTEMPATH\CodeIgniter.php(499): CodeIgniter\CodeIgniter->runController(Object(App\Controllers\Penjualan))
17 SYSTEMPATH\CodeIgniter.php(368): CodeIgniter\CodeIgniter->handleRequest(null, Object(Config\Cache), false)
18 FCPATH\index.php(67): CodeIgniter\CodeIgniter->run()
INFO - 2023-07-25 15:52:41 --> Session: Class initialized using 'CodeIgniter\Session\Handlers\FileHandler' driver.
INFO - 2023-07-25 15:53:17 --> Session: Class initialized using 'CodeIgniter\Session\Handlers\FileHandler' driver.
INFO - 2023-07-25 15:53:20 --> Session: Class initialized using 'CodeIgniter\Session\Handlers\FileHandler' driver.
INFO - 2023-07-25 15:53:37 --> Session: Class initialized using 'CodeIgniter\Session\Handlers\FileHandler' driver.
INFO - 2023-07-25 15:53:44 --> Session: Class initialized using 'CodeIgniter\Session\Handlers\FileHandler' driver.
INFO - 2023-07-25 15:53:44 --> Session: Class initialized using 'CodeIgniter\Session\Handlers\FileHandler' driver.
INFO - 2023-07-25 15:54:00 --> Session: Class initialized using 'CodeIgniter\Session\Handlers\FileHandler' driver.
INFO - 2023-07-25 15:54:05 --> Session: Class initialized using 'CodeIgniter\Session\Handlers\FileHandler' driver.
INFO - 2023-07-25 15:54:05 --> Session: Class initialized using 'CodeIgniter\Session\Handlers\FileHandler' driver.
ERROR - 2023-07-25 15:54:10 --> mysqli_sql_exception: Unknown column 'created_at' in 'field list' in C:\xampp8\htdocs\sitenun-main\system\Database\MySQLi\Connection.php:295
Stack trace:
#0 C:\xampp8\htdocs\sitenun-main\system\Database\MySQLi\Connection.php(295): mysqli->query('INSERT INTO `tb...', 0)
#1 C:\xampp8\htdocs\sitenun-main\system\Database\BaseConnection.php(692): CodeIgniter\Database\MySQLi\Connection->execute('INSERT INTO `tb...')
#2 C:\xampp8\htdocs\sitenun-main\system\Database\BaseConnection.php(606): CodeIgniter\Database\BaseConnection->simpleQuery('INSERT INTO `tb...')
#3 C:\xampp8\htdocs\sitenun-main\system\Database\BaseBuilder.php(2309): CodeIgniter\Database\BaseConnection->query('INSERT INTO `tb...', Array, false)
#4 C:\xampp8\htdocs\sitenun-main\app\Models\MPenjualan.php(65): CodeIgniter\Database\BaseBuilder->insert(Array)
#5 C:\xampp8\htdocs\sitenun-main\app\Controllers\Penjualan.php(61): App\Models\MPenjualan->insert_data(Array)
#6 C:\xampp8\htdocs\sitenun-main\system\CodeIgniter.php(934): App\Controllers\Penjualan->add()
#7 C:\xampp8\htdocs\sitenun-main\system\CodeIgniter.php(499): CodeIgniter\CodeIgniter->runController(Object(App\Controllers\Penjualan))
#8 C:\xampp8\htdocs\sitenun-main\system\CodeIgniter.php(368): CodeIgniter\CodeIgniter->handleRequest(NULL, Object(Config\Cache), false)
#9 C:\xampp8\htdocs\sitenun-main\public\index.php(67): CodeIgniter\CodeIgniter->run()
#10 {main}
CRITICAL - 2023-07-25 15:54:10 --> Unknown column 'created_at' in 'field list'
in SYSTEMPATH\Database\MySQLi\Connection.php on line 295.
 1 SYSTEMPATH\Database\MySQLi\Connection.php(295): mysqli->query('INSERT INTO `tbl_penjualan` (`no_transaksi_penjualan`, `tgl_penjualan`, `kode_pelanggan`, `total_harga_penjualan`, `created_at`) VALUES (\'FK-PJ-001\', \'2023-07-25\', \'PL-03\', \'450000\', \'2023-07-25:15:54:10\')', 0)
 2 SYSTEMPATH\Database\BaseConnection.php(692): CodeIgniter\Database\MySQLi\Connection->execute('INSERT INTO `tbl_penjualan` (`no_transaksi_penjualan`, `tgl_penjualan`, `kode_pelanggan`, `total_harga_penjualan`, `created_at`) VALUES (\'FK-PJ-001\', \'2023-07-25\', \'PL-03\', \'450000\', \'2023-07-25:15:54:10\')')
 3 SYSTEMPATH\Database\BaseConnection.php(606): CodeIgniter\Database\BaseConnection->simpleQuery('INSERT INTO `tbl_penjualan` (`no_transaksi_penjualan`, `tgl_penjualan`, `kode_pelanggan`, `total_harga_penjualan`, `created_at`) VALUES (\'FK-PJ-001\', \'2023-07-25\', \'PL-03\', \'450000\', \'2023-07-25:15:54:10\')')
 4 SYSTEMPATH\Database\BaseBuilder.php(2309): CodeIgniter\Database\BaseConnection->query('INSERT INTO `tbl_penjualan` (`no_transaksi_penjualan`, `tgl_penjualan`, `kode_pelanggan`, `total_harga_penjualan`, `created_at`) VALUES (:no_transaksi_penjualan:, :tgl_penjualan:, :kode_pelanggan:, :total_harga_penjualan:, :created_at:)', [...], false)
 5 APPPATH\Models\MPenjualan.php(65): CodeIgniter\Database\BaseBuilder->insert([...])
 6 APPPATH\Controllers\Penjualan.php(61): App\Models\MPenjualan->insert_data([...])
 7 SYSTEMPATH\CodeIgniter.php(934): App\Controllers\Penjualan->add()
 8 SYSTEMPATH\CodeIgniter.php(499): CodeIgniter\CodeIgniter->runController(Object(App\Controllers\Penjualan))
 9 SYSTEMPATH\CodeIgniter.php(368): CodeIgniter\CodeIgniter->handleRequest(null, Object(Config\Cache), false)
10 FCPATH\index.php(67): CodeIgniter\CodeIgniter->run()
INFO - 2023-07-25 15:54:37 --> Session: Class initialized using 'CodeIgniter\Session\Handlers\FileHandler' driver.
INFO - 2023-07-25 08:54:37 --> Session: Class initialized using 'CodeIgniter\Session\Handlers\FileHandler' driver.
INFO - 2023-07-25 15:54:41 --> Session: Class initialized using 'CodeIgniter\Session\Handlers\FileHandler' driver.
