INFO - 2023-07-02 02:09:17 --> Session: Class initialized using 'CodeIgniter\Session\Handlers\FileHandler' driver.
INFO - 2023-07-02 02:09:32 --> Session: Class initialized using 'CodeIgniter\Session\Handlers\FileHandler' driver.
INFO - 2023-07-02 02:09:36 --> Session: Class initialized using 'CodeIgniter\Session\Handlers\FileHandler' driver.
INFO - 2023-07-02 02:09:36 --> Session: Class initialized using 'CodeIgniter\Session\Handlers\FileHandler' driver.
INFO - 2023-07-02 02:10:00 --> Session: Class initialized using 'CodeIgniter\Session\Handlers\FileHandler' driver.
INFO - 2023-07-02 02:10:01 --> Session: Class initialized using 'CodeIgniter\Session\Handlers\FileHandler' driver.
INFO - 2023-07-02 02:10:10 --> Session: Class initialized using 'CodeIgniter\Session\Handlers\FileHandler' driver.
INFO - 2023-07-02 02:11:17 --> Session: Class initialized using 'CodeIgniter\Session\Handlers\FileHandler' driver.
ERROR - 2023-07-02 09:11:23 --> mysqli_sql_exception: Unknown column 'kodeproduk' in 'field list' in C:\xampp\htdocs\sitenun-main\system\Database\MySQLi\Connection.php:295
Stack trace:
#0 C:\xampp\htdocs\sitenun-main\system\Database\MySQLi\Connection.php(295): mysqli->query('SELECT RIGHT(ko...', 0)
#1 C:\xampp\htdocs\sitenun-main\system\Database\BaseConnection.php(692): CodeIgniter\Database\MySQLi\Connection->execute('SELECT RIGHT(ko...')
#2 C:\xampp\htdocs\sitenun-main\system\Database\BaseConnection.php(606): CodeIgniter\Database\BaseConnection->simpleQuery('SELECT RIGHT(ko...')
#3 C:\xampp\htdocs\sitenun-main\system\Database\BaseBuilder.php(1616): CodeIgniter\Database\BaseConnection->query('SELECT RIGHT(ko...', Array, false)
#4 C:\xampp\htdocs\sitenun-main\app\Models\MProduk.php(15): CodeIgniter\Database\BaseBuilder->get()
#5 C:\xampp\htdocs\sitenun-main\app\Controllers\Produk.php(48): App\Models\MProduk->koderandom()
#6 C:\xampp\htdocs\sitenun-main\system\CodeIgniter.php(934): App\Controllers\Produk->simp_detail()
#7 C:\xampp\htdocs\sitenun-main\system\CodeIgniter.php(499): CodeIgniter\CodeIgniter->runController(Object(App\Controllers\Produk))
#8 C:\xampp\htdocs\sitenun-main\system\CodeIgniter.php(368): CodeIgniter\CodeIgniter->handleRequest(NULL, Object(Config\Cache), false)
#9 C:\xampp\htdocs\sitenun-main\public\index.php(67): CodeIgniter\CodeIgniter->run()
#10 {main}
CRITICAL - 2023-07-02 09:11:23 --> Unknown column 'kodeproduk' in 'field list'
in SYSTEMPATH\Database\MySQLi\Connection.php on line 295.
 1 SYSTEMPATH\Database\MySQLi\Connection.php(295): mysqli->query('SELECT RIGHT(kodeproduk,2) as iduser
FROM `tbl_produksi`
ORDER BY `iduser` DESC
 LIMIT 1', 0)
 2 SYSTEMPATH\Database\BaseConnection.php(692): CodeIgniter\Database\MySQLi\Connection->execute('SELECT RIGHT(kodeproduk,2) as iduser
FROM `tbl_produksi`
ORDER BY `iduser` DESC
 LIMIT 1')
 3 SYSTEMPATH\Database\BaseConnection.php(606): CodeIgniter\Database\BaseConnection->simpleQuery('SELECT RIGHT(kodeproduk,2) as iduser
FROM `tbl_produksi`
ORDER BY `iduser` DESC
 LIMIT 1')
 4 SYSTEMPATH\Database\BaseBuilder.php(1616): CodeIgniter\Database\BaseConnection->query('SELECT RIGHT(kodeproduk,2) as iduser
FROM `tbl_produksi`
ORDER BY `iduser` DESC
 LIMIT 1', [], false)
 5 APPPATH\Models\MProduk.php(15): CodeIgniter\Database\BaseBuilder->get()
 6 APPPATH\Controllers\Produk.php(48): App\Models\MProduk->koderandom()
 7 SYSTEMPATH\CodeIgniter.php(934): App\Controllers\Produk->simp_detail()
 8 SYSTEMPATH\CodeIgniter.php(499): CodeIgniter\CodeIgniter->runController(Object(App\Controllers\Produk))
 9 SYSTEMPATH\CodeIgniter.php(368): CodeIgniter\CodeIgniter->handleRequest(null, Object(Config\Cache), false)
10 FCPATH\index.php(67): CodeIgniter\CodeIgniter->run()
INFO - 2023-07-02 02:11:23 --> Session: Class initialized using 'CodeIgniter\Session\Handlers\FileHandler' driver.
ERROR - 2023-07-02 09:11:41 --> mysqli_sql_exception: Unknown column 'kodeproduk' in 'field list' in C:\xampp\htdocs\sitenun-main\system\Database\MySQLi\Connection.php:295
Stack trace:
#0 C:\xampp\htdocs\sitenun-main\system\Database\MySQLi\Connection.php(295): mysqli->query('SELECT RIGHT(ko...', 0)
#1 C:\xampp\htdocs\sitenun-main\system\Database\BaseConnection.php(692): CodeIgniter\Database\MySQLi\Connection->execute('SELECT RIGHT(ko...')
#2 C:\xampp\htdocs\sitenun-main\system\Database\BaseConnection.php(606): CodeIgniter\Database\BaseConnection->simpleQuery('SELECT RIGHT(ko...')
#3 C:\xampp\htdocs\sitenun-main\system\Database\BaseBuilder.php(1616): CodeIgniter\Database\BaseConnection->query('SELECT RIGHT(ko...', Array, false)
#4 C:\xampp\htdocs\sitenun-main\app\Models\MProduk.php(15): CodeIgniter\Database\BaseBuilder->get()
#5 C:\xampp\htdocs\sitenun-main\app\Controllers\Produk.php(48): App\Models\MProduk->koderandom()
#6 C:\xampp\htdocs\sitenun-main\system\CodeIgniter.php(934): App\Controllers\Produk->simp_detail()
#7 C:\xampp\htdocs\sitenun-main\system\CodeIgniter.php(499): CodeIgniter\CodeIgniter->runController(Object(App\Controllers\Produk))
#8 C:\xampp\htdocs\sitenun-main\system\CodeIgniter.php(368): CodeIgniter\CodeIgniter->handleRequest(NULL, Object(Config\Cache), false)
#9 C:\xampp\htdocs\sitenun-main\public\index.php(67): CodeIgniter\CodeIgniter->run()
#10 {main}
CRITICAL - 2023-07-02 09:11:41 --> Unknown column 'kodeproduk' in 'field list'
in SYSTEMPATH\Database\MySQLi\Connection.php on line 295.
 1 SYSTEMPATH\Database\MySQLi\Connection.php(295): mysqli->query('SELECT RIGHT(kodeproduk,2) as iduser
FROM `tbl_produksi`
ORDER BY `iduser` DESC
 LIMIT 1', 0)
 2 SYSTEMPATH\Database\BaseConnection.php(692): CodeIgniter\Database\MySQLi\Connection->execute('SELECT RIGHT(kodeproduk,2) as iduser
FROM `tbl_produksi`
ORDER BY `iduser` DESC
 LIMIT 1')
 3 SYSTEMPATH\Database\BaseConnection.php(606): CodeIgniter\Database\BaseConnection->simpleQuery('SELECT RIGHT(kodeproduk,2) as iduser
FROM `tbl_produksi`
ORDER BY `iduser` DESC
 LIMIT 1')
 4 SYSTEMPATH\Database\BaseBuilder.php(1616): CodeIgniter\Database\BaseConnection->query('SELECT RIGHT(kodeproduk,2) as iduser
FROM `tbl_produksi`
ORDER BY `iduser` DESC
 LIMIT 1', [], false)
 5 APPPATH\Models\MProduk.php(15): CodeIgniter\Database\BaseBuilder->get()
 6 APPPATH\Controllers\Produk.php(48): App\Models\MProduk->koderandom()
 7 SYSTEMPATH\CodeIgniter.php(934): App\Controllers\Produk->simp_detail()
 8 SYSTEMPATH\CodeIgniter.php(499): CodeIgniter\CodeIgniter->runController(Object(App\Controllers\Produk))
 9 SYSTEMPATH\CodeIgniter.php(368): CodeIgniter\CodeIgniter->handleRequest(null, Object(Config\Cache), false)
10 FCPATH\index.php(67): CodeIgniter\CodeIgniter->run()
INFO - 2023-07-02 02:11:41 --> Session: Class initialized using 'CodeIgniter\Session\Handlers\FileHandler' driver.
INFO - 2023-07-02 02:12:32 --> Session: Class initialized using 'CodeIgniter\Session\Handlers\FileHandler' driver.
ERROR - 2023-07-02 09:12:37 --> mysqli_sql_exception: Unknown column 'kodeproduk' in 'field list' in C:\xampp\htdocs\sitenun-main\system\Database\MySQLi\Connection.php:295
Stack trace:
#0 C:\xampp\htdocs\sitenun-main\system\Database\MySQLi\Connection.php(295): mysqli->query('SELECT RIGHT(ko...', 0)
#1 C:\xampp\htdocs\sitenun-main\system\Database\BaseConnection.php(692): CodeIgniter\Database\MySQLi\Connection->execute('SELECT RIGHT(ko...')
#2 C:\xampp\htdocs\sitenun-main\system\Database\BaseConnection.php(606): CodeIgniter\Database\BaseConnection->simpleQuery('SELECT RIGHT(ko...')
#3 C:\xampp\htdocs\sitenun-main\system\Database\BaseBuilder.php(1616): CodeIgniter\Database\BaseConnection->query('SELECT RIGHT(ko...', Array, false)
#4 C:\xampp\htdocs\sitenun-main\app\Models\MProduk.php(15): CodeIgniter\Database\BaseBuilder->get()
#5 C:\xampp\htdocs\sitenun-main\app\Controllers\Produk.php(48): App\Models\MProduk->koderandom()
#6 C:\xampp\htdocs\sitenun-main\system\CodeIgniter.php(934): App\Controllers\Produk->simp_detail()
#7 C:\xampp\htdocs\sitenun-main\system\CodeIgniter.php(499): CodeIgniter\CodeIgniter->runController(Object(App\Controllers\Produk))
#8 C:\xampp\htdocs\sitenun-main\system\CodeIgniter.php(368): CodeIgniter\CodeIgniter->handleRequest(NULL, Object(Config\Cache), false)
#9 C:\xampp\htdocs\sitenun-main\public\index.php(67): CodeIgniter\CodeIgniter->run()
#10 {main}
CRITICAL - 2023-07-02 09:12:37 --> Unknown column 'kodeproduk' in 'field list'
in SYSTEMPATH\Database\MySQLi\Connection.php on line 295.
 1 SYSTEMPATH\Database\MySQLi\Connection.php(295): mysqli->query('SELECT RIGHT(kodeproduk,2) as iduser
FROM `tbl_produksi`
ORDER BY `iduser` DESC
 LIMIT 1', 0)
 2 SYSTEMPATH\Database\BaseConnection.php(692): CodeIgniter\Database\MySQLi\Connection->execute('SELECT RIGHT(kodeproduk,2) as iduser
FROM `tbl_produksi`
ORDER BY `iduser` DESC
 LIMIT 1')
 3 SYSTEMPATH\Database\BaseConnection.php(606): CodeIgniter\Database\BaseConnection->simpleQuery('SELECT RIGHT(kodeproduk,2) as iduser
FROM `tbl_produksi`
ORDER BY `iduser` DESC
 LIMIT 1')
 4 SYSTEMPATH\Database\BaseBuilder.php(1616): CodeIgniter\Database\BaseConnection->query('SELECT RIGHT(kodeproduk,2) as iduser
FROM `tbl_produksi`
ORDER BY `iduser` DESC
 LIMIT 1', [], false)
 5 APPPATH\Models\MProduk.php(15): CodeIgniter\Database\BaseBuilder->get()
 6 APPPATH\Controllers\Produk.php(48): App\Models\MProduk->koderandom()
 7 SYSTEMPATH\CodeIgniter.php(934): App\Controllers\Produk->simp_detail()
 8 SYSTEMPATH\CodeIgniter.php(499): CodeIgniter\CodeIgniter->runController(Object(App\Controllers\Produk))
 9 SYSTEMPATH\CodeIgniter.php(368): CodeIgniter\CodeIgniter->handleRequest(null, Object(Config\Cache), false)
10 FCPATH\index.php(67): CodeIgniter\CodeIgniter->run()
INFO - 2023-07-02 02:12:38 --> Session: Class initialized using 'CodeIgniter\Session\Handlers\FileHandler' driver.
INFO - 2023-07-02 02:14:07 --> Session: Class initialized using 'CodeIgniter\Session\Handlers\FileHandler' driver.
ERROR - 2023-07-02 09:14:12 --> mysqli_sql_exception: Unknown column 'kodeproduk' in 'field list' in C:\xampp\htdocs\sitenun-main\system\Database\MySQLi\Connection.php:295
Stack trace:
#0 C:\xampp\htdocs\sitenun-main\system\Database\MySQLi\Connection.php(295): mysqli->query('SELECT RIGHT(ko...', 0)
#1 C:\xampp\htdocs\sitenun-main\system\Database\BaseConnection.php(692): CodeIgniter\Database\MySQLi\Connection->execute('SELECT RIGHT(ko...')
#2 C:\xampp\htdocs\sitenun-main\system\Database\BaseConnection.php(606): CodeIgniter\Database\BaseConnection->simpleQuery('SELECT RIGHT(ko...')
#3 C:\xampp\htdocs\sitenun-main\system\Database\BaseBuilder.php(1616): CodeIgniter\Database\BaseConnection->query('SELECT RIGHT(ko...', Array, false)
#4 C:\xampp\htdocs\sitenun-main\app\Models\MProduk.php(15): CodeIgniter\Database\BaseBuilder->get()
#5 C:\xampp\htdocs\sitenun-main\app\Controllers\Produk.php(48): App\Models\MProduk->koderandom()
#6 C:\xampp\htdocs\sitenun-main\system\CodeIgniter.php(934): App\Controllers\Produk->simp_detail()
#7 C:\xampp\htdocs\sitenun-main\system\CodeIgniter.php(499): CodeIgniter\CodeIgniter->runController(Object(App\Controllers\Produk))
#8 C:\xampp\htdocs\sitenun-main\system\CodeIgniter.php(368): CodeIgniter\CodeIgniter->handleRequest(NULL, Object(Config\Cache), false)
#9 C:\xampp\htdocs\sitenun-main\public\index.php(67): CodeIgniter\CodeIgniter->run()
#10 {main}
CRITICAL - 2023-07-02 09:14:12 --> Unknown column 'kodeproduk' in 'field list'
in SYSTEMPATH\Database\MySQLi\Connection.php on line 295.
 1 SYSTEMPATH\Database\MySQLi\Connection.php(295): mysqli->query('SELECT RIGHT(kodeproduk,2) as iduser
FROM `tbl_produksi`
ORDER BY `iduser` DESC
 LIMIT 1', 0)
 2 SYSTEMPATH\Database\BaseConnection.php(692): CodeIgniter\Database\MySQLi\Connection->execute('SELECT RIGHT(kodeproduk,2) as iduser
FROM `tbl_produksi`
ORDER BY `iduser` DESC
 LIMIT 1')
 3 SYSTEMPATH\Database\BaseConnection.php(606): CodeIgniter\Database\BaseConnection->simpleQuery('SELECT RIGHT(kodeproduk,2) as iduser
FROM `tbl_produksi`
ORDER BY `iduser` DESC
 LIMIT 1')
 4 SYSTEMPATH\Database\BaseBuilder.php(1616): CodeIgniter\Database\BaseConnection->query('SELECT RIGHT(kodeproduk,2) as iduser
FROM `tbl_produksi`
ORDER BY `iduser` DESC
 LIMIT 1', [], false)
 5 APPPATH\Models\MProduk.php(15): CodeIgniter\Database\BaseBuilder->get()
 6 APPPATH\Controllers\Produk.php(48): App\Models\MProduk->koderandom()
 7 SYSTEMPATH\CodeIgniter.php(934): App\Controllers\Produk->simp_detail()
 8 SYSTEMPATH\CodeIgniter.php(499): CodeIgniter\CodeIgniter->runController(Object(App\Controllers\Produk))
 9 SYSTEMPATH\CodeIgniter.php(368): CodeIgniter\CodeIgniter->handleRequest(null, Object(Config\Cache), false)
10 FCPATH\index.php(67): CodeIgniter\CodeIgniter->run()
INFO - 2023-07-02 02:14:12 --> Session: Class initialized using 'CodeIgniter\Session\Handlers\FileHandler' driver.
INFO - 2023-07-02 02:14:20 --> Session: Class initialized using 'CodeIgniter\Session\Handlers\FileHandler' driver.
INFO - 2023-07-02 02:14:32 --> Session: Class initialized using 'CodeIgniter\Session\Handlers\FileHandler' driver.
ERROR - 2023-07-02 09:14:46 --> mysqli_sql_exception: Unknown column 'kodeproduk' in 'field list' in C:\xampp\htdocs\sitenun-main\system\Database\MySQLi\Connection.php:295
Stack trace:
#0 C:\xampp\htdocs\sitenun-main\system\Database\MySQLi\Connection.php(295): mysqli->query('SELECT RIGHT(ko...', 0)
#1 C:\xampp\htdocs\sitenun-main\system\Database\BaseConnection.php(692): CodeIgniter\Database\MySQLi\Connection->execute('SELECT RIGHT(ko...')
#2 C:\xampp\htdocs\sitenun-main\system\Database\BaseConnection.php(606): CodeIgniter\Database\BaseConnection->simpleQuery('SELECT RIGHT(ko...')
#3 C:\xampp\htdocs\sitenun-main\system\Database\BaseBuilder.php(1616): CodeIgniter\Database\BaseConnection->query('SELECT RIGHT(ko...', Array, false)
#4 C:\xampp\htdocs\sitenun-main\app\Models\MProduk.php(15): CodeIgniter\Database\BaseBuilder->get()
#5 C:\xampp\htdocs\sitenun-main\app\Controllers\Produk.php(48): App\Models\MProduk->koderandom()
#6 C:\xampp\htdocs\sitenun-main\system\CodeIgniter.php(934): App\Controllers\Produk->simp_detail()
#7 C:\xampp\htdocs\sitenun-main\system\CodeIgniter.php(499): CodeIgniter\CodeIgniter->runController(Object(App\Controllers\Produk))
#8 C:\xampp\htdocs\sitenun-main\system\CodeIgniter.php(368): CodeIgniter\CodeIgniter->handleRequest(NULL, Object(Config\Cache), false)
#9 C:\xampp\htdocs\sitenun-main\public\index.php(67): CodeIgniter\CodeIgniter->run()
#10 {main}
CRITICAL - 2023-07-02 09:14:46 --> Unknown column 'kodeproduk' in 'field list'
in SYSTEMPATH\Database\MySQLi\Connection.php on line 295.
 1 SYSTEMPATH\Database\MySQLi\Connection.php(295): mysqli->query('SELECT RIGHT(kodeproduk,2) as iduser
FROM `tbl_produksi`
ORDER BY `iduser` DESC
 LIMIT 1', 0)
 2 SYSTEMPATH\Database\BaseConnection.php(692): CodeIgniter\Database\MySQLi\Connection->execute('SELECT RIGHT(kodeproduk,2) as iduser
FROM `tbl_produksi`
ORDER BY `iduser` DESC
 LIMIT 1')
 3 SYSTEMPATH\Database\BaseConnection.php(606): CodeIgniter\Database\BaseConnection->simpleQuery('SELECT RIGHT(kodeproduk,2) as iduser
FROM `tbl_produksi`
ORDER BY `iduser` DESC
 LIMIT 1')
 4 SYSTEMPATH\Database\BaseBuilder.php(1616): CodeIgniter\Database\BaseConnection->query('SELECT RIGHT(kodeproduk,2) as iduser
FROM `tbl_produksi`
ORDER BY `iduser` DESC
 LIMIT 1', [], false)
 5 APPPATH\Models\MProduk.php(15): CodeIgniter\Database\BaseBuilder->get()
 6 APPPATH\Controllers\Produk.php(48): App\Models\MProduk->koderandom()
 7 SYSTEMPATH\CodeIgniter.php(934): App\Controllers\Produk->simp_detail()
 8 SYSTEMPATH\CodeIgniter.php(499): CodeIgniter\CodeIgniter->runController(Object(App\Controllers\Produk))
 9 SYSTEMPATH\CodeIgniter.php(368): CodeIgniter\CodeIgniter->handleRequest(null, Object(Config\Cache), false)
10 FCPATH\index.php(67): CodeIgniter\CodeIgniter->run()
INFO - 2023-07-02 02:14:46 --> Session: Class initialized using 'CodeIgniter\Session\Handlers\FileHandler' driver.
INFO - 2023-07-02 02:15:25 --> Session: Class initialized using 'CodeIgniter\Session\Handlers\FileHandler' driver.
INFO - 2023-07-02 02:16:18 --> Session: Class initialized using 'CodeIgniter\Session\Handlers\FileHandler' driver.
ERROR - 2023-07-02 09:16:25 --> mysqli_sql_exception: Unknown column 'kodeproduk' in 'field list' in C:\xampp\htdocs\sitenun-main\system\Database\MySQLi\Connection.php:295
Stack trace:
#0 C:\xampp\htdocs\sitenun-main\system\Database\MySQLi\Connection.php(295): mysqli->query('SELECT RIGHT(ko...', 0)
#1 C:\xampp\htdocs\sitenun-main\system\Database\BaseConnection.php(692): CodeIgniter\Database\MySQLi\Connection->execute('SELECT RIGHT(ko...')
#2 C:\xampp\htdocs\sitenun-main\system\Database\BaseConnection.php(606): CodeIgniter\Database\BaseConnection->simpleQuery('SELECT RIGHT(ko...')
#3 C:\xampp\htdocs\sitenun-main\system\Database\BaseBuilder.php(1616): CodeIgniter\Database\BaseConnection->query('SELECT RIGHT(ko...', Array, false)
#4 C:\xampp\htdocs\sitenun-main\app\Models\MProduk.php(15): CodeIgniter\Database\BaseBuilder->get()
#5 C:\xampp\htdocs\sitenun-main\app\Controllers\Produk.php(48): App\Models\MProduk->koderandom()
#6 C:\xampp\htdocs\sitenun-main\system\CodeIgniter.php(934): App\Controllers\Produk->simp_detail()
#7 C:\xampp\htdocs\sitenun-main\system\CodeIgniter.php(499): CodeIgniter\CodeIgniter->runController(Object(App\Controllers\Produk))
#8 C:\xampp\htdocs\sitenun-main\system\CodeIgniter.php(368): CodeIgniter\CodeIgniter->handleRequest(NULL, Object(Config\Cache), false)
#9 C:\xampp\htdocs\sitenun-main\public\index.php(67): CodeIgniter\CodeIgniter->run()
#10 {main}
CRITICAL - 2023-07-02 09:16:25 --> Unknown column 'kodeproduk' in 'field list'
in SYSTEMPATH\Database\MySQLi\Connection.php on line 295.
 1 SYSTEMPATH\Database\MySQLi\Connection.php(295): mysqli->query('SELECT RIGHT(kodeproduk,2) as iduser
FROM `tbl_produksi`
ORDER BY `iduser` DESC
 LIMIT 1', 0)
 2 SYSTEMPATH\Database\BaseConnection.php(692): CodeIgniter\Database\MySQLi\Connection->execute('SELECT RIGHT(kodeproduk,2) as iduser
FROM `tbl_produksi`
ORDER BY `iduser` DESC
 LIMIT 1')
 3 SYSTEMPATH\Database\BaseConnection.php(606): CodeIgniter\Database\BaseConnection->simpleQuery('SELECT RIGHT(kodeproduk,2) as iduser
FROM `tbl_produksi`
ORDER BY `iduser` DESC
 LIMIT 1')
 4 SYSTEMPATH\Database\BaseBuilder.php(1616): CodeIgniter\Database\BaseConnection->query('SELECT RIGHT(kodeproduk,2) as iduser
FROM `tbl_produksi`
ORDER BY `iduser` DESC
 LIMIT 1', [], false)
 5 APPPATH\Models\MProduk.php(15): CodeIgniter\Database\BaseBuilder->get()
 6 APPPATH\Controllers\Produk.php(48): App\Models\MProduk->koderandom()
 7 SYSTEMPATH\CodeIgniter.php(934): App\Controllers\Produk->simp_detail()
 8 SYSTEMPATH\CodeIgniter.php(499): CodeIgniter\CodeIgniter->runController(Object(App\Controllers\Produk))
 9 SYSTEMPATH\CodeIgniter.php(368): CodeIgniter\CodeIgniter->handleRequest(null, Object(Config\Cache), false)
10 FCPATH\index.php(67): CodeIgniter\CodeIgniter->run()
INFO - 2023-07-02 02:16:25 --> Session: Class initialized using 'CodeIgniter\Session\Handlers\FileHandler' driver.
INFO - 2023-07-02 02:17:27 --> Session: Class initialized using 'CodeIgniter\Session\Handlers\FileHandler' driver.
INFO - 2023-07-02 02:17:48 --> Session: Class initialized using 'CodeIgniter\Session\Handlers\FileHandler' driver.
INFO - 2023-07-02 02:18:01 --> Session: Class initialized using 'CodeIgniter\Session\Handlers\FileHandler' driver.
INFO - 2023-07-02 02:18:04 --> Session: Class initialized using 'CodeIgniter\Session\Handlers\FileHandler' driver.
ERROR - 2023-07-02 09:18:10 --> mysqli_sql_exception: Unknown column 'kodeproduk' in 'field list' in C:\xampp\htdocs\sitenun-main\system\Database\MySQLi\Connection.php:295
Stack trace:
#0 C:\xampp\htdocs\sitenun-main\system\Database\MySQLi\Connection.php(295): mysqli->query('SELECT RIGHT(ko...', 0)
#1 C:\xampp\htdocs\sitenun-main\system\Database\BaseConnection.php(692): CodeIgniter\Database\MySQLi\Connection->execute('SELECT RIGHT(ko...')
#2 C:\xampp\htdocs\sitenun-main\system\Database\BaseConnection.php(606): CodeIgniter\Database\BaseConnection->simpleQuery('SELECT RIGHT(ko...')
#3 C:\xampp\htdocs\sitenun-main\system\Database\BaseBuilder.php(1616): CodeIgniter\Database\BaseConnection->query('SELECT RIGHT(ko...', Array, false)
#4 C:\xampp\htdocs\sitenun-main\app\Models\MProduk.php(15): CodeIgniter\Database\BaseBuilder->get()
#5 C:\xampp\htdocs\sitenun-main\app\Controllers\Produk.php(48): App\Models\MProduk->koderandom()
#6 C:\xampp\htdocs\sitenun-main\system\CodeIgniter.php(934): App\Controllers\Produk->simp_detail()
#7 C:\xampp\htdocs\sitenun-main\system\CodeIgniter.php(499): CodeIgniter\CodeIgniter->runController(Object(App\Controllers\Produk))
#8 C:\xampp\htdocs\sitenun-main\system\CodeIgniter.php(368): CodeIgniter\CodeIgniter->handleRequest(NULL, Object(Config\Cache), false)
#9 C:\xampp\htdocs\sitenun-main\public\index.php(67): CodeIgniter\CodeIgniter->run()
#10 {main}
CRITICAL - 2023-07-02 09:18:10 --> Unknown column 'kodeproduk' in 'field list'
in SYSTEMPATH\Database\MySQLi\Connection.php on line 295.
 1 SYSTEMPATH\Database\MySQLi\Connection.php(295): mysqli->query('SELECT RIGHT(kodeproduk,2) as iduser
FROM `tbl_produksi`
ORDER BY `iduser` DESC
 LIMIT 1', 0)
 2 SYSTEMPATH\Database\BaseConnection.php(692): CodeIgniter\Database\MySQLi\Connection->execute('SELECT RIGHT(kodeproduk,2) as iduser
FROM `tbl_produksi`
ORDER BY `iduser` DESC
 LIMIT 1')
 3 SYSTEMPATH\Database\BaseConnection.php(606): CodeIgniter\Database\BaseConnection->simpleQuery('SELECT RIGHT(kodeproduk,2) as iduser
FROM `tbl_produksi`
ORDER BY `iduser` DESC
 LIMIT 1')
 4 SYSTEMPATH\Database\BaseBuilder.php(1616): CodeIgniter\Database\BaseConnection->query('SELECT RIGHT(kodeproduk,2) as iduser
FROM `tbl_produksi`
ORDER BY `iduser` DESC
 LIMIT 1', [], false)
 5 APPPATH\Models\MProduk.php(15): CodeIgniter\Database\BaseBuilder->get()
 6 APPPATH\Controllers\Produk.php(48): App\Models\MProduk->koderandom()
 7 SYSTEMPATH\CodeIgniter.php(934): App\Controllers\Produk->simp_detail()
 8 SYSTEMPATH\CodeIgniter.php(499): CodeIgniter\CodeIgniter->runController(Object(App\Controllers\Produk))
 9 SYSTEMPATH\CodeIgniter.php(368): CodeIgniter\CodeIgniter->handleRequest(null, Object(Config\Cache), false)
10 FCPATH\index.php(67): CodeIgniter\CodeIgniter->run()
INFO - 2023-07-02 02:20:12 --> Session: Class initialized using 'CodeIgniter\Session\Handlers\FileHandler' driver.
INFO - 2023-07-02 02:20:13 --> Session: Class initialized using 'CodeIgniter\Session\Handlers\FileHandler' driver.
INFO - 2023-07-02 02:20:43 --> Session: Class initialized using 'CodeIgniter\Session\Handlers\FileHandler' driver.
INFO - 2023-07-02 02:20:44 --> Session: Class initialized using 'CodeIgniter\Session\Handlers\FileHandler' driver.
INFO - 2023-07-02 02:20:58 --> Session: Class initialized using 'CodeIgniter\Session\Handlers\FileHandler' driver.
INFO - 2023-07-02 02:21:39 --> Session: Class initialized using 'CodeIgniter\Session\Handlers\FileHandler' driver.
INFO - 2023-07-02 02:21:39 --> Session: Class initialized using 'CodeIgniter\Session\Handlers\FileHandler' driver.
INFO - 2023-07-02 02:22:19 --> Session: Class initialized using 'CodeIgniter\Session\Handlers\FileHandler' driver.
INFO - 2023-07-02 02:22:20 --> Session: Class initialized using 'CodeIgniter\Session\Handlers\FileHandler' driver.
INFO - 2023-07-02 02:22:51 --> Session: Class initialized using 'CodeIgniter\Session\Handlers\FileHandler' driver.
INFO - 2023-07-02 02:22:52 --> Session: Class initialized using 'CodeIgniter\Session\Handlers\FileHandler' driver.
CRITICAL - 2023-07-02 09:24:18 --> You must set the database table to be used with your query.
in SYSTEMPATH\Database\BaseConnection.php on line 883.
 1 SYSTEMPATH\Model.php(642): CodeIgniter\Database\BaseConnection->table(null)
 2 SYSTEMPATH\Model.php(832): CodeIgniter\Model->builder()
 3 APPPATH\Controllers\Produk.php(55): CodeIgniter\Model->__call('insert_datatemp', [...])
 4 SYSTEMPATH\CodeIgniter.php(934): App\Controllers\Produk->simp_detail()
 5 SYSTEMPATH\CodeIgniter.php(499): CodeIgniter\CodeIgniter->runController(Object(App\Controllers\Produk))
 6 SYSTEMPATH\CodeIgniter.php(368): CodeIgniter\CodeIgniter->handleRequest(null, Object(Config\Cache), false)
 7 FCPATH\index.php(67): CodeIgniter\CodeIgniter->run()
INFO - 2023-07-02 09:25:17 --> Session: Class initialized using 'CodeIgniter\Session\Handlers\FileHandler' driver.
INFO - 2023-07-02 02:25:18 --> Session: Class initialized using 'CodeIgniter\Session\Handlers\FileHandler' driver.
INFO - 2023-07-02 02:25:48 --> Session: Class initialized using 'CodeIgniter\Session\Handlers\FileHandler' driver.
INFO - 2023-07-02 02:26:17 --> Session: Class initialized using 'CodeIgniter\Session\Handlers\FileHandler' driver.
INFO - 2023-07-02 02:26:18 --> Session: Class initialized using 'CodeIgniter\Session\Handlers\FileHandler' driver.
INFO - 2023-07-02 02:26:27 --> Session: Class initialized using 'CodeIgniter\Session\Handlers\FileHandler' driver.
INFO - 2023-07-02 09:26:31 --> Session: Class initialized using 'CodeIgniter\Session\Handlers\FileHandler' driver.
INFO - 2023-07-02 02:26:32 --> Session: Class initialized using 'CodeIgniter\Session\Handlers\FileHandler' driver.
INFO - 2023-07-02 02:26:32 --> Session: Class initialized using 'CodeIgniter\Session\Handlers\FileHandler' driver.
INFO - 2023-07-02 02:28:47 --> Session: Class initialized using 'CodeIgniter\Session\Handlers\FileHandler' driver.
INFO - 2023-07-02 09:28:53 --> Session: Class initialized using 'CodeIgniter\Session\Handlers\FileHandler' driver.
INFO - 2023-07-02 02:28:53 --> Session: Class initialized using 'CodeIgniter\Session\Handlers\FileHandler' driver.
INFO - 2023-07-02 02:28:53 --> Session: Class initialized using 'CodeIgniter\Session\Handlers\FileHandler' driver.
CRITICAL - 2023-07-02 02:28:53 --> Undefined array key ""
in APPPATH\Views\Master\Produk\Add.php on line 127.
 1 APPPATH\Views\Master\Produk\Add.php(127): CodeIgniter\Debug\Exceptions->errorHandler(2, 'Undefined array key ""', 'C:\\xampp\\htdocs\\sitenun-main\\app\\Views\\Master\\Produk\\Add.php', 127)
 2 SYSTEMPATH\View\View.php(213): include('C:\\xampp\\htdocs\\sitenun-main\\app\\Views\\Master\\Produk\\Add.php')
 3 SYSTEMPATH\View\View.php(216): CodeIgniter\View\View->CodeIgniter\View\{closure}()
 4 SYSTEMPATH\Common.php(1184): CodeIgniter\View\View->render('Master/Produk/Add', [], true)
 5 APPPATH\Views\Layout\Content.php(30): view('Master/Produk/Add')
 6 SYSTEMPATH\View\View.php(213): include('C:\\xampp\\htdocs\\sitenun-main\\app\\Views\\Layout\\Content.php')
 7 SYSTEMPATH\View\View.php(216): CodeIgniter\View\View->CodeIgniter\View\{closure}()
 8 SYSTEMPATH\Common.php(1184): CodeIgniter\View\View->render('Layout/Content', [], true)
 9 APPPATH\Views\Layout\Template.php(5): view('Layout/Content')
10 SYSTEMPATH\View\View.php(213): include('C:\\xampp\\htdocs\\sitenun-main\\app\\Views\\Layout\\Template.php')
11 SYSTEMPATH\View\View.php(216): CodeIgniter\View\View->CodeIgniter\View\{closure}()
12 SYSTEMPATH\Common.php(1184): CodeIgniter\View\View->render('Layout/Template', [], true)
13 APPPATH\Controllers\Produk.php(41): view('Layout/Template', [...])
14 SYSTEMPATH\CodeIgniter.php(934): App\Controllers\Produk->tambah()
15 SYSTEMPATH\CodeIgniter.php(499): CodeIgniter\CodeIgniter->runController(Object(App\Controllers\Produk))
16 SYSTEMPATH\CodeIgniter.php(368): CodeIgniter\CodeIgniter->handleRequest(null, Object(Config\Cache), false)
17 FCPATH\index.php(67): CodeIgniter\CodeIgniter->run()
INFO - 2023-07-02 02:29:21 --> Session: Class initialized using 'CodeIgniter\Session\Handlers\FileHandler' driver.
CRITICAL - 2023-07-02 02:29:21 --> Undefined array key ""
in APPPATH\Views\Master\Produk\Add.php on line 127.
 1 APPPATH\Views\Master\Produk\Add.php(127): CodeIgniter\Debug\Exceptions->errorHandler(2, 'Undefined array key ""', 'C:\\xampp\\htdocs\\sitenun-main\\app\\Views\\Master\\Produk\\Add.php', 127)
 2 SYSTEMPATH\View\View.php(213): include('C:\\xampp\\htdocs\\sitenun-main\\app\\Views\\Master\\Produk\\Add.php')
 3 SYSTEMPATH\View\View.php(216): CodeIgniter\View\View->CodeIgniter\View\{closure}()
 4 SYSTEMPATH\Common.php(1184): CodeIgniter\View\View->render('Master/Produk/Add', [], true)
 5 APPPATH\Views\Layout\Content.php(30): view('Master/Produk/Add')
 6 SYSTEMPATH\View\View.php(213): include('C:\\xampp\\htdocs\\sitenun-main\\app\\Views\\Layout\\Content.php')
 7 SYSTEMPATH\View\View.php(216): CodeIgniter\View\View->CodeIgniter\View\{closure}()
 8 SYSTEMPATH\Common.php(1184): CodeIgniter\View\View->render('Layout/Content', [], true)
 9 APPPATH\Views\Layout\Template.php(5): view('Layout/Content')
10 SYSTEMPATH\View\View.php(213): include('C:\\xampp\\htdocs\\sitenun-main\\app\\Views\\Layout\\Template.php')
11 SYSTEMPATH\View\View.php(216): CodeIgniter\View\View->CodeIgniter\View\{closure}()
12 SYSTEMPATH\Common.php(1184): CodeIgniter\View\View->render('Layout/Template', [], true)
13 APPPATH\Controllers\Produk.php(41): view('Layout/Template', [...])
14 SYSTEMPATH\CodeIgniter.php(934): App\Controllers\Produk->tambah()
15 SYSTEMPATH\CodeIgniter.php(499): CodeIgniter\CodeIgniter->runController(Object(App\Controllers\Produk))
16 SYSTEMPATH\CodeIgniter.php(368): CodeIgniter\CodeIgniter->handleRequest(null, Object(Config\Cache), false)
17 FCPATH\index.php(67): CodeIgniter\CodeIgniter->run()
INFO - 2023-07-02 02:29:29 --> Session: Class initialized using 'CodeIgniter\Session\Handlers\FileHandler' driver.
INFO - 2023-07-02 02:29:58 --> Session: Class initialized using 'CodeIgniter\Session\Handlers\FileHandler' driver.
INFO - 2023-07-02 09:30:07 --> Session: Class initialized using 'CodeIgniter\Session\Handlers\FileHandler' driver.
INFO - 2023-07-02 02:30:07 --> Session: Class initialized using 'CodeIgniter\Session\Handlers\FileHandler' driver.
INFO - 2023-07-02 02:30:08 --> Session: Class initialized using 'CodeIgniter\Session\Handlers\FileHandler' driver.
INFO - 2023-07-02 02:30:34 --> Session: Class initialized using 'CodeIgniter\Session\Handlers\FileHandler' driver.
INFO - 2023-07-02 02:30:38 --> Session: Class initialized using 'CodeIgniter\Session\Handlers\FileHandler' driver.
INFO - 2023-07-02 02:30:49 --> Session: Class initialized using 'CodeIgniter\Session\Handlers\FileHandler' driver.
INFO - 2023-07-02 02:30:56 --> Session: Class initialized using 'CodeIgniter\Session\Handlers\FileHandler' driver.
INFO - 2023-07-02 02:31:19 --> Session: Class initialized using 'CodeIgniter\Session\Handlers\FileHandler' driver.
INFO - 2023-07-02 02:31:30 --> Session: Class initialized using 'CodeIgniter\Session\Handlers\FileHandler' driver.
INFO - 2023-07-02 02:31:41 --> Session: Class initialized using 'CodeIgniter\Session\Handlers\FileHandler' driver.
INFO - 2023-07-02 02:32:04 --> Session: Class initialized using 'CodeIgniter\Session\Handlers\FileHandler' driver.
INFO - 2023-07-02 02:32:04 --> Session: Class initialized using 'CodeIgniter\Session\Handlers\FileHandler' driver.
INFO - 2023-07-02 02:32:09 --> Session: Class initialized using 'CodeIgniter\Session\Handlers\FileHandler' driver.
INFO - 2023-07-02 02:32:17 --> Session: Class initialized using 'CodeIgniter\Session\Handlers\FileHandler' driver.
INFO - 2023-07-02 09:32:46 --> Session: Class initialized using 'CodeIgniter\Session\Handlers\FileHandler' driver.
INFO - 2023-07-02 02:32:46 --> Session: Class initialized using 'CodeIgniter\Session\Handlers\FileHandler' driver.
INFO - 2023-07-02 02:32:49 --> Session: Class initialized using 'CodeIgniter\Session\Handlers\FileHandler' driver.
INFO - 2023-07-02 02:32:54 --> Session: Class initialized using 'CodeIgniter\Session\Handlers\FileHandler' driver.
INFO - 2023-07-02 09:32:58 --> Session: Class initialized using 'CodeIgniter\Session\Handlers\FileHandler' driver.
INFO - 2023-07-02 02:32:58 --> Session: Class initialized using 'CodeIgniter\Session\Handlers\FileHandler' driver.
INFO - 2023-07-02 02:32:58 --> Session: Class initialized using 'CodeIgniter\Session\Handlers\FileHandler' driver.
INFO - 2023-07-02 02:34:54 --> Session: Class initialized using 'CodeIgniter\Session\Handlers\FileHandler' driver.
INFO - 2023-07-02 09:35:01 --> Session: Class initialized using 'CodeIgniter\Session\Handlers\FileHandler' driver.
INFO - 2023-07-02 02:35:01 --> Session: Class initialized using 'CodeIgniter\Session\Handlers\FileHandler' driver.
INFO - 2023-07-02 02:35:01 --> Session: Class initialized using 'CodeIgniter\Session\Handlers\FileHandler' driver.
INFO - 2023-07-02 02:46:40 --> Session: Class initialized using 'CodeIgniter\Session\Handlers\FileHandler' driver.
INFO - 2023-07-02 02:46:41 --> Session: Class initialized using 'CodeIgniter\Session\Handlers\FileHandler' driver.
INFO - 2023-07-02 02:46:44 --> Session: Class initialized using 'CodeIgniter\Session\Handlers\FileHandler' driver.
INFO - 2023-07-02 02:46:44 --> Session: Class initialized using 'CodeIgniter\Session\Handlers\FileHandler' driver.
INFO - 2023-07-02 02:46:50 --> Session: Class initialized using 'CodeIgniter\Session\Handlers\FileHandler' driver.
INFO - 2023-07-02 02:46:51 --> Session: Class initialized using 'CodeIgniter\Session\Handlers\FileHandler' driver.
CRITICAL - 2023-07-02 09:46:55 --> Unsupported operand types: string - string
in APPPATH\Controllers\Produk.php on line 58.
 1 SYSTEMPATH\CodeIgniter.php(934): App\Controllers\Produk->simp_detail()
 2 SYSTEMPATH\CodeIgniter.php(499): CodeIgniter\CodeIgniter->runController(Object(App\Controllers\Produk))
 3 SYSTEMPATH\CodeIgniter.php(368): CodeIgniter\CodeIgniter->handleRequest(null, Object(Config\Cache), false)
 4 FCPATH\index.php(67): CodeIgniter\CodeIgniter->run()
INFO - 2023-07-02 02:46:55 --> Session: Class initialized using 'CodeIgniter\Session\Handlers\FileHandler' driver.
INFO - 2023-07-02 02:56:41 --> Session: Class initialized using 'CodeIgniter\Session\Handlers\FileHandler' driver.
INFO - 2023-07-02 02:56:43 --> Session: Class initialized using 'CodeIgniter\Session\Handlers\FileHandler' driver.
INFO - 2023-07-02 02:56:46 --> Session: Class initialized using 'CodeIgniter\Session\Handlers\FileHandler' driver.
INFO - 2023-07-02 02:56:46 --> Session: Class initialized using 'CodeIgniter\Session\Handlers\FileHandler' driver.
INFO - 2023-07-02 02:57:34 --> Session: Class initialized using 'CodeIgniter\Session\Handlers\FileHandler' driver.
INFO - 2023-07-02 02:57:35 --> Session: Class initialized using 'CodeIgniter\Session\Handlers\FileHandler' driver.
CRITICAL - 2023-07-02 09:57:39 --> Unsupported operand types: string - string
in APPPATH\Controllers\Produk.php on line 58.
 1 SYSTEMPATH\CodeIgniter.php(934): App\Controllers\Produk->simp_detail()
 2 SYSTEMPATH\CodeIgniter.php(499): CodeIgniter\CodeIgniter->runController(Object(App\Controllers\Produk))
 3 SYSTEMPATH\CodeIgniter.php(368): CodeIgniter\CodeIgniter->handleRequest(null, Object(Config\Cache), false)
 4 FCPATH\index.php(67): CodeIgniter\CodeIgniter->run()
INFO - 2023-07-02 02:59:10 --> Session: Class initialized using 'CodeIgniter\Session\Handlers\FileHandler' driver.
INFO - 2023-07-02 02:59:11 --> Session: Class initialized using 'CodeIgniter\Session\Handlers\FileHandler' driver.
INFO - 2023-07-02 03:00:37 --> Session: Class initialized using 'CodeIgniter\Session\Handlers\FileHandler' driver.
INFO - 2023-07-02 04:39:50 --> Session: Class initialized using 'CodeIgniter\Session\Handlers\FileHandler' driver.
INFO - 2023-07-02 04:39:51 --> Session: Class initialized using 'CodeIgniter\Session\Handlers\FileHandler' driver.
INFO - 2023-07-02 04:40:09 --> Session: Class initialized using 'CodeIgniter\Session\Handlers\FileHandler' driver.
INFO - 2023-07-02 04:40:09 --> Session: Class initialized using 'CodeIgniter\Session\Handlers\FileHandler' driver.
INFO - 2023-07-02 04:40:12 --> Session: Class initialized using 'CodeIgniter\Session\Handlers\FileHandler' driver.
INFO - 2023-07-02 04:40:13 --> Session: Class initialized using 'CodeIgniter\Session\Handlers\FileHandler' driver.
INFO - 2023-07-02 04:41:50 --> Session: Class initialized using 'CodeIgniter\Session\Handlers\FileHandler' driver.
CRITICAL - 2023-07-02 11:42:00 --> Unsupported operand types: string - string
in APPPATH\Controllers\Produk.php on line 59.
 1 SYSTEMPATH\CodeIgniter.php(934): App\Controllers\Produk->simp_detail()
 2 SYSTEMPATH\CodeIgniter.php(499): CodeIgniter\CodeIgniter->runController(Object(App\Controllers\Produk))
 3 SYSTEMPATH\CodeIgniter.php(368): CodeIgniter\CodeIgniter->handleRequest(null, Object(Config\Cache), false)
 4 FCPATH\index.php(67): CodeIgniter\CodeIgniter->run()
INFO - 2023-07-02 05:02:32 --> Session: Class initialized using 'CodeIgniter\Session\Handlers\FileHandler' driver.
INFO - 2023-07-02 05:02:33 --> Session: Class initialized using 'CodeIgniter\Session\Handlers\FileHandler' driver.
INFO - 2023-07-02 05:02:35 --> Session: Class initialized using 'CodeIgniter\Session\Handlers\FileHandler' driver.
INFO - 2023-07-02 05:02:35 --> Session: Class initialized using 'CodeIgniter\Session\Handlers\FileHandler' driver.
INFO - 2023-07-02 05:14:21 --> Session: Class initialized using 'CodeIgniter\Session\Handlers\FileHandler' driver.
INFO - 2023-07-02 05:14:22 --> Session: Class initialized using 'CodeIgniter\Session\Handlers\FileHandler' driver.
INFO - 2023-07-02 05:14:24 --> Session: Class initialized using 'CodeIgniter\Session\Handlers\FileHandler' driver.
INFO - 2023-07-02 05:14:24 --> Session: Class initialized using 'CodeIgniter\Session\Handlers\FileHandler' driver.
INFO - 2023-07-02 05:14:27 --> Session: Class initialized using 'CodeIgniter\Session\Handlers\FileHandler' driver.
INFO - 2023-07-02 05:14:28 --> Session: Class initialized using 'CodeIgniter\Session\Handlers\FileHandler' driver.
INFO - 2023-07-02 05:16:19 --> Session: Class initialized using 'CodeIgniter\Session\Handlers\FileHandler' driver.
INFO - 2023-07-02 05:19:48 --> Session: Class initialized using 'CodeIgniter\Session\Handlers\FileHandler' driver.
INFO - 2023-07-02 05:24:40 --> Session: Class initialized using 'CodeIgniter\Session\Handlers\FileHandler' driver.
INFO - 2023-07-02 05:25:58 --> Session: Class initialized using 'CodeIgniter\Session\Handlers\FileHandler' driver.
INFO - 2023-07-02 05:26:04 --> Session: Class initialized using 'CodeIgniter\Session\Handlers\FileHandler' driver.
INFO - 2023-07-02 05:27:28 --> Session: Class initialized using 'CodeIgniter\Session\Handlers\FileHandler' driver.
INFO - 2023-07-02 12:27:32 --> Session: Class initialized using 'CodeIgniter\Session\Handlers\FileHandler' driver.
INFO - 2023-07-02 05:27:33 --> Session: Class initialized using 'CodeIgniter\Session\Handlers\FileHandler' driver.
INFO - 2023-07-02 05:29:19 --> Session: Class initialized using 'CodeIgniter\Session\Handlers\FileHandler' driver.
INFO - 2023-07-02 05:29:40 --> Session: Class initialized using 'CodeIgniter\Session\Handlers\FileHandler' driver.
INFO - 2023-07-02 12:29:45 --> Session: Class initialized using 'CodeIgniter\Session\Handlers\FileHandler' driver.
INFO - 2023-07-02 05:29:45 --> Session: Class initialized using 'CodeIgniter\Session\Handlers\FileHandler' driver.
INFO - 2023-07-02 05:31:05 --> Session: Class initialized using 'CodeIgniter\Session\Handlers\FileHandler' driver.
INFO - 2023-07-02 05:31:23 --> Session: Class initialized using 'CodeIgniter\Session\Handlers\FileHandler' driver.
INFO - 2023-07-02 05:31:24 --> Session: Class initialized using 'CodeIgniter\Session\Handlers\FileHandler' driver.
INFO - 2023-07-02 05:31:36 --> Session: Class initialized using 'CodeIgniter\Session\Handlers\FileHandler' driver.
INFO - 2023-07-02 05:31:44 --> Session: Class initialized using 'CodeIgniter\Session\Handlers\FileHandler' driver.
INFO - 2023-07-02 05:31:46 --> Session: Class initialized using 'CodeIgniter\Session\Handlers\FileHandler' driver.
INFO - 2023-07-02 05:31:48 --> Session: Class initialized using 'CodeIgniter\Session\Handlers\FileHandler' driver.
INFO - 2023-07-02 05:31:49 --> Session: Class initialized using 'CodeIgniter\Session\Handlers\FileHandler' driver.
INFO - 2023-07-02 05:32:05 --> Session: Class initialized using 'CodeIgniter\Session\Handlers\FileHandler' driver.
INFO - 2023-07-02 05:32:25 --> Session: Class initialized using 'CodeIgniter\Session\Handlers\FileHandler' driver.
INFO - 2023-07-02 05:32:36 --> Session: Class initialized using 'CodeIgniter\Session\Handlers\FileHandler' driver.
INFO - 2023-07-02 05:32:47 --> Session: Class initialized using 'CodeIgniter\Session\Handlers\FileHandler' driver.
INFO - 2023-07-02 05:32:54 --> Session: Class initialized using 'CodeIgniter\Session\Handlers\FileHandler' driver.
INFO - 2023-07-02 05:33:00 --> Session: Class initialized using 'CodeIgniter\Session\Handlers\FileHandler' driver.
INFO - 2023-07-02 05:33:56 --> Session: Class initialized using 'CodeIgniter\Session\Handlers\FileHandler' driver.
INFO - 2023-07-02 05:33:57 --> Session: Class initialized using 'CodeIgniter\Session\Handlers\FileHandler' driver.
INFO - 2023-07-02 05:34:09 --> Session: Class initialized using 'CodeIgniter\Session\Handlers\FileHandler' driver.
INFO - 2023-07-02 05:34:32 --> Session: Class initialized using 'CodeIgniter\Session\Handlers\FileHandler' driver.
INFO - 2023-07-02 05:34:36 --> Session: Class initialized using 'CodeIgniter\Session\Handlers\FileHandler' driver.
INFO - 2023-07-02 05:41:01 --> Session: Class initialized using 'CodeIgniter\Session\Handlers\FileHandler' driver.
INFO - 2023-07-02 05:41:02 --> Session: Class initialized using 'CodeIgniter\Session\Handlers\FileHandler' driver.
INFO - 2023-07-02 05:45:34 --> Session: Class initialized using 'CodeIgniter\Session\Handlers\FileHandler' driver.
INFO - 2023-07-02 05:46:43 --> Session: Class initialized using 'CodeIgniter\Session\Handlers\FileHandler' driver.
INFO - 2023-07-02 05:46:44 --> Session: Class initialized using 'CodeIgniter\Session\Handlers\FileHandler' driver.
INFO - 2023-07-02 05:47:16 --> Session: Class initialized using 'CodeIgniter\Session\Handlers\FileHandler' driver.
INFO - 2023-07-02 05:47:17 --> Session: Class initialized using 'CodeIgniter\Session\Handlers\FileHandler' driver.
INFO - 2023-07-02 05:47:33 --> Session: Class initialized using 'CodeIgniter\Session\Handlers\FileHandler' driver.
INFO - 2023-07-02 05:48:48 --> Session: Class initialized using 'CodeIgniter\Session\Handlers\FileHandler' driver.
INFO - 2023-07-02 05:48:48 --> Session: Class initialized using 'CodeIgniter\Session\Handlers\FileHandler' driver.
INFO - 2023-07-02 12:48:54 --> Session: Class initialized using 'CodeIgniter\Session\Handlers\FileHandler' driver.
INFO - 2023-07-02 06:02:00 --> Session: Class initialized using 'CodeIgniter\Session\Handlers\FileHandler' driver.
INFO - 2023-07-02 06:02:01 --> Session: Class initialized using 'CodeIgniter\Session\Handlers\FileHandler' driver.
INFO - 2023-07-02 06:02:04 --> Session: Class initialized using 'CodeIgniter\Session\Handlers\FileHandler' driver.
INFO - 2023-07-02 06:02:04 --> Session: Class initialized using 'CodeIgniter\Session\Handlers\FileHandler' driver.
INFO - 2023-07-02 06:02:09 --> Session: Class initialized using 'CodeIgniter\Session\Handlers\FileHandler' driver.
INFO - 2023-07-02 06:02:11 --> Session: Class initialized using 'CodeIgniter\Session\Handlers\FileHandler' driver.
INFO - 2023-07-02 06:03:11 --> Session: Class initialized using 'CodeIgniter\Session\Handlers\FileHandler' driver.
INFO - 2023-07-02 06:03:43 --> Session: Class initialized using 'CodeIgniter\Session\Handlers\FileHandler' driver.
INFO - 2023-07-02 06:03:56 --> Session: Class initialized using 'CodeIgniter\Session\Handlers\FileHandler' driver.
INFO - 2023-07-02 06:04:27 --> Session: Class initialized using 'CodeIgniter\Session\Handlers\FileHandler' driver.
INFO - 2023-07-02 06:04:47 --> Session: Class initialized using 'CodeIgniter\Session\Handlers\FileHandler' driver.
INFO - 2023-07-02 06:08:14 --> Session: Class initialized using 'CodeIgniter\Session\Handlers\FileHandler' driver.
INFO - 2023-07-02 06:12:23 --> Session: Class initialized using 'CodeIgniter\Session\Handlers\FileHandler' driver.
INFO - 2023-07-02 06:13:04 --> Session: Class initialized using 'CodeIgniter\Session\Handlers\FileHandler' driver.
INFO - 2023-07-02 06:31:37 --> Session: Class initialized using 'CodeIgniter\Session\Handlers\FileHandler' driver.
INFO - 2023-07-02 06:31:39 --> Session: Class initialized using 'CodeIgniter\Session\Handlers\FileHandler' driver.
INFO - 2023-07-02 06:31:41 --> Session: Class initialized using 'CodeIgniter\Session\Handlers\FileHandler' driver.
INFO - 2023-07-02 06:31:41 --> Session: Class initialized using 'CodeIgniter\Session\Handlers\FileHandler' driver.
INFO - 2023-07-02 06:31:44 --> Session: Class initialized using 'CodeIgniter\Session\Handlers\FileHandler' driver.
INFO - 2023-07-02 06:31:44 --> Session: Class initialized using 'CodeIgniter\Session\Handlers\FileHandler' driver.
INFO - 2023-07-02 06:31:52 --> Session: Class initialized using 'CodeIgniter\Session\Handlers\FileHandler' driver.
INFO - 2023-07-02 06:31:52 --> Session: Class initialized using 'CodeIgniter\Session\Handlers\FileHandler' driver.
INFO - 2023-07-02 06:45:26 --> Session: Class initialized using 'CodeIgniter\Session\Handlers\FileHandler' driver.
INFO - 2023-07-02 06:45:27 --> Session: Class initialized using 'CodeIgniter\Session\Handlers\FileHandler' driver.
INFO - 2023-07-02 06:45:30 --> Session: Class initialized using 'CodeIgniter\Session\Handlers\FileHandler' driver.
INFO - 2023-07-02 06:45:30 --> Session: Class initialized using 'CodeIgniter\Session\Handlers\FileHandler' driver.
INFO - 2023-07-02 06:45:37 --> Session: Class initialized using 'CodeIgniter\Session\Handlers\FileHandler' driver.
INFO - 2023-07-02 06:45:38 --> Session: Class initialized using 'CodeIgniter\Session\Handlers\FileHandler' driver.
INFO - 2023-07-02 06:46:12 --> Session: Class initialized using 'CodeIgniter\Session\Handlers\FileHandler' driver.
INFO - 2023-07-02 06:47:38 --> Session: Class initialized using 'CodeIgniter\Session\Handlers\FileHandler' driver.
INFO - 2023-07-02 06:51:10 --> Session: Class initialized using 'CodeIgniter\Session\Handlers\FileHandler' driver.
INFO - 2023-07-02 06:51:10 --> Session: Class initialized using 'CodeIgniter\Session\Handlers\FileHandler' driver.
INFO - 2023-07-02 06:52:45 --> Session: Class initialized using 'CodeIgniter\Session\Handlers\FileHandler' driver.
INFO - 2023-07-02 06:54:01 --> Session: Class initialized using 'CodeIgniter\Session\Handlers\FileHandler' driver.
INFO - 2023-07-02 06:55:07 --> Session: Class initialized using 'CodeIgniter\Session\Handlers\FileHandler' driver.
INFO - 2023-07-02 06:55:08 --> Session: Class initialized using 'CodeIgniter\Session\Handlers\FileHandler' driver.
INFO - 2023-07-02 06:55:21 --> Session: Class initialized using 'CodeIgniter\Session\Handlers\FileHandler' driver.
INFO - 2023-07-02 06:56:29 --> Session: Class initialized using 'CodeIgniter\Session\Handlers\FileHandler' driver.
INFO - 2023-07-02 06:58:07 --> Session: Class initialized using 'CodeIgniter\Session\Handlers\FileHandler' driver.
INFO - 2023-07-02 06:58:08 --> Session: Class initialized using 'CodeIgniter\Session\Handlers\FileHandler' driver.
INFO - 2023-07-02 13:58:14 --> Session: Class initialized using 'CodeIgniter\Session\Handlers\FileHandler' driver.
INFO - 2023-07-02 06:58:14 --> Session: Class initialized using 'CodeIgniter\Session\Handlers\FileHandler' driver.
INFO - 2023-07-02 06:59:01 --> Session: Class initialized using 'CodeIgniter\Session\Handlers\FileHandler' driver.
INFO - 2023-07-02 13:59:07 --> Session: Class initialized using 'CodeIgniter\Session\Handlers\FileHandler' driver.
INFO - 2023-07-02 06:59:07 --> Session: Class initialized using 'CodeIgniter\Session\Handlers\FileHandler' driver.
INFO - 2023-07-02 06:59:17 --> Session: Class initialized using 'CodeIgniter\Session\Handlers\FileHandler' driver.
INFO - 2023-07-02 06:59:54 --> Session: Class initialized using 'CodeIgniter\Session\Handlers\FileHandler' driver.
ERROR - 2023-07-02 06:59:56 --> mysqli_sql_exception: Unknown column 'kode_produksi' in 'where clause' in C:\xampp\htdocs\sitenun-main\system\Database\MySQLi\Connection.php:295
Stack trace:
#0 C:\xampp\htdocs\sitenun-main\system\Database\MySQLi\Connection.php(295): mysqli->query('DELETE FROM `tb...', 0)
#1 C:\xampp\htdocs\sitenun-main\system\Database\BaseConnection.php(692): CodeIgniter\Database\MySQLi\Connection->execute('DELETE FROM `tb...')
#2 C:\xampp\htdocs\sitenun-main\system\Database\BaseConnection.php(606): CodeIgniter\Database\BaseConnection->simpleQuery('DELETE FROM `tb...')
#3 C:\xampp\htdocs\sitenun-main\system\Database\BaseBuilder.php(2791): CodeIgniter\Database\BaseConnection->query('DELETE FROM `tb...', Array, false)
#4 C:\xampp\htdocs\sitenun-main\app\Models\MProduk.php(67): CodeIgniter\Database\BaseBuilder->delete(Array)
#5 C:\xampp\htdocs\sitenun-main\app\Controllers\Produk.php(280): App\Models\MProduk->hapus_detail('BB-03', '3')
#6 C:\xampp\htdocs\sitenun-main\system\CodeIgniter.php(934): App\Controllers\Produk->delete_bahanbaku('BB-03', '2', '8', '3')
#7 C:\xampp\htdocs\sitenun-main\system\CodeIgniter.php(499): CodeIgniter\CodeIgniter->runController(Object(App\Controllers\Produk))
#8 C:\xampp\htdocs\sitenun-main\system\CodeIgniter.php(368): CodeIgniter\CodeIgniter->handleRequest(NULL, Object(Config\Cache), false)
#9 C:\xampp\htdocs\sitenun-main\public\index.php(67): CodeIgniter\CodeIgniter->run()
#10 {main}
CRITICAL - 2023-07-02 06:59:56 --> Unknown column 'kode_produksi' in 'where clause'
in SYSTEMPATH\Database\MySQLi\Connection.php on line 295.
 1 SYSTEMPATH\Database\MySQLi\Connection.php(295): mysqli->query('DELETE FROM `tbl_produksi_detail`
WHERE `kode_produksi` = \'BB-03\'
AND `id` = \'3\'', 0)
 2 SYSTEMPATH\Database\BaseConnection.php(692): CodeIgniter\Database\MySQLi\Connection->execute('DELETE FROM `tbl_produksi_detail`
WHERE `kode_produksi` = \'BB-03\'
AND `id` = \'3\'')
 3 SYSTEMPATH\Database\BaseConnection.php(606): CodeIgniter\Database\BaseConnection->simpleQuery('DELETE FROM `tbl_produksi_detail`
WHERE `kode_produksi` = \'BB-03\'
AND `id` = \'3\'')
 4 SYSTEMPATH\Database\BaseBuilder.php(2791): CodeIgniter\Database\BaseConnection->query('DELETE FROM `tbl_produksi_detail`
WHERE `kode_produksi` = :kode_produksi:
AND `id` = :id:', [...], false)
 5 APPPATH\Models\MProduk.php(67): CodeIgniter\Database\BaseBuilder->delete([...])
 6 APPPATH\Controllers\Produk.php(280): App\Models\MProduk->hapus_detail('BB-03', '3')
 7 SYSTEMPATH\CodeIgniter.php(934): App\Controllers\Produk->delete_bahanbaku('BB-03', '2', '8', '3')
 8 SYSTEMPATH\CodeIgniter.php(499): CodeIgniter\CodeIgniter->runController(Object(App\Controllers\Produk))
 9 SYSTEMPATH\CodeIgniter.php(368): CodeIgniter\CodeIgniter->handleRequest(null, Object(Config\Cache), false)
10 FCPATH\index.php(67): CodeIgniter\CodeIgniter->run()
INFO - 2023-07-02 07:00:52 --> Session: Class initialized using 'CodeIgniter\Session\Handlers\FileHandler' driver.
INFO - 2023-07-02 07:00:52 --> Session: Class initialized using 'CodeIgniter\Session\Handlers\FileHandler' driver.
INFO - 2023-07-02 07:02:14 --> Session: Class initialized using 'CodeIgniter\Session\Handlers\FileHandler' driver.
INFO - 2023-07-02 07:02:28 --> Session: Class initialized using 'CodeIgniter\Session\Handlers\FileHandler' driver.
INFO - 2023-07-02 07:02:41 --> Session: Class initialized using 'CodeIgniter\Session\Handlers\FileHandler' driver.
INFO - 2023-07-02 07:02:41 --> Session: Class initialized using 'CodeIgniter\Session\Handlers\FileHandler' driver.
INFO - 2023-07-02 07:02:44 --> Session: Class initialized using 'CodeIgniter\Session\Handlers\FileHandler' driver.
INFO - 2023-07-02 07:02:44 --> Session: Class initialized using 'CodeIgniter\Session\Handlers\FileHandler' driver.
INFO - 2023-07-02 07:21:05 --> Session: Class initialized using 'CodeIgniter\Session\Handlers\FileHandler' driver.
INFO - 2023-07-02 07:21:06 --> Session: Class initialized using 'CodeIgniter\Session\Handlers\FileHandler' driver.
INFO - 2023-07-02 07:21:08 --> Session: Class initialized using 'CodeIgniter\Session\Handlers\FileHandler' driver.
INFO - 2023-07-02 07:21:08 --> Session: Class initialized using 'CodeIgniter\Session\Handlers\FileHandler' driver.
INFO - 2023-07-02 07:21:12 --> Session: Class initialized using 'CodeIgniter\Session\Handlers\FileHandler' driver.
INFO - 2023-07-02 07:21:13 --> Session: Class initialized using 'CodeIgniter\Session\Handlers\FileHandler' driver.
INFO - 2023-07-02 07:23:54 --> Session: Class initialized using 'CodeIgniter\Session\Handlers\FileHandler' driver.
INFO - 2023-07-02 07:26:27 --> Session: Class initialized using 'CodeIgniter\Session\Handlers\FileHandler' driver.
INFO - 2023-07-02 07:26:59 --> Session: Class initialized using 'CodeIgniter\Session\Handlers\FileHandler' driver.
INFO - 2023-07-02 07:27:12 --> Session: Class initialized using 'CodeIgniter\Session\Handlers\FileHandler' driver.
INFO - 2023-07-02 07:27:43 --> Session: Class initialized using 'CodeIgniter\Session\Handlers\FileHandler' driver.
INFO - 2023-07-02 07:29:17 --> Session: Class initialized using 'CodeIgniter\Session\Handlers\FileHandler' driver.
INFO - 2023-07-02 07:29:28 --> Session: Class initialized using 'CodeIgniter\Session\Handlers\FileHandler' driver.
INFO - 2023-07-02 07:29:36 --> Session: Class initialized using 'CodeIgniter\Session\Handlers\FileHandler' driver.
INFO - 2023-07-02 07:30:12 --> Session: Class initialized using 'CodeIgniter\Session\Handlers\FileHandler' driver.
INFO - 2023-07-02 07:30:18 --> Session: Class initialized using 'CodeIgniter\Session\Handlers\FileHandler' driver.
INFO - 2023-07-02 07:34:29 --> Session: Class initialized using 'CodeIgniter\Session\Handlers\FileHandler' driver.
INFO - 2023-07-02 07:48:34 --> Session: Class initialized using 'CodeIgniter\Session\Handlers\FileHandler' driver.
INFO - 2023-07-02 07:48:35 --> Session: Class initialized using 'CodeIgniter\Session\Handlers\FileHandler' driver.
INFO - 2023-07-02 07:48:39 --> Session: Class initialized using 'CodeIgniter\Session\Handlers\FileHandler' driver.
INFO - 2023-07-02 07:48:39 --> Session: Class initialized using 'CodeIgniter\Session\Handlers\FileHandler' driver.
INFO - 2023-07-02 07:48:40 --> Session: Class initialized using 'CodeIgniter\Session\Handlers\FileHandler' driver.
INFO - 2023-07-02 07:48:41 --> Session: Class initialized using 'CodeIgniter\Session\Handlers\FileHandler' driver.
INFO - 2023-07-02 14:49:42 --> Session: Class initialized using 'CodeIgniter\Session\Handlers\FileHandler' driver.
INFO - 2023-07-02 07:49:42 --> Session: Class initialized using 'CodeIgniter\Session\Handlers\FileHandler' driver.
INFO - 2023-07-02 14:49:53 --> Session: Class initialized using 'CodeIgniter\Session\Handlers\FileHandler' driver.
INFO - 2023-07-02 07:49:53 --> Session: Class initialized using 'CodeIgniter\Session\Handlers\FileHandler' driver.
CRITICAL - 2023-07-02 14:50:08 --> Unsupported operand types: string - string
in APPPATH\Controllers\Produk.php on line 51.
 1 SYSTEMPATH\CodeIgniter.php(934): App\Controllers\Produk->simp_detail()
 2 SYSTEMPATH\CodeIgniter.php(499): CodeIgniter\CodeIgniter->runController(Object(App\Controllers\Produk))
 3 SYSTEMPATH\CodeIgniter.php(368): CodeIgniter\CodeIgniter->handleRequest(null, Object(Config\Cache), false)
 4 FCPATH\index.php(67): CodeIgniter\CodeIgniter->run()
INFO - 2023-07-02 07:50:51 --> Session: Class initialized using 'CodeIgniter\Session\Handlers\FileHandler' driver.
INFO - 2023-07-02 08:02:17 --> Session: Class initialized using 'CodeIgniter\Session\Handlers\FileHandler' driver.
INFO - 2023-07-02 08:02:18 --> Session: Class initialized using 'CodeIgniter\Session\Handlers\FileHandler' driver.
INFO - 2023-07-02 08:02:20 --> Session: Class initialized using 'CodeIgniter\Session\Handlers\FileHandler' driver.
INFO - 2023-07-02 08:02:21 --> Session: Class initialized using 'CodeIgniter\Session\Handlers\FileHandler' driver.
INFO - 2023-07-02 08:02:23 --> Session: Class initialized using 'CodeIgniter\Session\Handlers\FileHandler' driver.
INFO - 2023-07-02 08:02:24 --> Session: Class initialized using 'CodeIgniter\Session\Handlers\FileHandler' driver.
INFO - 2023-07-02 08:26:47 --> Session: Class initialized using 'CodeIgniter\Session\Handlers\FileHandler' driver.
INFO - 2023-07-02 08:26:48 --> Session: Class initialized using 'CodeIgniter\Session\Handlers\FileHandler' driver.
INFO - 2023-07-02 08:26:51 --> Session: Class initialized using 'CodeIgniter\Session\Handlers\FileHandler' driver.
INFO - 2023-07-02 08:26:51 --> Session: Class initialized using 'CodeIgniter\Session\Handlers\FileHandler' driver.
INFO - 2023-07-02 08:26:53 --> Session: Class initialized using 'CodeIgniter\Session\Handlers\FileHandler' driver.
INFO - 2023-07-02 08:26:53 --> Session: Class initialized using 'CodeIgniter\Session\Handlers\FileHandler' driver.
ERROR - 2023-07-02 15:27:14 --> mysqli_sql_exception: Unknown column 'kodeproduk' in 'field list' in C:\xampp\htdocs\sitenun-main\system\Database\MySQLi\Connection.php:295
Stack trace:
#0 C:\xampp\htdocs\sitenun-main\system\Database\MySQLi\Connection.php(295): mysqli->query('INSERT INTO `tb...', 0)
#1 C:\xampp\htdocs\sitenun-main\system\Database\BaseConnection.php(692): CodeIgniter\Database\MySQLi\Connection->execute('INSERT INTO `tb...')
#2 C:\xampp\htdocs\sitenun-main\system\Database\BaseConnection.php(606): CodeIgniter\Database\BaseConnection->simpleQuery('INSERT INTO `tb...')
#3 C:\xampp\htdocs\sitenun-main\system\Database\BaseBuilder.php(2309): CodeIgniter\Database\BaseConnection->query('INSERT INTO `tb...', Array, false)
#4 C:\xampp\htdocs\sitenun-main\app\Models\MProduk.php(56): CodeIgniter\Database\BaseBuilder->insert(Array)
#5 C:\xampp\htdocs\sitenun-main\app\Controllers\Produk.php(134): App\Models\MProduk->insert_data(Array)
#6 C:\xampp\htdocs\sitenun-main\system\CodeIgniter.php(934): App\Controllers\Produk->add()
#7 C:\xampp\htdocs\sitenun-main\system\CodeIgniter.php(499): CodeIgniter\CodeIgniter->runController(Object(App\Controllers\Produk))
#8 C:\xampp\htdocs\sitenun-main\system\CodeIgniter.php(368): CodeIgniter\CodeIgniter->handleRequest(NULL, Object(Config\Cache), false)
#9 C:\xampp\htdocs\sitenun-main\public\index.php(67): CodeIgniter\CodeIgniter->run()
#10 {main}
CRITICAL - 2023-07-02 15:27:14 --> Unknown column 'kodeproduk' in 'field list'
in SYSTEMPATH\Database\MySQLi\Connection.php on line 295.
 1 SYSTEMPATH\Database\MySQLi\Connection.php(295): mysqli->query('INSERT INTO `tbl_produksi` (`kodeproduk`, `kode_jenis_motif`, `harga_produk`, `satuan_produk`, `jumlah_produk`, `gambarproduk`, `created_at`) VALUES (\'PR-01\', \'PR-07\', \'50000\', \'Meter\', \'10\', \'motif_saluak_laka.jpg\', \'2023-07-02:15:27:14\')', 0)
 2 SYSTEMPATH\Database\BaseConnection.php(692): CodeIgniter\Database\MySQLi\Connection->execute('INSERT INTO `tbl_produksi` (`kodeproduk`, `kode_jenis_motif`, `harga_produk`, `satuan_produk`, `jumlah_produk`, `gambarproduk`, `created_at`) VALUES (\'PR-01\', \'PR-07\', \'50000\', \'Meter\', \'10\', \'motif_saluak_laka.jpg\', \'2023-07-02:15:27:14\')')
 3 SYSTEMPATH\Database\BaseConnection.php(606): CodeIgniter\Database\BaseConnection->simpleQuery('INSERT INTO `tbl_produksi` (`kodeproduk`, `kode_jenis_motif`, `harga_produk`, `satuan_produk`, `jumlah_produk`, `gambarproduk`, `created_at`) VALUES (\'PR-01\', \'PR-07\', \'50000\', \'Meter\', \'10\', \'motif_saluak_laka.jpg\', \'2023-07-02:15:27:14\')')
 4 SYSTEMPATH\Database\BaseBuilder.php(2309): CodeIgniter\Database\BaseConnection->query('INSERT INTO `tbl_produksi` (`kodeproduk`, `kode_jenis_motif`, `harga_produk`, `satuan_produk`, `jumlah_produk`, `gambarproduk`, `created_at`) VALUES (:kodeproduk:, :kode_jenis_motif:, :harga_produk:, :satuan_produk:, :jumlah_produk:, :gambarproduk:, :created_at:)', [...], false)
 5 APPPATH\Models\MProduk.php(56): CodeIgniter\Database\BaseBuilder->insert([...])
 6 APPPATH\Controllers\Produk.php(134): App\Models\MProduk->insert_data([...])
 7 SYSTEMPATH\CodeIgniter.php(934): App\Controllers\Produk->add()
 8 SYSTEMPATH\CodeIgniter.php(499): CodeIgniter\CodeIgniter->runController(Object(App\Controllers\Produk))
 9 SYSTEMPATH\CodeIgniter.php(368): CodeIgniter\CodeIgniter->handleRequest(null, Object(Config\Cache), false)
10 FCPATH\index.php(67): CodeIgniter\CodeIgniter->run()
INFO - 2023-07-02 15:38:39 --> Session: Class initialized using 'CodeIgniter\Session\Handlers\FileHandler' driver.
INFO - 2023-07-02 08:38:40 --> Session: Class initialized using 'CodeIgniter\Session\Handlers\FileHandler' driver.
INFO - 2023-07-02 08:39:36 --> Session: Class initialized using 'CodeIgniter\Session\Handlers\FileHandler' driver.
INFO - 2023-07-02 08:39:38 --> Session: Class initialized using 'CodeIgniter\Session\Handlers\FileHandler' driver.
INFO - 2023-07-02 08:39:38 --> Session: Class initialized using 'CodeIgniter\Session\Handlers\FileHandler' driver.
INFO - 2023-07-02 08:39:40 --> Session: Class initialized using 'CodeIgniter\Session\Handlers\FileHandler' driver.
CRITICAL - 2023-07-02 08:39:40 --> Undefined array key "namaproduk"
in APPPATH\Views\Master\Produk\Data.php on line 42.
 1 APPPATH\Views\Master\Produk\Data.php(42): CodeIgniter\Debug\Exceptions->errorHandler(2, 'Undefined array key "namaproduk"', 'C:\\xampp\\htdocs\\sitenun-main\\app\\Views\\Master\\Produk\\Data.php', 42)
 2 SYSTEMPATH\View\View.php(213): include('C:\\xampp\\htdocs\\sitenun-main\\app\\Views\\Master\\Produk\\Data.php')
 3 SYSTEMPATH\View\View.php(216): CodeIgniter\View\View->CodeIgniter\View\{closure}()
 4 SYSTEMPATH\Common.php(1184): CodeIgniter\View\View->render('Master/Produk/Data', [], true)
 5 APPPATH\Views\Layout\Content.php(30): view('Master/Produk/Data')
 6 SYSTEMPATH\View\View.php(213): include('C:\\xampp\\htdocs\\sitenun-main\\app\\Views\\Layout\\Content.php')
 7 SYSTEMPATH\View\View.php(216): CodeIgniter\View\View->CodeIgniter\View\{closure}()
 8 SYSTEMPATH\Common.php(1184): CodeIgniter\View\View->render('Layout/Content', [], true)
 9 APPPATH\Views\Layout\Template.php(5): view('Layout/Content')
10 SYSTEMPATH\View\View.php(213): include('C:\\xampp\\htdocs\\sitenun-main\\app\\Views\\Layout\\Template.php')
11 SYSTEMPATH\View\View.php(216): CodeIgniter\View\View->CodeIgniter\View\{closure}()
12 SYSTEMPATH\Common.php(1184): CodeIgniter\View\View->render('Layout/Template', [], true)
13 APPPATH\Controllers\Produk.php(23): view('Layout/Template', [...])
14 SYSTEMPATH\CodeIgniter.php(934): App\Controllers\Produk->index()
15 SYSTEMPATH\CodeIgniter.php(499): CodeIgniter\CodeIgniter->runController(Object(App\Controllers\Produk))
16 SYSTEMPATH\CodeIgniter.php(368): CodeIgniter\CodeIgniter->handleRequest(null, Object(Config\Cache), false)
17 FCPATH\index.php(67): CodeIgniter\CodeIgniter->run()
INFO - 2023-07-02 08:50:12 --> Session: Class initialized using 'CodeIgniter\Session\Handlers\FileHandler' driver.
INFO - 2023-07-02 08:50:14 --> Session: Class initialized using 'CodeIgniter\Session\Handlers\FileHandler' driver.
INFO - 2023-07-02 08:50:18 --> Session: Class initialized using 'CodeIgniter\Session\Handlers\FileHandler' driver.
INFO - 2023-07-02 08:50:18 --> Session: Class initialized using 'CodeIgniter\Session\Handlers\FileHandler' driver.
INFO - 2023-07-02 08:52:59 --> Session: Class initialized using 'CodeIgniter\Session\Handlers\FileHandler' driver.
ERROR - 2023-07-02 08:52:59 --> mysqli_sql_exception: You have an error in your SQL syntax; check the manual that corresponds to your MariaDB server version for the right syntax to use near ')' at line 3 in C:\xampp\htdocs\sitenun-main\system\Database\MySQLi\Connection.php:295
Stack trace:
#0 C:\xampp\htdocs\sitenun-main\system\Database\MySQLi\Connection.php(295): mysqli->query('SELECT *\nFROM `...', 0)
#1 C:\xampp\htdocs\sitenun-main\system\Database\BaseConnection.php(692): CodeIgniter\Database\MySQLi\Connection->execute('SELECT *\nFROM `...')
#2 C:\xampp\htdocs\sitenun-main\system\Database\BaseConnection.php(606): CodeIgniter\Database\BaseConnection->simpleQuery('SELECT *\nFROM `...')
#3 C:\xampp\htdocs\sitenun-main\system\Database\BaseBuilder.php(1616): CodeIgniter\Database\BaseConnection->query('SELECT *\nFROM `...', Array, false)
#4 C:\xampp\htdocs\sitenun-main\app\Models\MProduk.php(33): CodeIgniter\Database\BaseBuilder->get()
#5 C:\xampp\htdocs\sitenun-main\app\Controllers\Produk.php(20): App\Models\MProduk->getAlldata()
#6 C:\xampp\htdocs\sitenun-main\system\CodeIgniter.php(934): App\Controllers\Produk->index()
#7 C:\xampp\htdocs\sitenun-main\system\CodeIgniter.php(499): CodeIgniter\CodeIgniter->runController(Object(App\Controllers\Produk))
#8 C:\xampp\htdocs\sitenun-main\system\CodeIgniter.php(368): CodeIgniter\CodeIgniter->handleRequest(NULL, Object(Config\Cache), false)
#9 C:\xampp\htdocs\sitenun-main\public\index.php(67): CodeIgniter\CodeIgniter->run()
#10 {main}
CRITICAL - 2023-07-02 08:52:59 --> You have an error in your SQL syntax; check the manual that corresponds to your MariaDB server version for the right syntax to use near ')' at line 3
in SYSTEMPATH\Database\MySQLi\Connection.php on line 295.
 1 SYSTEMPATH\Database\MySQLi\Connection.php(295): mysqli->query('SELECT *
FROM `tbl_produksi`
JOIN `tbl_jenis_tenun` USING ()', 0)
 2 SYSTEMPATH\Database\BaseConnection.php(692): CodeIgniter\Database\MySQLi\Connection->execute('SELECT *
FROM `tbl_produksi`
JOIN `tbl_jenis_tenun` USING ()')
 3 SYSTEMPATH\Database\BaseConnection.php(606): CodeIgniter\Database\BaseConnection->simpleQuery('SELECT *
FROM `tbl_produksi`
JOIN `tbl_jenis_tenun` USING ()')
 4 SYSTEMPATH\Database\BaseBuilder.php(1616): CodeIgniter\Database\BaseConnection->query('SELECT *
FROM `tbl_produksi`
JOIN `tbl_jenis_tenun` USING ()', [], false)
 5 APPPATH\Models\MProduk.php(33): CodeIgniter\Database\BaseBuilder->get()
 6 APPPATH\Controllers\Produk.php(20): App\Models\MProduk->getAlldata()
 7 SYSTEMPATH\CodeIgniter.php(934): App\Controllers\Produk->index()
 8 SYSTEMPATH\CodeIgniter.php(499): CodeIgniter\CodeIgniter->runController(Object(App\Controllers\Produk))
 9 SYSTEMPATH\CodeIgniter.php(368): CodeIgniter\CodeIgniter->handleRequest(null, Object(Config\Cache), false)
10 FCPATH\index.php(67): CodeIgniter\CodeIgniter->run()
INFO - 2023-07-02 08:54:07 --> Session: Class initialized using 'CodeIgniter\Session\Handlers\FileHandler' driver.
CRITICAL - 2023-07-02 08:54:07 --> Undefined array key "jumlahproduk"
in APPPATH\Views\Master\Produk\Data.php on line 43.
 1 APPPATH\Views\Master\Produk\Data.php(43): CodeIgniter\Debug\Exceptions->errorHandler(2, 'Undefined array key "jumlahproduk"', 'C:\\xampp\\htdocs\\sitenun-main\\app\\Views\\Master\\Produk\\Data.php', 43)
 2 SYSTEMPATH\View\View.php(213): include('C:\\xampp\\htdocs\\sitenun-main\\app\\Views\\Master\\Produk\\Data.php')
 3 SYSTEMPATH\View\View.php(216): CodeIgniter\View\View->CodeIgniter\View\{closure}()
 4 SYSTEMPATH\Common.php(1184): CodeIgniter\View\View->render('Master/Produk/Data', [], true)
 5 APPPATH\Views\Layout\Content.php(30): view('Master/Produk/Data')
 6 SYSTEMPATH\View\View.php(213): include('C:\\xampp\\htdocs\\sitenun-main\\app\\Views\\Layout\\Content.php')
 7 SYSTEMPATH\View\View.php(216): CodeIgniter\View\View->CodeIgniter\View\{closure}()
 8 SYSTEMPATH\Common.php(1184): CodeIgniter\View\View->render('Layout/Content', [], true)
 9 APPPATH\Views\Layout\Template.php(5): view('Layout/Content')
10 SYSTEMPATH\View\View.php(213): include('C:\\xampp\\htdocs\\sitenun-main\\app\\Views\\Layout\\Template.php')
11 SYSTEMPATH\View\View.php(216): CodeIgniter\View\View->CodeIgniter\View\{closure}()
12 SYSTEMPATH\Common.php(1184): CodeIgniter\View\View->render('Layout/Template', [], true)
13 APPPATH\Controllers\Produk.php(23): view('Layout/Template', [...])
14 SYSTEMPATH\CodeIgniter.php(934): App\Controllers\Produk->index()
15 SYSTEMPATH\CodeIgniter.php(499): CodeIgniter\CodeIgniter->runController(Object(App\Controllers\Produk))
16 SYSTEMPATH\CodeIgniter.php(368): CodeIgniter\CodeIgniter->handleRequest(null, Object(Config\Cache), false)
17 FCPATH\index.php(67): CodeIgniter\CodeIgniter->run()
INFO - 2023-07-02 08:54:18 --> Session: Class initialized using 'CodeIgniter\Session\Handlers\FileHandler' driver.
INFO - 2023-07-02 08:54:28 --> Session: Class initialized using 'CodeIgniter\Session\Handlers\FileHandler' driver.
INFO - 2023-07-02 08:55:01 --> Session: Class initialized using 'CodeIgniter\Session\Handlers\FileHandler' driver.
INFO - 2023-07-02 08:55:01 --> Session: Class initialized using 'CodeIgniter\Session\Handlers\FileHandler' driver.
CRITICAL - 2023-07-02 08:55:01 --> Undefined array key "namaproduk"
in APPPATH\Views\Home.php on line 113.
 1 APPPATH\Views\Home.php(113): CodeIgniter\Debug\Exceptions->errorHandler(2, 'Undefined array key "namaproduk"', 'C:\\xampp\\htdocs\\sitenun-main\\app\\Views\\Home.php', 113)
 2 SYSTEMPATH\View\View.php(213): include('C:\\xampp\\htdocs\\sitenun-main\\app\\Views\\Home.php')
 3 SYSTEMPATH\View\View.php(216): CodeIgniter\View\View->CodeIgniter\View\{closure}()
 4 SYSTEMPATH\Common.php(1184): CodeIgniter\View\View->render('Home', [], true)
 5 APPPATH\Controllers\Home.php(15): view('Home', [...])
 6 SYSTEMPATH\CodeIgniter.php(934): App\Controllers\Home->index()
 7 SYSTEMPATH\CodeIgniter.php(499): CodeIgniter\CodeIgniter->runController(Object(App\Controllers\Home))
 8 SYSTEMPATH\CodeIgniter.php(368): CodeIgniter\CodeIgniter->handleRequest(null, Object(Config\Cache), false)
 9 FCPATH\index.php(67): CodeIgniter\CodeIgniter->run()
INFO - 2023-07-02 08:56:07 --> Session: Class initialized using 'CodeIgniter\Session\Handlers\FileHandler' driver.
INFO - 2023-07-02 08:56:20 --> Session: Class initialized using 'CodeIgniter\Session\Handlers\FileHandler' driver.
INFO - 2023-07-02 08:56:22 --> Session: Class initialized using 'CodeIgniter\Session\Handlers\FileHandler' driver.
INFO - 2023-07-02 08:56:32 --> Session: Class initialized using 'CodeIgniter\Session\Handlers\FileHandler' driver.
INFO - 2023-07-02 08:56:33 --> Session: Class initialized using 'CodeIgniter\Session\Handlers\FileHandler' driver.
INFO - 2023-07-02 08:56:37 --> Session: Class initialized using 'CodeIgniter\Session\Handlers\FileHandler' driver.
INFO - 2023-07-02 08:56:37 --> Session: Class initialized using 'CodeIgniter\Session\Handlers\FileHandler' driver.
INFO - 2023-07-02 08:56:39 --> Session: Class initialized using 'CodeIgniter\Session\Handlers\FileHandler' driver.
INFO - 2023-07-02 08:56:51 --> Session: Class initialized using 'CodeIgniter\Session\Handlers\FileHandler' driver.
INFO - 2023-07-02 08:56:51 --> Session: Class initialized using 'CodeIgniter\Session\Handlers\FileHandler' driver.
INFO - 2023-07-02 08:56:57 --> Session: Class initialized using 'CodeIgniter\Session\Handlers\FileHandler' driver.
INFO - 2023-07-02 08:56:57 --> Session: Class initialized using 'CodeIgniter\Session\Handlers\FileHandler' driver.
INFO - 2023-07-02 08:57:02 --> Session: Class initialized using 'CodeIgniter\Session\Handlers\FileHandler' driver.
INFO - 2023-07-02 08:57:02 --> Session: Class initialized using 'CodeIgniter\Session\Handlers\FileHandler' driver.
INFO - 2023-07-02 08:57:15 --> Session: Class initialized using 'CodeIgniter\Session\Handlers\FileHandler' driver.
INFO - 2023-07-02 08:57:21 --> Session: Class initialized using 'CodeIgniter\Session\Handlers\FileHandler' driver.
INFO - 2023-07-02 08:57:21 --> Session: Class initialized using 'CodeIgniter\Session\Handlers\FileHandler' driver.
INFO - 2023-07-02 08:57:31 --> Session: Class initialized using 'CodeIgniter\Session\Handlers\FileHandler' driver.
INFO - 2023-07-02 08:57:31 --> Session: Class initialized using 'CodeIgniter\Session\Handlers\FileHandler' driver.
INFO - 2023-07-02 08:57:34 --> Session: Class initialized using 'CodeIgniter\Session\Handlers\FileHandler' driver.
INFO - 2023-07-02 08:57:34 --> Session: Class initialized using 'CodeIgniter\Session\Handlers\FileHandler' driver.
INFO - 2023-07-02 08:58:30 --> Session: Class initialized using 'CodeIgniter\Session\Handlers\FileHandler' driver.
INFO - 2023-07-02 08:58:47 --> Session: Class initialized using 'CodeIgniter\Session\Handlers\FileHandler' driver.
INFO - 2023-07-02 08:58:57 --> Session: Class initialized using 'CodeIgniter\Session\Handlers\FileHandler' driver.
INFO - 2023-07-02 08:58:57 --> Session: Class initialized using 'CodeIgniter\Session\Handlers\FileHandler' driver.
INFO - 2023-07-02 08:59:00 --> Session: Class initialized using 'CodeIgniter\Session\Handlers\FileHandler' driver.
INFO - 2023-07-02 08:59:03 --> Session: Class initialized using 'CodeIgniter\Session\Handlers\FileHandler' driver.
INFO - 2023-07-02 08:59:03 --> Session: Class initialized using 'CodeIgniter\Session\Handlers\FileHandler' driver.
INFO - 2023-07-02 08:59:43 --> Session: Class initialized using 'CodeIgniter\Session\Handlers\FileHandler' driver.
INFO - 2023-07-02 08:59:45 --> Session: Class initialized using 'CodeIgniter\Session\Handlers\FileHandler' driver.
INFO - 2023-07-02 08:59:45 --> Session: Class initialized using 'CodeIgniter\Session\Handlers\FileHandler' driver.
INFO - 2023-07-02 08:59:47 --> Session: Class initialized using 'CodeIgniter\Session\Handlers\FileHandler' driver.
INFO - 2023-07-02 08:59:53 --> Session: Class initialized using 'CodeIgniter\Session\Handlers\FileHandler' driver.
INFO - 2023-07-02 08:59:53 --> Session: Class initialized using 'CodeIgniter\Session\Handlers\FileHandler' driver.
INFO - 2023-07-02 08:59:57 --> Session: Class initialized using 'CodeIgniter\Session\Handlers\FileHandler' driver.
INFO - 2023-07-02 08:59:58 --> Session: Class initialized using 'CodeIgniter\Session\Handlers\FileHandler' driver.
INFO - 2023-07-02 09:00:01 --> Session: Class initialized using 'CodeIgniter\Session\Handlers\FileHandler' driver.
INFO - 2023-07-02 09:00:01 --> Session: Class initialized using 'CodeIgniter\Session\Handlers\FileHandler' driver.
INFO - 2023-07-02 09:00:45 --> Session: Class initialized using 'CodeIgniter\Session\Handlers\FileHandler' driver.
INFO - 2023-07-02 09:00:46 --> Session: Class initialized using 'CodeIgniter\Session\Handlers\FileHandler' driver.
INFO - 2023-07-02 09:00:46 --> Session: Class initialized using 'CodeIgniter\Session\Handlers\FileHandler' driver.
INFO - 2023-07-02 09:04:30 --> Session: Class initialized using 'CodeIgniter\Session\Handlers\FileHandler' driver.
INFO - 2023-07-02 09:06:18 --> Session: Class initialized using 'CodeIgniter\Session\Handlers\FileHandler' driver.
INFO - 2023-07-02 09:06:19 --> Session: Class initialized using 'CodeIgniter\Session\Handlers\FileHandler' driver.
INFO - 2023-07-02 09:06:21 --> Session: Class initialized using 'CodeIgniter\Session\Handlers\FileHandler' driver.
INFO - 2023-07-02 09:06:24 --> Session: Class initialized using 'CodeIgniter\Session\Handlers\FileHandler' driver.
INFO - 2023-07-02 09:06:31 --> Session: Class initialized using 'CodeIgniter\Session\Handlers\FileHandler' driver.
INFO - 2023-07-02 09:06:31 --> Session: Class initialized using 'CodeIgniter\Session\Handlers\FileHandler' driver.
INFO - 2023-07-02 09:06:34 --> Session: Class initialized using 'CodeIgniter\Session\Handlers\FileHandler' driver.
INFO - 2023-07-02 09:06:40 --> Session: Class initialized using 'CodeIgniter\Session\Handlers\FileHandler' driver.
INFO - 2023-07-02 09:06:40 --> Session: Class initialized using 'CodeIgniter\Session\Handlers\FileHandler' driver.
INFO - 2023-07-02 09:06:42 --> Session: Class initialized using 'CodeIgniter\Session\Handlers\FileHandler' driver.
INFO - 2023-07-02 09:06:43 --> Session: Class initialized using 'CodeIgniter\Session\Handlers\FileHandler' driver.
INFO - 2023-07-02 09:06:46 --> Session: Class initialized using 'CodeIgniter\Session\Handlers\FileHandler' driver.
INFO - 2023-07-02 09:06:46 --> Session: Class initialized using 'CodeIgniter\Session\Handlers\FileHandler' driver.
INFO - 2023-07-02 09:06:50 --> Session: Class initialized using 'CodeIgniter\Session\Handlers\FileHandler' driver.
INFO - 2023-07-02 09:06:50 --> Session: Class initialized using 'CodeIgniter\Session\Handlers\FileHandler' driver.
INFO - 2023-07-02 09:07:25 --> Session: Class initialized using 'CodeIgniter\Session\Handlers\FileHandler' driver.
INFO - 2023-07-02 09:07:27 --> Session: Class initialized using 'CodeIgniter\Session\Handlers\FileHandler' driver.
INFO - 2023-07-02 09:07:36 --> Session: Class initialized using 'CodeIgniter\Session\Handlers\FileHandler' driver.
INFO - 2023-07-02 09:07:36 --> Session: Class initialized using 'CodeIgniter\Session\Handlers\FileHandler' driver.
INFO - 2023-07-02 09:07:39 --> Session: Class initialized using 'CodeIgniter\Session\Handlers\FileHandler' driver.
INFO - 2023-07-02 09:07:47 --> Session: Class initialized using 'CodeIgniter\Session\Handlers\FileHandler' driver.
INFO - 2023-07-02 09:07:51 --> Session: Class initialized using 'CodeIgniter\Session\Handlers\FileHandler' driver.
INFO - 2023-07-02 09:07:51 --> Session: Class initialized using 'CodeIgniter\Session\Handlers\FileHandler' driver.
INFO - 2023-07-02 09:07:55 --> Session: Class initialized using 'CodeIgniter\Session\Handlers\FileHandler' driver.
ERROR - 2023-07-02 09:07:55 --> mysqli_sql_exception: Table 'sitenun.tbl_jeniskelamin' doesn't exist in C:\xampp\htdocs\sitenun-main\system\Database\MySQLi\Connection.php:295
Stack trace:
#0 C:\xampp\htdocs\sitenun-main\system\Database\MySQLi\Connection.php(295): mysqli->query('SELECT *\nFROM `...', 0)
#1 C:\xampp\htdocs\sitenun-main\system\Database\BaseConnection.php(692): CodeIgniter\Database\MySQLi\Connection->execute('SELECT *\nFROM `...')
#2 C:\xampp\htdocs\sitenun-main\system\Database\BaseConnection.php(606): CodeIgniter\Database\BaseConnection->simpleQuery('SELECT *\nFROM `...')
#3 C:\xampp\htdocs\sitenun-main\system\Database\BaseBuilder.php(1616): CodeIgniter\Database\BaseConnection->query('SELECT *\nFROM `...', Array, false)
#4 C:\xampp\htdocs\sitenun-main\app\Models\MPelanggan.php(32): CodeIgniter\Database\BaseBuilder->get()
#5 C:\xampp\htdocs\sitenun-main\app\Controllers\Pelanggan.php(16): App\Models\MPelanggan->getAlldata()
#6 C:\xampp\htdocs\sitenun-main\system\CodeIgniter.php(934): App\Controllers\Pelanggan->index()
#7 C:\xampp\htdocs\sitenun-main\system\CodeIgniter.php(499): CodeIgniter\CodeIgniter->runController(Object(App\Controllers\Pelanggan))
#8 C:\xampp\htdocs\sitenun-main\system\CodeIgniter.php(368): CodeIgniter\CodeIgniter->handleRequest(NULL, Object(Config\Cache), false)
#9 C:\xampp\htdocs\sitenun-main\public\index.php(67): CodeIgniter\CodeIgniter->run()
#10 {main}
CRITICAL - 2023-07-02 09:07:55 --> Table 'sitenun.tbl_jeniskelamin' doesn't exist
in SYSTEMPATH\Database\MySQLi\Connection.php on line 295.
 1 SYSTEMPATH\Database\MySQLi\Connection.php(295): mysqli->query('SELECT *
FROM `pelanggan`
JOIN `tbl_jeniskelamin` ON `kodejenkel`=`kode_jenkel`', 0)
 2 SYSTEMPATH\Database\BaseConnection.php(692): CodeIgniter\Database\MySQLi\Connection->execute('SELECT *
FROM `pelanggan`
JOIN `tbl_jeniskelamin` ON `kodejenkel`=`kode_jenkel`')
 3 SYSTEMPATH\Database\BaseConnection.php(606): CodeIgniter\Database\BaseConnection->simpleQuery('SELECT *
FROM `pelanggan`
JOIN `tbl_jeniskelamin` ON `kodejenkel`=`kode_jenkel`')
 4 SYSTEMPATH\Database\BaseBuilder.php(1616): CodeIgniter\Database\BaseConnection->query('SELECT *
FROM `pelanggan`
JOIN `tbl_jeniskelamin` ON `kodejenkel`=`kode_jenkel`', [], false)
 5 APPPATH\Models\MPelanggan.php(32): CodeIgniter\Database\BaseBuilder->get()
 6 APPPATH\Controllers\Pelanggan.php(16): App\Models\MPelanggan->getAlldata()
 7 SYSTEMPATH\CodeIgniter.php(934): App\Controllers\Pelanggan->index()
 8 SYSTEMPATH\CodeIgniter.php(499): CodeIgniter\CodeIgniter->runController(Object(App\Controllers\Pelanggan))
 9 SYSTEMPATH\CodeIgniter.php(368): CodeIgniter\CodeIgniter->handleRequest(null, Object(Config\Cache), false)
10 FCPATH\index.php(67): CodeIgniter\CodeIgniter->run()
INFO - 2023-07-02 09:08:24 --> Session: Class initialized using 'CodeIgniter\Session\Handlers\FileHandler' driver.
CRITICAL - 2023-07-02 09:08:24 --> Undefined array key "jenis_kelamin"
in APPPATH\Views\Master\Pelanggan\Data.php on line 44.
 1 APPPATH\Views\Master\Pelanggan\Data.php(44): CodeIgniter\Debug\Exceptions->errorHandler(2, 'Undefined array key "jenis_kelamin"', 'C:\\xampp\\htdocs\\sitenun-main\\app\\Views\\Master\\Pelanggan\\Data.php', 44)
 2 SYSTEMPATH\View\View.php(213): include('C:\\xampp\\htdocs\\sitenun-main\\app\\Views\\Master\\Pelanggan\\Data.php')
 3 SYSTEMPATH\View\View.php(216): CodeIgniter\View\View->CodeIgniter\View\{closure}()
 4 SYSTEMPATH\Common.php(1184): CodeIgniter\View\View->render('Master/Pelanggan/Data', [], true)
 5 APPPATH\Views\Layout\Content.php(30): view('Master/Pelanggan/Data')
 6 SYSTEMPATH\View\View.php(213): include('C:\\xampp\\htdocs\\sitenun-main\\app\\Views\\Layout\\Content.php')
 7 SYSTEMPATH\View\View.php(216): CodeIgniter\View\View->CodeIgniter\View\{closure}()
 8 SYSTEMPATH\Common.php(1184): CodeIgniter\View\View->render('Layout/Content', [], true)
 9 APPPATH\Views\Layout\Template.php(5): view('Layout/Content')
10 SYSTEMPATH\View\View.php(213): include('C:\\xampp\\htdocs\\sitenun-main\\app\\Views\\Layout\\Template.php')
11 SYSTEMPATH\View\View.php(216): CodeIgniter\View\View->CodeIgniter\View\{closure}()
12 SYSTEMPATH\Common.php(1184): CodeIgniter\View\View->render('Layout/Template', [], true)
13 APPPATH\Controllers\Pelanggan.php(19): view('Layout/Template', [...])
14 SYSTEMPATH\CodeIgniter.php(934): App\Controllers\Pelanggan->index()
15 SYSTEMPATH\CodeIgniter.php(499): CodeIgniter\CodeIgniter->runController(Object(App\Controllers\Pelanggan))
16 SYSTEMPATH\CodeIgniter.php(368): CodeIgniter\CodeIgniter->handleRequest(null, Object(Config\Cache), false)
17 FCPATH\index.php(67): CodeIgniter\CodeIgniter->run()
INFO - 2023-07-02 09:09:22 --> Session: Class initialized using 'CodeIgniter\Session\Handlers\FileHandler' driver.
INFO - 2023-07-02 09:09:42 --> Session: Class initialized using 'CodeIgniter\Session\Handlers\FileHandler' driver.
INFO - 2023-07-02 09:09:44 --> Session: Class initialized using 'CodeIgniter\Session\Handlers\FileHandler' driver.
ERROR - 2023-07-02 09:09:44 --> mysqli_sql_exception: Table 'sitenun.tbl_jeniskelamin' doesn't exist in C:\xampp\htdocs\sitenun-main\system\Database\MySQLi\Connection.php:295
Stack trace:
#0 C:\xampp\htdocs\sitenun-main\system\Database\MySQLi\Connection.php(295): mysqli->query('SELECT *\nFROM `...', 0)
#1 C:\xampp\htdocs\sitenun-main\system\Database\BaseConnection.php(692): CodeIgniter\Database\MySQLi\Connection->execute('SELECT *\nFROM `...')
#2 C:\xampp\htdocs\sitenun-main\system\Database\BaseConnection.php(606): CodeIgniter\Database\BaseConnection->simpleQuery('SELECT *\nFROM `...')
#3 C:\xampp\htdocs\sitenun-main\system\Database\BaseBuilder.php(1616): CodeIgniter\Database\BaseConnection->query('SELECT *\nFROM `...', Array, false)
#4 C:\xampp\htdocs\sitenun-main\app\Models\MPelanggan.php(36): CodeIgniter\Database\BaseBuilder->get()
#5 C:\xampp\htdocs\sitenun-main\app\Controllers\Pelanggan.php(30): App\Models\MPelanggan->getAllJenkel()
#6 C:\xampp\htdocs\sitenun-main\system\CodeIgniter.php(934): App\Controllers\Pelanggan->tambah()
#7 C:\xampp\htdocs\sitenun-main\system\CodeIgniter.php(499): CodeIgniter\CodeIgniter->runController(Object(App\Controllers\Pelanggan))
#8 C:\xampp\htdocs\sitenun-main\system\CodeIgniter.php(368): CodeIgniter\CodeIgniter->handleRequest(NULL, Object(Config\Cache), false)
#9 C:\xampp\htdocs\sitenun-main\public\index.php(67): CodeIgniter\CodeIgniter->run()
#10 {main}
CRITICAL - 2023-07-02 09:09:44 --> Table 'sitenun.tbl_jeniskelamin' doesn't exist
in SYSTEMPATH\Database\MySQLi\Connection.php on line 295.
 1 SYSTEMPATH\Database\MySQLi\Connection.php(295): mysqli->query('SELECT *
FROM `tbl_jeniskelamin`', 0)
 2 SYSTEMPATH\Database\BaseConnection.php(692): CodeIgniter\Database\MySQLi\Connection->execute('SELECT *
FROM `tbl_jeniskelamin`')
 3 SYSTEMPATH\Database\BaseConnection.php(606): CodeIgniter\Database\BaseConnection->simpleQuery('SELECT *
FROM `tbl_jeniskelamin`')
 4 SYSTEMPATH\Database\BaseBuilder.php(1616): CodeIgniter\Database\BaseConnection->query('SELECT *
FROM `tbl_jeniskelamin`', [], false)
 5 APPPATH\Models\MPelanggan.php(36): CodeIgniter\Database\BaseBuilder->get()
 6 APPPATH\Controllers\Pelanggan.php(30): App\Models\MPelanggan->getAllJenkel()
 7 SYSTEMPATH\CodeIgniter.php(934): App\Controllers\Pelanggan->tambah()
 8 SYSTEMPATH\CodeIgniter.php(499): CodeIgniter\CodeIgniter->runController(Object(App\Controllers\Pelanggan))
 9 SYSTEMPATH\CodeIgniter.php(368): CodeIgniter\CodeIgniter->handleRequest(null, Object(Config\Cache), false)
10 FCPATH\index.php(67): CodeIgniter\CodeIgniter->run()
INFO - 2023-07-02 09:10:15 --> Session: Class initialized using 'CodeIgniter\Session\Handlers\FileHandler' driver.
ERROR - 2023-07-02 09:10:15 --> mysqli_sql_exception: Table 'sitenun.tbl_jeniskelamin' doesn't exist in C:\xampp\htdocs\sitenun-main\system\Database\MySQLi\Connection.php:295
Stack trace:
#0 C:\xampp\htdocs\sitenun-main\system\Database\MySQLi\Connection.php(295): mysqli->query('SELECT *\nFROM `...', 0)
#1 C:\xampp\htdocs\sitenun-main\system\Database\BaseConnection.php(692): CodeIgniter\Database\MySQLi\Connection->execute('SELECT *\nFROM `...')
#2 C:\xampp\htdocs\sitenun-main\system\Database\BaseConnection.php(606): CodeIgniter\Database\BaseConnection->simpleQuery('SELECT *\nFROM `...')
#3 C:\xampp\htdocs\sitenun-main\system\Database\BaseBuilder.php(1616): CodeIgniter\Database\BaseConnection->query('SELECT *\nFROM `...', Array, false)
#4 C:\xampp\htdocs\sitenun-main\app\Models\MPelanggan.php(36): CodeIgniter\Database\BaseBuilder->get()
#5 C:\xampp\htdocs\sitenun-main\app\Controllers\Pelanggan.php(30): App\Models\MPelanggan->getAllJenkel()
#6 C:\xampp\htdocs\sitenun-main\system\CodeIgniter.php(934): App\Controllers\Pelanggan->tambah()
#7 C:\xampp\htdocs\sitenun-main\system\CodeIgniter.php(499): CodeIgniter\CodeIgniter->runController(Object(App\Controllers\Pelanggan))
#8 C:\xampp\htdocs\sitenun-main\system\CodeIgniter.php(368): CodeIgniter\CodeIgniter->handleRequest(NULL, Object(Config\Cache), false)
#9 C:\xampp\htdocs\sitenun-main\public\index.php(67): CodeIgniter\CodeIgniter->run()
#10 {main}
CRITICAL - 2023-07-02 09:10:15 --> Table 'sitenun.tbl_jeniskelamin' doesn't exist
in SYSTEMPATH\Database\MySQLi\Connection.php on line 295.
 1 SYSTEMPATH\Database\MySQLi\Connection.php(295): mysqli->query('SELECT *
FROM `tbl_jeniskelamin`', 0)
 2 SYSTEMPATH\Database\BaseConnection.php(692): CodeIgniter\Database\MySQLi\Connection->execute('SELECT *
FROM `tbl_jeniskelamin`')
 3 SYSTEMPATH\Database\BaseConnection.php(606): CodeIgniter\Database\BaseConnection->simpleQuery('SELECT *
FROM `tbl_jeniskelamin`')
 4 SYSTEMPATH\Database\BaseBuilder.php(1616): CodeIgniter\Database\BaseConnection->query('SELECT *
FROM `tbl_jeniskelamin`', [], false)
 5 APPPATH\Models\MPelanggan.php(36): CodeIgniter\Database\BaseBuilder->get()
 6 APPPATH\Controllers\Pelanggan.php(30): App\Models\MPelanggan->getAllJenkel()
 7 SYSTEMPATH\CodeIgniter.php(934): App\Controllers\Pelanggan->tambah()
 8 SYSTEMPATH\CodeIgniter.php(499): CodeIgniter\CodeIgniter->runController(Object(App\Controllers\Pelanggan))
 9 SYSTEMPATH\CodeIgniter.php(368): CodeIgniter\CodeIgniter->handleRequest(null, Object(Config\Cache), false)
10 FCPATH\index.php(67): CodeIgniter\CodeIgniter->run()
INFO - 2023-07-02 09:10:16 --> Session: Class initialized using 'CodeIgniter\Session\Handlers\FileHandler' driver.
ERROR - 2023-07-02 09:10:16 --> mysqli_sql_exception: Table 'sitenun.tbl_jeniskelamin' doesn't exist in C:\xampp\htdocs\sitenun-main\system\Database\MySQLi\Connection.php:295
Stack trace:
#0 C:\xampp\htdocs\sitenun-main\system\Database\MySQLi\Connection.php(295): mysqli->query('SELECT *\nFROM `...', 0)
#1 C:\xampp\htdocs\sitenun-main\system\Database\BaseConnection.php(692): CodeIgniter\Database\MySQLi\Connection->execute('SELECT *\nFROM `...')
#2 C:\xampp\htdocs\sitenun-main\system\Database\BaseConnection.php(606): CodeIgniter\Database\BaseConnection->simpleQuery('SELECT *\nFROM `...')
#3 C:\xampp\htdocs\sitenun-main\system\Database\BaseBuilder.php(1616): CodeIgniter\Database\BaseConnection->query('SELECT *\nFROM `...', Array, false)
#4 C:\xampp\htdocs\sitenun-main\app\Models\MPelanggan.php(36): CodeIgniter\Database\BaseBuilder->get()
#5 C:\xampp\htdocs\sitenun-main\app\Controllers\Pelanggan.php(30): App\Models\MPelanggan->getAllJenkel()
#6 C:\xampp\htdocs\sitenun-main\system\CodeIgniter.php(934): App\Controllers\Pelanggan->tambah()
#7 C:\xampp\htdocs\sitenun-main\system\CodeIgniter.php(499): CodeIgniter\CodeIgniter->runController(Object(App\Controllers\Pelanggan))
#8 C:\xampp\htdocs\sitenun-main\system\CodeIgniter.php(368): CodeIgniter\CodeIgniter->handleRequest(NULL, Object(Config\Cache), false)
#9 C:\xampp\htdocs\sitenun-main\public\index.php(67): CodeIgniter\CodeIgniter->run()
#10 {main}
CRITICAL - 2023-07-02 09:10:16 --> Table 'sitenun.tbl_jeniskelamin' doesn't exist
in SYSTEMPATH\Database\MySQLi\Connection.php on line 295.
 1 SYSTEMPATH\Database\MySQLi\Connection.php(295): mysqli->query('SELECT *
FROM `tbl_jeniskelamin`', 0)
 2 SYSTEMPATH\Database\BaseConnection.php(692): CodeIgniter\Database\MySQLi\Connection->execute('SELECT *
FROM `tbl_jeniskelamin`')
 3 SYSTEMPATH\Database\BaseConnection.php(606): CodeIgniter\Database\BaseConnection->simpleQuery('SELECT *
FROM `tbl_jeniskelamin`')
 4 SYSTEMPATH\Database\BaseBuilder.php(1616): CodeIgniter\Database\BaseConnection->query('SELECT *
FROM `tbl_jeniskelamin`', [], false)
 5 APPPATH\Models\MPelanggan.php(36): CodeIgniter\Database\BaseBuilder->get()
 6 APPPATH\Controllers\Pelanggan.php(30): App\Models\MPelanggan->getAllJenkel()
 7 SYSTEMPATH\CodeIgniter.php(934): App\Controllers\Pelanggan->tambah()
 8 SYSTEMPATH\CodeIgniter.php(499): CodeIgniter\CodeIgniter->runController(Object(App\Controllers\Pelanggan))
 9 SYSTEMPATH\CodeIgniter.php(368): CodeIgniter\CodeIgniter->handleRequest(null, Object(Config\Cache), false)
10 FCPATH\index.php(67): CodeIgniter\CodeIgniter->run()
INFO - 2023-07-02 09:10:26 --> Session: Class initialized using 'CodeIgniter\Session\Handlers\FileHandler' driver.
INFO - 2023-07-02 09:10:29 --> Session: Class initialized using 'CodeIgniter\Session\Handlers\FileHandler' driver.
ERROR - 2023-07-02 09:10:30 --> mysqli_sql_exception: Table 'sitenun.tbl_jeniskelamin' doesn't exist in C:\xampp\htdocs\sitenun-main\system\Database\MySQLi\Connection.php:295
Stack trace:
#0 C:\xampp\htdocs\sitenun-main\system\Database\MySQLi\Connection.php(295): mysqli->query('SELECT *\nFROM `...', 0)
#1 C:\xampp\htdocs\sitenun-main\system\Database\BaseConnection.php(692): CodeIgniter\Database\MySQLi\Connection->execute('SELECT *\nFROM `...')
#2 C:\xampp\htdocs\sitenun-main\system\Database\BaseConnection.php(606): CodeIgniter\Database\BaseConnection->simpleQuery('SELECT *\nFROM `...')
#3 C:\xampp\htdocs\sitenun-main\system\Database\BaseBuilder.php(1616): CodeIgniter\Database\BaseConnection->query('SELECT *\nFROM `...', Array, false)
#4 C:\xampp\htdocs\sitenun-main\app\Models\MPelanggan.php(36): CodeIgniter\Database\BaseBuilder->get()
#5 C:\xampp\htdocs\sitenun-main\app\Controllers\Pelanggan.php(168): App\Models\MPelanggan->getAllJenkel()
#6 C:\xampp\htdocs\sitenun-main\system\CodeIgniter.php(934): App\Controllers\Pelanggan->edit('PL-01')
#7 C:\xampp\htdocs\sitenun-main\system\CodeIgniter.php(499): CodeIgniter\CodeIgniter->runController(Object(App\Controllers\Pelanggan))
#8 C:\xampp\htdocs\sitenun-main\system\CodeIgniter.php(368): CodeIgniter\CodeIgniter->handleRequest(NULL, Object(Config\Cache), false)
#9 C:\xampp\htdocs\sitenun-main\public\index.php(67): CodeIgniter\CodeIgniter->run()
#10 {main}
CRITICAL - 2023-07-02 09:10:30 --> Table 'sitenun.tbl_jeniskelamin' doesn't exist
in SYSTEMPATH\Database\MySQLi\Connection.php on line 295.
 1 SYSTEMPATH\Database\MySQLi\Connection.php(295): mysqli->query('SELECT *
FROM `tbl_jeniskelamin`', 0)
 2 SYSTEMPATH\Database\BaseConnection.php(692): CodeIgniter\Database\MySQLi\Connection->execute('SELECT *
FROM `tbl_jeniskelamin`')
 3 SYSTEMPATH\Database\BaseConnection.php(606): CodeIgniter\Database\BaseConnection->simpleQuery('SELECT *
FROM `tbl_jeniskelamin`')
 4 SYSTEMPATH\Database\BaseBuilder.php(1616): CodeIgniter\Database\BaseConnection->query('SELECT *
FROM `tbl_jeniskelamin`', [], false)
 5 APPPATH\Models\MPelanggan.php(36): CodeIgniter\Database\BaseBuilder->get()
 6 APPPATH\Controllers\Pelanggan.php(168): App\Models\MPelanggan->getAllJenkel()
 7 SYSTEMPATH\CodeIgniter.php(934): App\Controllers\Pelanggan->edit('PL-01')
 8 SYSTEMPATH\CodeIgniter.php(499): CodeIgniter\CodeIgniter->runController(Object(App\Controllers\Pelanggan))
 9 SYSTEMPATH\CodeIgniter.php(368): CodeIgniter\CodeIgniter->handleRequest(null, Object(Config\Cache), false)
10 FCPATH\index.php(67): CodeIgniter\CodeIgniter->run()
INFO - 2023-07-02 09:10:40 --> Session: Class initialized using 'CodeIgniter\Session\Handlers\FileHandler' driver.
CRITICAL - 2023-07-02 09:10:40 --> Undefined variable $jenkel
in APPPATH\Views\Master\Pelanggan\Edit.php on line 56.
 1 APPPATH\Views\Master\Pelanggan\Edit.php(56): CodeIgniter\Debug\Exceptions->errorHandler(2, 'Undefined variable $jenkel', 'C:\\xampp\\htdocs\\sitenun-main\\app\\Views\\Master\\Pelanggan\\Edit.php', 56)
 2 SYSTEMPATH\View\View.php(213): include('C:\\xampp\\htdocs\\sitenun-main\\app\\Views\\Master\\Pelanggan\\Edit.php')
 3 SYSTEMPATH\View\View.php(216): CodeIgniter\View\View->CodeIgniter\View\{closure}()
 4 SYSTEMPATH\Common.php(1184): CodeIgniter\View\View->render('Master/Pelanggan/Edit', [], true)
 5 APPPATH\Views\Layout\Content.php(30): view('Master/Pelanggan/Edit')
 6 SYSTEMPATH\View\View.php(213): include('C:\\xampp\\htdocs\\sitenun-main\\app\\Views\\Layout\\Content.php')
 7 SYSTEMPATH\View\View.php(216): CodeIgniter\View\View->CodeIgniter\View\{closure}()
 8 SYSTEMPATH\Common.php(1184): CodeIgniter\View\View->render('Layout/Content', [], true)
 9 APPPATH\Views\Layout\Template.php(5): view('Layout/Content')
10 SYSTEMPATH\View\View.php(213): include('C:\\xampp\\htdocs\\sitenun-main\\app\\Views\\Layout\\Template.php')
11 SYSTEMPATH\View\View.php(216): CodeIgniter\View\View->CodeIgniter\View\{closure}()
12 SYSTEMPATH\Common.php(1184): CodeIgniter\View\View->render('Layout/Template', [], true)
13 APPPATH\Controllers\Pelanggan.php(171): view('Layout/Template', [...])
14 SYSTEMPATH\CodeIgniter.php(934): App\Controllers\Pelanggan->edit('PL-01')
15 SYSTEMPATH\CodeIgniter.php(499): CodeIgniter\CodeIgniter->runController(Object(App\Controllers\Pelanggan))
16 SYSTEMPATH\CodeIgniter.php(368): CodeIgniter\CodeIgniter->handleRequest(null, Object(Config\Cache), false)
17 FCPATH\index.php(67): CodeIgniter\CodeIgniter->run()
INFO - 2023-07-02 09:12:05 --> Session: Class initialized using 'CodeIgniter\Session\Handlers\FileHandler' driver.
INFO - 2023-07-02 09:12:14 --> Session: Class initialized using 'CodeIgniter\Session\Handlers\FileHandler' driver.
INFO - 2023-07-02 09:14:37 --> Session: Class initialized using 'CodeIgniter\Session\Handlers\FileHandler' driver.
INFO - 2023-07-02 09:14:40 --> Session: Class initialized using 'CodeIgniter\Session\Handlers\FileHandler' driver.
INFO - 2023-07-02 09:14:41 --> Session: Class initialized using 'CodeIgniter\Session\Handlers\FileHandler' driver.
INFO - 2023-07-02 09:14:45 --> Session: Class initialized using 'CodeIgniter\Session\Handlers\FileHandler' driver.
INFO - 2023-07-02 09:15:07 --> Session: Class initialized using 'CodeIgniter\Session\Handlers\FileHandler' driver.
INFO - 2023-07-02 09:16:56 --> Session: Class initialized using 'CodeIgniter\Session\Handlers\FileHandler' driver.
INFO - 2023-07-02 09:16:57 --> Session: Class initialized using 'CodeIgniter\Session\Handlers\FileHandler' driver.
INFO - 2023-07-02 09:17:25 --> Session: Class initialized using 'CodeIgniter\Session\Handlers\FileHandler' driver.
INFO - 2023-07-02 09:18:06 --> Session: Class initialized using 'CodeIgniter\Session\Handlers\FileHandler' driver.
INFO - 2023-07-02 09:18:07 --> Session: Class initialized using 'CodeIgniter\Session\Handlers\FileHandler' driver.
INFO - 2023-07-02 09:18:08 --> Session: Class initialized using 'CodeIgniter\Session\Handlers\FileHandler' driver.
INFO - 2023-07-02 09:18:29 --> Session: Class initialized using 'CodeIgniter\Session\Handlers\FileHandler' driver.
CRITICAL - 2023-07-02 09:18:29 --> Undefined variable $detailbahanbaku
in APPPATH\Views\Transaksi\Pemesanan\Add.php on line 150.
 1 APPPATH\Views\Transaksi\Pemesanan\Add.php(150): CodeIgniter\Debug\Exceptions->errorHandler(2, 'Undefined variable $detailbahanbaku', 'C:\\xampp\\htdocs\\sitenun-main\\app\\Views\\Transaksi\\Pemesanan\\Add.php', 150)
 2 SYSTEMPATH\View\View.php(213): include('C:\\xampp\\htdocs\\sitenun-main\\app\\Views\\Transaksi\\Pemesanan\\Add.php')
 3 SYSTEMPATH\View\View.php(216): CodeIgniter\View\View->CodeIgniter\View\{closure}()
 4 SYSTEMPATH\Common.php(1184): CodeIgniter\View\View->render('Transaksi/Pemesanan/Add', [], true)
 5 APPPATH\Views\Layout\Content.php(30): view('Transaksi/Pemesanan/Add')
 6 SYSTEMPATH\View\View.php(213): include('C:\\xampp\\htdocs\\sitenun-main\\app\\Views\\Layout\\Content.php')
 7 SYSTEMPATH\View\View.php(216): CodeIgniter\View\View->CodeIgniter\View\{closure}()
 8 SYSTEMPATH\Common.php(1184): CodeIgniter\View\View->render('Layout/Content', [], true)
 9 APPPATH\Views\Layout\Template.php(5): view('Layout/Content')
10 SYSTEMPATH\View\View.php(213): include('C:\\xampp\\htdocs\\sitenun-main\\app\\Views\\Layout\\Template.php')
11 SYSTEMPATH\View\View.php(216): CodeIgniter\View\View->CodeIgniter\View\{closure}()
12 SYSTEMPATH\Common.php(1184): CodeIgniter\View\View->render('Layout/Template', [], true)
13 APPPATH\Controllers\Pemesanan.php(26): view('Layout/Template', [...])
14 SYSTEMPATH\CodeIgniter.php(934): App\Controllers\Pemesanan->tambah()
15 SYSTEMPATH\CodeIgniter.php(499): CodeIgniter\CodeIgniter->runController(Object(App\Controllers\Pemesanan))
16 SYSTEMPATH\CodeIgniter.php(368): CodeIgniter\CodeIgniter->handleRequest(null, Object(Config\Cache), false)
17 FCPATH\index.php(67): CodeIgniter\CodeIgniter->run()
INFO - 2023-07-02 09:19:20 --> Session: Class initialized using 'CodeIgniter\Session\Handlers\FileHandler' driver.
