INFO - 2023-06-13 19:10:19 --> Session: Class initialized using 'CodeIgniter\Session\Handlers\FileHandler' driver.
INFO - 2023-06-13 19:10:22 --> Session: Class initialized using 'CodeIgniter\Session\Handlers\FileHandler' driver.
INFO - 2023-06-13 19:21:42 --> Session: Class initialized using 'CodeIgniter\Session\Handlers\FileHandler' driver.
INFO - 2023-06-13 19:22:23 --> Session: Class initialized using 'CodeIgniter\Session\Handlers\FileHandler' driver.
INFO - 2023-06-13 19:22:26 --> Session: Class initialized using 'CodeIgniter\Session\Handlers\FileHandler' driver.
INFO - 2023-06-13 19:22:26 --> Session: Class initialized using 'CodeIgniter\Session\Handlers\FileHandler' driver.
INFO - 2023-06-13 19:22:33 --> Session: Class initialized using 'CodeIgniter\Session\Handlers\FileHandler' driver.
INFO - 2023-06-13 19:22:33 --> Session: Class initialized using 'CodeIgniter\Session\Handlers\FileHandler' driver.
INFO - 2023-06-13 19:22:37 --> Session: Class initialized using 'CodeIgniter\Session\Handlers\FileHandler' driver.
INFO - 2023-06-13 19:22:37 --> Session: Class initialized using 'CodeIgniter\Session\Handlers\FileHandler' driver.
INFO - 2023-06-13 19:22:42 --> Session: Class initialized using 'CodeIgniter\Session\Handlers\FileHandler' driver.
INFO - 2023-06-13 19:22:42 --> Session: Class initialized using 'CodeIgniter\Session\Handlers\FileHandler' driver.
INFO - 2023-06-13 19:22:49 --> Session: Class initialized using 'CodeIgniter\Session\Handlers\FileHandler' driver.
INFO - 2023-06-13 19:22:49 --> Session: Class initialized using 'CodeIgniter\Session\Handlers\FileHandler' driver.
INFO - 2023-06-13 19:22:56 --> Session: Class initialized using 'CodeIgniter\Session\Handlers\FileHandler' driver.
INFO - 2023-06-13 19:22:56 --> Session: Class initialized using 'CodeIgniter\Session\Handlers\FileHandler' driver.
INFO - 2023-06-13 19:23:01 --> Session: Class initialized using 'CodeIgniter\Session\Handlers\FileHandler' driver.
INFO - 2023-06-13 19:23:01 --> Session: Class initialized using 'CodeIgniter\Session\Handlers\FileHandler' driver.
INFO - 2023-06-13 19:23:28 --> Session: Class initialized using 'CodeIgniter\Session\Handlers\FileHandler' driver.
INFO - 2023-06-13 19:23:36 --> Session: Class initialized using 'CodeIgniter\Session\Handlers\FileHandler' driver.
INFO - 2023-06-13 19:23:36 --> Session: Class initialized using 'CodeIgniter\Session\Handlers\FileHandler' driver.
INFO - 2023-06-13 19:23:42 --> Session: Class initialized using 'CodeIgniter\Session\Handlers\FileHandler' driver.
INFO - 2023-06-13 19:23:42 --> Session: Class initialized using 'CodeIgniter\Session\Handlers\FileHandler' driver.
INFO - 2023-06-13 19:23:46 --> Session: Class initialized using 'CodeIgniter\Session\Handlers\FileHandler' driver.
INFO - 2023-06-13 19:23:46 --> Session: Class initialized using 'CodeIgniter\Session\Handlers\FileHandler' driver.
INFO - 2023-06-13 19:24:26 --> Session: Class initialized using 'CodeIgniter\Session\Handlers\FileHandler' driver.
INFO - 2023-06-13 19:24:26 --> Session: Class initialized using 'CodeIgniter\Session\Handlers\FileHandler' driver.
INFO - 2023-06-13 19:24:42 --> Session: Class initialized using 'CodeIgniter\Session\Handlers\FileHandler' driver.
INFO - 2023-06-13 19:26:57 --> Session: Class initialized using 'CodeIgniter\Session\Handlers\FileHandler' driver.
INFO - 2023-06-13 19:27:10 --> Session: Class initialized using 'CodeIgniter\Session\Handlers\FileHandler' driver.
INFO - 2023-06-13 19:28:44 --> Session: Class initialized using 'CodeIgniter\Session\Handlers\FileHandler' driver.
INFO - 2023-06-13 19:29:17 --> Session: Class initialized using 'CodeIgniter\Session\Handlers\FileHandler' driver.
INFO - 2023-06-13 19:29:37 --> Session: Class initialized using 'CodeIgniter\Session\Handlers\FileHandler' driver.
INFO - 2023-06-13 19:29:38 --> Session: Class initialized using 'CodeIgniter\Session\Handlers\FileHandler' driver.
INFO - 2023-06-13 19:29:40 --> Session: Class initialized using 'CodeIgniter\Session\Handlers\FileHandler' driver.
INFO - 2023-06-13 19:29:46 --> Session: Class initialized using 'CodeIgniter\Session\Handlers\FileHandler' driver.
INFO - 2023-06-13 19:29:48 --> Session: Class initialized using 'CodeIgniter\Session\Handlers\FileHandler' driver.
INFO - 2023-06-13 19:30:12 --> Session: Class initialized using 'CodeIgniter\Session\Handlers\FileHandler' driver.
INFO - 2023-06-13 19:36:57 --> Session: Class initialized using 'CodeIgniter\Session\Handlers\FileHandler' driver.
INFO - 2023-06-13 19:36:58 --> Session: Class initialized using 'CodeIgniter\Session\Handlers\FileHandler' driver.
INFO - 2023-06-13 19:37:00 --> Session: Class initialized using 'CodeIgniter\Session\Handlers\FileHandler' driver.
INFO - 2023-06-13 19:37:16 --> Session: Class initialized using 'CodeIgniter\Session\Handlers\FileHandler' driver.
INFO - 2023-06-13 19:37:16 --> Session: Class initialized using 'CodeIgniter\Session\Handlers\FileHandler' driver.
INFO - 2023-06-13 19:37:22 --> Session: Class initialized using 'CodeIgniter\Session\Handlers\FileHandler' driver.
INFO - 2023-06-13 19:37:22 --> Session: Class initialized using 'CodeIgniter\Session\Handlers\FileHandler' driver.
INFO - 2023-06-13 19:38:22 --> Session: Class initialized using 'CodeIgniter\Session\Handlers\FileHandler' driver.
INFO - 2023-06-13 19:39:02 --> Session: Class initialized using 'CodeIgniter\Session\Handlers\FileHandler' driver.
INFO - 2023-06-13 19:39:18 --> Session: Class initialized using 'CodeIgniter\Session\Handlers\FileHandler' driver.
INFO - 2023-06-13 19:39:18 --> Session: Class initialized using 'CodeIgniter\Session\Handlers\FileHandler' driver.
INFO - 2023-06-13 19:39:26 --> Session: Class initialized using 'CodeIgniter\Session\Handlers\FileHandler' driver.
INFO - 2023-06-13 19:39:26 --> Session: Class initialized using 'CodeIgniter\Session\Handlers\FileHandler' driver.
INFO - 2023-06-13 19:39:27 --> Session: Class initialized using 'CodeIgniter\Session\Handlers\FileHandler' driver.
INFO - 2023-06-13 19:40:01 --> Session: Class initialized using 'CodeIgniter\Session\Handlers\FileHandler' driver.
INFO - 2023-06-13 19:41:49 --> Session: Class initialized using 'CodeIgniter\Session\Handlers\FileHandler' driver.
INFO - 2023-06-13 19:44:34 --> Session: Class initialized using 'CodeIgniter\Session\Handlers\FileHandler' driver.
INFO - 2023-06-13 19:45:03 --> Session: Class initialized using 'CodeIgniter\Session\Handlers\FileHandler' driver.
CRITICAL - 2023-06-13 19:45:06 --> Call to undefined function App\Controllers\delete_files()
in APPPATH\Controllers\Produk.php on line 211.
 1 SYSTEMPATH\CodeIgniter.php(934): App\Controllers\Produk->delete()
 2 SYSTEMPATH\CodeIgniter.php(499): CodeIgniter\CodeIgniter->runController(Object(App\Controllers\Produk))
 3 SYSTEMPATH\CodeIgniter.php(368): CodeIgniter\CodeIgniter->handleRequest(null, Object(Config\Cache), false)
 4 FCPATH\index.php(67): CodeIgniter\CodeIgniter->run()
CRITICAL - 2023-06-13 19:45:57 --> Call to undefined function App\Controllers\delete_files()
in APPPATH\Controllers\Produk.php on line 211.
 1 SYSTEMPATH\CodeIgniter.php(934): App\Controllers\Produk->delete()
 2 SYSTEMPATH\CodeIgniter.php(499): CodeIgniter\CodeIgniter->runController(Object(App\Controllers\Produk))
 3 SYSTEMPATH\CodeIgniter.php(368): CodeIgniter\CodeIgniter->handleRequest(null, Object(Config\Cache), false)
 4 FCPATH\index.php(67): CodeIgniter\CodeIgniter->run()
INFO - 2023-06-13 19:50:00 --> Session: Class initialized using 'CodeIgniter\Session\Handlers\FileHandler' driver.
INFO - 2023-06-13 19:50:01 --> Session: Class initialized using 'CodeIgniter\Session\Handlers\FileHandler' driver.
INFO - 2023-06-13 19:51:02 --> Session: Class initialized using 'CodeIgniter\Session\Handlers\FileHandler' driver.
INFO - 2023-06-13 19:51:05 --> Session: Class initialized using 'CodeIgniter\Session\Handlers\FileHandler' driver.
INFO - 2023-06-13 19:51:52 --> Session: Class initialized using 'CodeIgniter\Session\Handlers\FileHandler' driver.
INFO - 2023-06-13 19:51:53 --> Session: Class initialized using 'CodeIgniter\Session\Handlers\FileHandler' driver.
INFO - 2023-06-13 19:52:05 --> Session: Class initialized using 'CodeIgniter\Session\Handlers\FileHandler' driver.
INFO - 2023-06-13 19:52:08 --> Session: Class initialized using 'CodeIgniter\Session\Handlers\FileHandler' driver.
INFO - 2023-06-13 19:52:10 --> Session: Class initialized using 'CodeIgniter\Session\Handlers\FileHandler' driver.
INFO - 2023-06-13 19:52:10 --> Session: Class initialized using 'CodeIgniter\Session\Handlers\FileHandler' driver.
INFO - 2023-06-13 19:53:11 --> Session: Class initialized using 'CodeIgniter\Session\Handlers\FileHandler' driver.
INFO - 2023-06-13 19:53:13 --> Session: Class initialized using 'CodeIgniter\Session\Handlers\FileHandler' driver.
INFO - 2023-06-13 19:53:24 --> Session: Class initialized using 'CodeIgniter\Session\Handlers\FileHandler' driver.
INFO - 2023-06-13 19:53:26 --> Session: Class initialized using 'CodeIgniter\Session\Handlers\FileHandler' driver.
INFO - 2023-06-13 19:53:31 --> Session: Class initialized using 'CodeIgniter\Session\Handlers\FileHandler' driver.
INFO - 2023-06-13 19:53:31 --> Session: Class initialized using 'CodeIgniter\Session\Handlers\FileHandler' driver.
INFO - 2023-06-13 19:56:04 --> Session: Class initialized using 'CodeIgniter\Session\Handlers\FileHandler' driver.
INFO - 2023-06-13 19:56:05 --> Session: Class initialized using 'CodeIgniter\Session\Handlers\FileHandler' driver.
INFO - 2023-06-13 19:56:37 --> Session: Class initialized using 'CodeIgniter\Session\Handlers\FileHandler' driver.
INFO - 2023-06-13 19:56:39 --> Session: Class initialized using 'CodeIgniter\Session\Handlers\FileHandler' driver.
INFO - 2023-06-13 19:56:47 --> Session: Class initialized using 'CodeIgniter\Session\Handlers\FileHandler' driver.
INFO - 2023-06-13 19:57:29 --> Session: Class initialized using 'CodeIgniter\Session\Handlers\FileHandler' driver.
INFO - 2023-06-13 19:57:50 --> Session: Class initialized using 'CodeIgniter\Session\Handlers\FileHandler' driver.
INFO - 2023-06-13 19:57:51 --> Session: Class initialized using 'CodeIgniter\Session\Handlers\FileHandler' driver.
INFO - 2023-06-13 19:58:00 --> Session: Class initialized using 'CodeIgniter\Session\Handlers\FileHandler' driver.
INFO - 2023-06-13 19:58:18 --> Session: Class initialized using 'CodeIgniter\Session\Handlers\FileHandler' driver.
INFO - 2023-06-13 19:59:57 --> Session: Class initialized using 'CodeIgniter\Session\Handlers\FileHandler' driver.
INFO - 2023-06-13 19:59:58 --> Session: Class initialized using 'CodeIgniter\Session\Handlers\FileHandler' driver.
INFO - 2023-06-13 20:00:13 --> Session: Class initialized using 'CodeIgniter\Session\Handlers\FileHandler' driver.
INFO - 2023-06-13 20:03:41 --> Session: Class initialized using 'CodeIgniter\Session\Handlers\FileHandler' driver.
INFO - 2023-06-13 20:03:43 --> Session: Class initialized using 'CodeIgniter\Session\Handlers\FileHandler' driver.
INFO - 2023-06-13 20:04:12 --> Session: Class initialized using 'CodeIgniter\Session\Handlers\FileHandler' driver.
INFO - 2023-06-13 20:04:13 --> Session: Class initialized using 'CodeIgniter\Session\Handlers\FileHandler' driver.
INFO - 2023-06-13 20:04:17 --> Session: Class initialized using 'CodeIgniter\Session\Handlers\FileHandler' driver.
INFO - 2023-06-13 20:04:18 --> Session: Class initialized using 'CodeIgniter\Session\Handlers\FileHandler' driver.
INFO - 2023-06-13 20:04:21 --> Session: Class initialized using 'CodeIgniter\Session\Handlers\FileHandler' driver.
INFO - 2023-06-13 20:04:34 --> Session: Class initialized using 'CodeIgniter\Session\Handlers\FileHandler' driver.
INFO - 2023-06-13 20:04:34 --> Session: Class initialized using 'CodeIgniter\Session\Handlers\FileHandler' driver.
INFO - 2023-06-13 20:05:16 --> Session: Class initialized using 'CodeIgniter\Session\Handlers\FileHandler' driver.
INFO - 2023-06-13 20:05:16 --> Session: Class initialized using 'CodeIgniter\Session\Handlers\FileHandler' driver.
INFO - 2023-06-13 20:05:20 --> Session: Class initialized using 'CodeIgniter\Session\Handlers\FileHandler' driver.
INFO - 2023-06-13 20:05:20 --> Session: Class initialized using 'CodeIgniter\Session\Handlers\FileHandler' driver.
INFO - 2023-06-13 20:05:59 --> Session: Class initialized using 'CodeIgniter\Session\Handlers\FileHandler' driver.
INFO - 2023-06-13 20:06:01 --> Session: Class initialized using 'CodeIgniter\Session\Handlers\FileHandler' driver.
INFO - 2023-06-13 20:06:13 --> Session: Class initialized using 'CodeIgniter\Session\Handlers\FileHandler' driver.
INFO - 2023-06-13 20:06:14 --> Session: Class initialized using 'CodeIgniter\Session\Handlers\FileHandler' driver.
INFO - 2023-06-13 20:08:12 --> Session: Class initialized using 'CodeIgniter\Session\Handlers\FileHandler' driver.
INFO - 2023-06-13 20:08:12 --> Session: Class initialized using 'CodeIgniter\Session\Handlers\FileHandler' driver.
INFO - 2023-06-13 20:09:37 --> Session: Class initialized using 'CodeIgniter\Session\Handlers\FileHandler' driver.
INFO - 2023-06-13 20:09:37 --> Session: Class initialized using 'CodeIgniter\Session\Handlers\FileHandler' driver.
INFO - 2023-06-13 20:09:39 --> Session: Class initialized using 'CodeIgniter\Session\Handlers\FileHandler' driver.
CRITICAL - 2023-06-13 20:09:39 --> Trying to access array offset on value of type null
in APPPATH\Views\Master\Produk\Edit.php on line 45.
 1 APPPATH\Views\Master\Produk\Edit.php(45): CodeIgniter\Debug\Exceptions->errorHandler(8, 'Trying to access array offset on value of type null', 'C:\\xampp\\htdocs\\sitenun-main\\app\\Views\\Master\\Produk\\Edit.php', 45, [...])
 2 SYSTEMPATH\View\View.php(213): include('C:\\xampp\\htdocs\\sitenun-main\\app\\Views\\Master\\Produk\\Edit.php')
 3 SYSTEMPATH\View\View.php(216): CodeIgniter\View\View->CodeIgniter\View\{closure}()
 4 SYSTEMPATH\Common.php(1184): CodeIgniter\View\View->render('Master/Produk/Edit', [], true)
 5 APPPATH\Views\Layout\Content.php(30): view('Master/Produk/Edit')
 6 SYSTEMPATH\View\View.php(213): include('C:\\xampp\\htdocs\\sitenun-main\\app\\Views\\Layout\\Content.php')
 7 SYSTEMPATH\View\View.php(216): CodeIgniter\View\View->CodeIgniter\View\{closure}()
 8 SYSTEMPATH\Common.php(1184): CodeIgniter\View\View->render('Layout/Content', [], true)
 9 APPPATH\Views\Layout\Template.php(5): view('Layout/Content')
10 SYSTEMPATH\View\View.php(213): include('C:\\xampp\\htdocs\\sitenun-main\\app\\Views\\Layout\\Template.php')
11 SYSTEMPATH\View\View.php(216): CodeIgniter\View\View->CodeIgniter\View\{closure}()
12 SYSTEMPATH\Common.php(1184): CodeIgniter\View\View->render('Layout/Template', [], true)
13 APPPATH\Controllers\Produk.php(124): view('Layout/Template', [...])
14 SYSTEMPATH\CodeIgniter.php(934): App\Controllers\Produk->edit('$id')
15 SYSTEMPATH\CodeIgniter.php(499): CodeIgniter\CodeIgniter->runController(Object(App\Controllers\Produk))
16 SYSTEMPATH\CodeIgniter.php(368): CodeIgniter\CodeIgniter->handleRequest(null, Object(Config\Cache), false)
17 FCPATH\index.php(67): CodeIgniter\CodeIgniter->run()
INFO - 2023-06-13 20:10:18 --> Session: Class initialized using 'CodeIgniter\Session\Handlers\FileHandler' driver.
CRITICAL - 2023-06-13 20:10:19 --> Trying to access array offset on value of type null
in APPPATH\Views\Master\Produk\Edit.php on line 45.
 1 APPPATH\Views\Master\Produk\Edit.php(45): CodeIgniter\Debug\Exceptions->errorHandler(8, 'Trying to access array offset on value of type null', 'C:\\xampp\\htdocs\\sitenun-main\\app\\Views\\Master\\Produk\\Edit.php', 45, [...])
 2 SYSTEMPATH\View\View.php(213): include('C:\\xampp\\htdocs\\sitenun-main\\app\\Views\\Master\\Produk\\Edit.php')
 3 SYSTEMPATH\View\View.php(216): CodeIgniter\View\View->CodeIgniter\View\{closure}()
 4 SYSTEMPATH\Common.php(1184): CodeIgniter\View\View->render('Master/Produk/Edit', [], true)
 5 APPPATH\Views\Layout\Content.php(30): view('Master/Produk/Edit')
 6 SYSTEMPATH\View\View.php(213): include('C:\\xampp\\htdocs\\sitenun-main\\app\\Views\\Layout\\Content.php')
 7 SYSTEMPATH\View\View.php(216): CodeIgniter\View\View->CodeIgniter\View\{closure}()
 8 SYSTEMPATH\Common.php(1184): CodeIgniter\View\View->render('Layout/Content', [], true)
 9 APPPATH\Views\Layout\Template.php(5): view('Layout/Content')
10 SYSTEMPATH\View\View.php(213): include('C:\\xampp\\htdocs\\sitenun-main\\app\\Views\\Layout\\Template.php')
11 SYSTEMPATH\View\View.php(216): CodeIgniter\View\View->CodeIgniter\View\{closure}()
12 SYSTEMPATH\Common.php(1184): CodeIgniter\View\View->render('Layout/Template', [], true)
13 APPPATH\Controllers\Produk.php(124): view('Layout/Template', [...])
14 SYSTEMPATH\CodeIgniter.php(934): App\Controllers\Produk->edit('$id')
15 SYSTEMPATH\CodeIgniter.php(499): CodeIgniter\CodeIgniter->runController(Object(App\Controllers\Produk))
16 SYSTEMPATH\CodeIgniter.php(368): CodeIgniter\CodeIgniter->handleRequest(null, Object(Config\Cache), false)
17 FCPATH\index.php(67): CodeIgniter\CodeIgniter->run()
INFO - 2023-06-13 20:11:17 --> Session: Class initialized using 'CodeIgniter\Session\Handlers\FileHandler' driver.
CRITICAL - 2023-06-13 20:11:17 --> Trying to get property 'kodeproduk' of non-object
in APPPATH\Views\Master\Produk\Edit.php on line 45.
 1 APPPATH\Views\Master\Produk\Edit.php(45): CodeIgniter\Debug\Exceptions->errorHandler(8, 'Trying to get property \'kodeproduk\' of non-object', 'C:\\xampp\\htdocs\\sitenun-main\\app\\Views\\Master\\Produk\\Edit.php', 45, [...])
 2 SYSTEMPATH\View\View.php(213): include('C:\\xampp\\htdocs\\sitenun-main\\app\\Views\\Master\\Produk\\Edit.php')
 3 SYSTEMPATH\View\View.php(216): CodeIgniter\View\View->CodeIgniter\View\{closure}()
 4 SYSTEMPATH\Common.php(1184): CodeIgniter\View\View->render('Master/Produk/Edit', [], true)
 5 APPPATH\Views\Layout\Content.php(30): view('Master/Produk/Edit')
 6 SYSTEMPATH\View\View.php(213): include('C:\\xampp\\htdocs\\sitenun-main\\app\\Views\\Layout\\Content.php')
 7 SYSTEMPATH\View\View.php(216): CodeIgniter\View\View->CodeIgniter\View\{closure}()
 8 SYSTEMPATH\Common.php(1184): CodeIgniter\View\View->render('Layout/Content', [], true)
 9 APPPATH\Views\Layout\Template.php(5): view('Layout/Content')
10 SYSTEMPATH\View\View.php(213): include('C:\\xampp\\htdocs\\sitenun-main\\app\\Views\\Layout\\Template.php')
11 SYSTEMPATH\View\View.php(216): CodeIgniter\View\View->CodeIgniter\View\{closure}()
12 SYSTEMPATH\Common.php(1184): CodeIgniter\View\View->render('Layout/Template', [], true)
13 APPPATH\Controllers\Produk.php(124): view('Layout/Template', [...])
14 SYSTEMPATH\CodeIgniter.php(934): App\Controllers\Produk->edit('$id')
15 SYSTEMPATH\CodeIgniter.php(499): CodeIgniter\CodeIgniter->runController(Object(App\Controllers\Produk))
16 SYSTEMPATH\CodeIgniter.php(368): CodeIgniter\CodeIgniter->handleRequest(null, Object(Config\Cache), false)
17 FCPATH\index.php(67): CodeIgniter\CodeIgniter->run()
INFO - 2023-06-13 20:11:50 --> Session: Class initialized using 'CodeIgniter\Session\Handlers\FileHandler' driver.
CRITICAL - 2023-06-13 20:11:50 --> Trying to get property 'kodeproduk' of non-object
in APPPATH\Views\Master\Produk\Edit.php on line 45.
 1 APPPATH\Views\Master\Produk\Edit.php(45): CodeIgniter\Debug\Exceptions->errorHandler(8, 'Trying to get property \'kodeproduk\' of non-object', 'C:\\xampp\\htdocs\\sitenun-main\\app\\Views\\Master\\Produk\\Edit.php', 45, [...])
 2 SYSTEMPATH\View\View.php(213): include('C:\\xampp\\htdocs\\sitenun-main\\app\\Views\\Master\\Produk\\Edit.php')
 3 SYSTEMPATH\View\View.php(216): CodeIgniter\View\View->CodeIgniter\View\{closure}()
 4 SYSTEMPATH\Common.php(1184): CodeIgniter\View\View->render('Master/Produk/Edit', [], true)
 5 APPPATH\Views\Layout\Content.php(30): view('Master/Produk/Edit')
 6 SYSTEMPATH\View\View.php(213): include('C:\\xampp\\htdocs\\sitenun-main\\app\\Views\\Layout\\Content.php')
 7 SYSTEMPATH\View\View.php(216): CodeIgniter\View\View->CodeIgniter\View\{closure}()
 8 SYSTEMPATH\Common.php(1184): CodeIgniter\View\View->render('Layout/Content', [], true)
 9 APPPATH\Views\Layout\Template.php(5): view('Layout/Content')
10 SYSTEMPATH\View\View.php(213): include('C:\\xampp\\htdocs\\sitenun-main\\app\\Views\\Layout\\Template.php')
11 SYSTEMPATH\View\View.php(216): CodeIgniter\View\View->CodeIgniter\View\{closure}()
12 SYSTEMPATH\Common.php(1184): CodeIgniter\View\View->render('Layout/Template', [], true)
13 APPPATH\Controllers\Produk.php(124): view('Layout/Template', [...])
14 SYSTEMPATH\CodeIgniter.php(934): App\Controllers\Produk->edit('$id')
15 SYSTEMPATH\CodeIgniter.php(499): CodeIgniter\CodeIgniter->runController(Object(App\Controllers\Produk))
16 SYSTEMPATH\CodeIgniter.php(368): CodeIgniter\CodeIgniter->handleRequest(null, Object(Config\Cache), false)
17 FCPATH\index.php(67): CodeIgniter\CodeIgniter->run()
INFO - 2023-06-13 20:12:07 --> Session: Class initialized using 'CodeIgniter\Session\Handlers\FileHandler' driver.
CRITICAL - 2023-06-13 20:12:07 --> Undefined index: kodeproduk
in APPPATH\Views\Master\Produk\Edit.php on line 45.
 1 APPPATH\Views\Master\Produk\Edit.php(45): CodeIgniter\Debug\Exceptions->errorHandler(8, 'Undefined index: kodeproduk', 'C:\\xampp\\htdocs\\sitenun-main\\app\\Views\\Master\\Produk\\Edit.php', 45, [...])
 2 SYSTEMPATH\View\View.php(213): include('C:\\xampp\\htdocs\\sitenun-main\\app\\Views\\Master\\Produk\\Edit.php')
 3 SYSTEMPATH\View\View.php(216): CodeIgniter\View\View->CodeIgniter\View\{closure}()
 4 SYSTEMPATH\Common.php(1184): CodeIgniter\View\View->render('Master/Produk/Edit', [], true)
 5 APPPATH\Views\Layout\Content.php(30): view('Master/Produk/Edit')
 6 SYSTEMPATH\View\View.php(213): include('C:\\xampp\\htdocs\\sitenun-main\\app\\Views\\Layout\\Content.php')
 7 SYSTEMPATH\View\View.php(216): CodeIgniter\View\View->CodeIgniter\View\{closure}()
 8 SYSTEMPATH\Common.php(1184): CodeIgniter\View\View->render('Layout/Content', [], true)
 9 APPPATH\Views\Layout\Template.php(5): view('Layout/Content')
10 SYSTEMPATH\View\View.php(213): include('C:\\xampp\\htdocs\\sitenun-main\\app\\Views\\Layout\\Template.php')
11 SYSTEMPATH\View\View.php(216): CodeIgniter\View\View->CodeIgniter\View\{closure}()
12 SYSTEMPATH\Common.php(1184): CodeIgniter\View\View->render('Layout/Template', [], true)
13 APPPATH\Controllers\Produk.php(124): view('Layout/Template', [...])
14 SYSTEMPATH\CodeIgniter.php(934): App\Controllers\Produk->edit('$id')
15 SYSTEMPATH\CodeIgniter.php(499): CodeIgniter\CodeIgniter->runController(Object(App\Controllers\Produk))
16 SYSTEMPATH\CodeIgniter.php(368): CodeIgniter\CodeIgniter->handleRequest(null, Object(Config\Cache), false)
17 FCPATH\index.php(67): CodeIgniter\CodeIgniter->run()
INFO - 2023-06-13 20:12:13 --> Session: Class initialized using 'CodeIgniter\Session\Handlers\FileHandler' driver.
CRITICAL - 2023-06-13 20:12:13 --> Undefined index: kodeproduk
in APPPATH\Views\Master\Produk\Edit.php on line 45.
 1 APPPATH\Views\Master\Produk\Edit.php(45): CodeIgniter\Debug\Exceptions->errorHandler(8, 'Undefined index: kodeproduk', 'C:\\xampp\\htdocs\\sitenun-main\\app\\Views\\Master\\Produk\\Edit.php', 45, [...])
 2 SYSTEMPATH\View\View.php(213): include('C:\\xampp\\htdocs\\sitenun-main\\app\\Views\\Master\\Produk\\Edit.php')
 3 SYSTEMPATH\View\View.php(216): CodeIgniter\View\View->CodeIgniter\View\{closure}()
 4 SYSTEMPATH\Common.php(1184): CodeIgniter\View\View->render('Master/Produk/Edit', [], true)
 5 APPPATH\Views\Layout\Content.php(30): view('Master/Produk/Edit')
 6 SYSTEMPATH\View\View.php(213): include('C:\\xampp\\htdocs\\sitenun-main\\app\\Views\\Layout\\Content.php')
 7 SYSTEMPATH\View\View.php(216): CodeIgniter\View\View->CodeIgniter\View\{closure}()
 8 SYSTEMPATH\Common.php(1184): CodeIgniter\View\View->render('Layout/Content', [], true)
 9 APPPATH\Views\Layout\Template.php(5): view('Layout/Content')
10 SYSTEMPATH\View\View.php(213): include('C:\\xampp\\htdocs\\sitenun-main\\app\\Views\\Layout\\Template.php')
11 SYSTEMPATH\View\View.php(216): CodeIgniter\View\View->CodeIgniter\View\{closure}()
12 SYSTEMPATH\Common.php(1184): CodeIgniter\View\View->render('Layout/Template', [], true)
13 APPPATH\Controllers\Produk.php(124): view('Layout/Template', [...])
14 SYSTEMPATH\CodeIgniter.php(934): App\Controllers\Produk->edit('$id')
15 SYSTEMPATH\CodeIgniter.php(499): CodeIgniter\CodeIgniter->runController(Object(App\Controllers\Produk))
16 SYSTEMPATH\CodeIgniter.php(368): CodeIgniter\CodeIgniter->handleRequest(null, Object(Config\Cache), false)
17 FCPATH\index.php(67): CodeIgniter\CodeIgniter->run()
INFO - 2023-06-13 20:13:10 --> Session: Class initialized using 'CodeIgniter\Session\Handlers\FileHandler' driver.
CRITICAL - 2023-06-13 20:13:10 --> Undefined index: namaproduk
in APPPATH\Views\Master\Produk\Edit.php on line 46.
 1 APPPATH\Views\Master\Produk\Edit.php(46): CodeIgniter\Debug\Exceptions->errorHandler(8, 'Undefined index: namaproduk', 'C:\\xampp\\htdocs\\sitenun-main\\app\\Views\\Master\\Produk\\Edit.php', 46, [...])
 2 SYSTEMPATH\View\View.php(213): include('C:\\xampp\\htdocs\\sitenun-main\\app\\Views\\Master\\Produk\\Edit.php')
 3 SYSTEMPATH\View\View.php(216): CodeIgniter\View\View->CodeIgniter\View\{closure}()
 4 SYSTEMPATH\Common.php(1184): CodeIgniter\View\View->render('Master/Produk/Edit', [], true)
 5 APPPATH\Views\Layout\Content.php(30): view('Master/Produk/Edit')
 6 SYSTEMPATH\View\View.php(213): include('C:\\xampp\\htdocs\\sitenun-main\\app\\Views\\Layout\\Content.php')
 7 SYSTEMPATH\View\View.php(216): CodeIgniter\View\View->CodeIgniter\View\{closure}()
 8 SYSTEMPATH\Common.php(1184): CodeIgniter\View\View->render('Layout/Content', [], true)
 9 APPPATH\Views\Layout\Template.php(5): view('Layout/Content')
10 SYSTEMPATH\View\View.php(213): include('C:\\xampp\\htdocs\\sitenun-main\\app\\Views\\Layout\\Template.php')
11 SYSTEMPATH\View\View.php(216): CodeIgniter\View\View->CodeIgniter\View\{closure}()
12 SYSTEMPATH\Common.php(1184): CodeIgniter\View\View->render('Layout/Template', [], true)
13 APPPATH\Controllers\Produk.php(125): view('Layout/Template', [...])
14 SYSTEMPATH\CodeIgniter.php(934): App\Controllers\Produk->edit('$id')
15 SYSTEMPATH\CodeIgniter.php(499): CodeIgniter\CodeIgniter->runController(Object(App\Controllers\Produk))
16 SYSTEMPATH\CodeIgniter.php(368): CodeIgniter\CodeIgniter->handleRequest(null, Object(Config\Cache), false)
17 FCPATH\index.php(67): CodeIgniter\CodeIgniter->run()
INFO - 2023-06-13 20:13:52 --> Session: Class initialized using 'CodeIgniter\Session\Handlers\FileHandler' driver.
CRITICAL - 2023-06-13 20:13:52 --> Undefined index: kodeproduk
in APPPATH\Views\Master\Produk\Edit.php on line 45.
 1 APPPATH\Views\Master\Produk\Edit.php(45): CodeIgniter\Debug\Exceptions->errorHandler(8, 'Undefined index: kodeproduk', 'C:\\xampp\\htdocs\\sitenun-main\\app\\Views\\Master\\Produk\\Edit.php', 45, [...])
 2 SYSTEMPATH\View\View.php(213): include('C:\\xampp\\htdocs\\sitenun-main\\app\\Views\\Master\\Produk\\Edit.php')
 3 SYSTEMPATH\View\View.php(216): CodeIgniter\View\View->CodeIgniter\View\{closure}()
 4 SYSTEMPATH\Common.php(1184): CodeIgniter\View\View->render('Master/Produk/Edit', [], true)
 5 APPPATH\Views\Layout\Content.php(30): view('Master/Produk/Edit')
 6 SYSTEMPATH\View\View.php(213): include('C:\\xampp\\htdocs\\sitenun-main\\app\\Views\\Layout\\Content.php')
 7 SYSTEMPATH\View\View.php(216): CodeIgniter\View\View->CodeIgniter\View\{closure}()
 8 SYSTEMPATH\Common.php(1184): CodeIgniter\View\View->render('Layout/Content', [], true)
 9 APPPATH\Views\Layout\Template.php(5): view('Layout/Content')
10 SYSTEMPATH\View\View.php(213): include('C:\\xampp\\htdocs\\sitenun-main\\app\\Views\\Layout\\Template.php')
11 SYSTEMPATH\View\View.php(216): CodeIgniter\View\View->CodeIgniter\View\{closure}()
12 SYSTEMPATH\Common.php(1184): CodeIgniter\View\View->render('Layout/Template', [], true)
13 APPPATH\Controllers\Produk.php(125): view('Layout/Template', [...])
14 SYSTEMPATH\CodeIgniter.php(934): App\Controllers\Produk->edit('$id')
15 SYSTEMPATH\CodeIgniter.php(499): CodeIgniter\CodeIgniter->runController(Object(App\Controllers\Produk))
16 SYSTEMPATH\CodeIgniter.php(368): CodeIgniter\CodeIgniter->handleRequest(null, Object(Config\Cache), false)
17 FCPATH\index.php(67): CodeIgniter\CodeIgniter->run()
INFO - 2023-06-13 20:14:07 --> Session: Class initialized using 'CodeIgniter\Session\Handlers\FileHandler' driver.
CRITICAL - 2023-06-13 20:14:07 --> Undefined index: kodeproduk
in APPPATH\Views\Master\Produk\Edit.php on line 45.
 1 APPPATH\Views\Master\Produk\Edit.php(45): CodeIgniter\Debug\Exceptions->errorHandler(8, 'Undefined index: kodeproduk', 'C:\\xampp\\htdocs\\sitenun-main\\app\\Views\\Master\\Produk\\Edit.php', 45, [...])
 2 SYSTEMPATH\View\View.php(213): include('C:\\xampp\\htdocs\\sitenun-main\\app\\Views\\Master\\Produk\\Edit.php')
 3 SYSTEMPATH\View\View.php(216): CodeIgniter\View\View->CodeIgniter\View\{closure}()
 4 SYSTEMPATH\Common.php(1184): CodeIgniter\View\View->render('Master/Produk/Edit', [], true)
 5 APPPATH\Views\Layout\Content.php(30): view('Master/Produk/Edit')
 6 SYSTEMPATH\View\View.php(213): include('C:\\xampp\\htdocs\\sitenun-main\\app\\Views\\Layout\\Content.php')
 7 SYSTEMPATH\View\View.php(216): CodeIgniter\View\View->CodeIgniter\View\{closure}()
 8 SYSTEMPATH\Common.php(1184): CodeIgniter\View\View->render('Layout/Content', [], true)
 9 APPPATH\Views\Layout\Template.php(5): view('Layout/Content')
10 SYSTEMPATH\View\View.php(213): include('C:\\xampp\\htdocs\\sitenun-main\\app\\Views\\Layout\\Template.php')
11 SYSTEMPATH\View\View.php(216): CodeIgniter\View\View->CodeIgniter\View\{closure}()
12 SYSTEMPATH\Common.php(1184): CodeIgniter\View\View->render('Layout/Template', [], true)
13 APPPATH\Controllers\Produk.php(125): view('Layout/Template', [...])
14 SYSTEMPATH\CodeIgniter.php(934): App\Controllers\Produk->edit('$id')
15 SYSTEMPATH\CodeIgniter.php(499): CodeIgniter\CodeIgniter->runController(Object(App\Controllers\Produk))
16 SYSTEMPATH\CodeIgniter.php(368): CodeIgniter\CodeIgniter->handleRequest(null, Object(Config\Cache), false)
17 FCPATH\index.php(67): CodeIgniter\CodeIgniter->run()
INFO - 2023-06-13 20:27:16 --> Session: Class initialized using 'CodeIgniter\Session\Handlers\FileHandler' driver.
CRITICAL - 2023-06-13 20:27:16 --> Undefined index: kodeproduk
in APPPATH\Views\Master\Produk\Edit.php on line 45.
 1 APPPATH\Views\Master\Produk\Edit.php(45): CodeIgniter\Debug\Exceptions->errorHandler(8, 'Undefined index: kodeproduk', 'C:\\xampp\\htdocs\\sitenun-main\\app\\Views\\Master\\Produk\\Edit.php', 45, [...])
 2 SYSTEMPATH\View\View.php(213): include('C:\\xampp\\htdocs\\sitenun-main\\app\\Views\\Master\\Produk\\Edit.php')
 3 SYSTEMPATH\View\View.php(216): CodeIgniter\View\View->CodeIgniter\View\{closure}()
 4 SYSTEMPATH\Common.php(1184): CodeIgniter\View\View->render('Master/Produk/Edit', [], true)
 5 APPPATH\Views\Layout\Content.php(30): view('Master/Produk/Edit')
 6 SYSTEMPATH\View\View.php(213): include('C:\\xampp\\htdocs\\sitenun-main\\app\\Views\\Layout\\Content.php')
 7 SYSTEMPATH\View\View.php(216): CodeIgniter\View\View->CodeIgniter\View\{closure}()
 8 SYSTEMPATH\Common.php(1184): CodeIgniter\View\View->render('Layout/Content', [], true)
 9 APPPATH\Views\Layout\Template.php(5): view('Layout/Content')
10 SYSTEMPATH\View\View.php(213): include('C:\\xampp\\htdocs\\sitenun-main\\app\\Views\\Layout\\Template.php')
11 SYSTEMPATH\View\View.php(216): CodeIgniter\View\View->CodeIgniter\View\{closure}()
12 SYSTEMPATH\Common.php(1184): CodeIgniter\View\View->render('Layout/Template', [], true)
13 APPPATH\Controllers\Produk.php(125): view('Layout/Template', [...])
14 SYSTEMPATH\CodeIgniter.php(934): App\Controllers\Produk->edit('$id')
15 SYSTEMPATH\CodeIgniter.php(499): CodeIgniter\CodeIgniter->runController(Object(App\Controllers\Produk))
16 SYSTEMPATH\CodeIgniter.php(368): CodeIgniter\CodeIgniter->handleRequest(null, Object(Config\Cache), false)
17 FCPATH\index.php(67): CodeIgniter\CodeIgniter->run()
INFO - 2023-06-13 20:27:30 --> Session: Class initialized using 'CodeIgniter\Session\Handlers\FileHandler' driver.
CRITICAL - 2023-06-13 20:27:30 --> Undefined index: namaproduk
in APPPATH\Views\Master\Produk\Edit.php on line 46.
 1 APPPATH\Views\Master\Produk\Edit.php(46): CodeIgniter\Debug\Exceptions->errorHandler(8, 'Undefined index: namaproduk', 'C:\\xampp\\htdocs\\sitenun-main\\app\\Views\\Master\\Produk\\Edit.php', 46, [...])
 2 SYSTEMPATH\View\View.php(213): include('C:\\xampp\\htdocs\\sitenun-main\\app\\Views\\Master\\Produk\\Edit.php')
 3 SYSTEMPATH\View\View.php(216): CodeIgniter\View\View->CodeIgniter\View\{closure}()
 4 SYSTEMPATH\Common.php(1184): CodeIgniter\View\View->render('Master/Produk/Edit', [], true)
 5 APPPATH\Views\Layout\Content.php(30): view('Master/Produk/Edit')
 6 SYSTEMPATH\View\View.php(213): include('C:\\xampp\\htdocs\\sitenun-main\\app\\Views\\Layout\\Content.php')
 7 SYSTEMPATH\View\View.php(216): CodeIgniter\View\View->CodeIgniter\View\{closure}()
 8 SYSTEMPATH\Common.php(1184): CodeIgniter\View\View->render('Layout/Content', [], true)
 9 APPPATH\Views\Layout\Template.php(5): view('Layout/Content')
10 SYSTEMPATH\View\View.php(213): include('C:\\xampp\\htdocs\\sitenun-main\\app\\Views\\Layout\\Template.php')
11 SYSTEMPATH\View\View.php(216): CodeIgniter\View\View->CodeIgniter\View\{closure}()
12 SYSTEMPATH\Common.php(1184): CodeIgniter\View\View->render('Layout/Template', [], true)
13 APPPATH\Controllers\Produk.php(125): view('Layout/Template', [...])
14 SYSTEMPATH\CodeIgniter.php(934): App\Controllers\Produk->edit('$id')
15 SYSTEMPATH\CodeIgniter.php(499): CodeIgniter\CodeIgniter->runController(Object(App\Controllers\Produk))
16 SYSTEMPATH\CodeIgniter.php(368): CodeIgniter\CodeIgniter->handleRequest(null, Object(Config\Cache), false)
17 FCPATH\index.php(67): CodeIgniter\CodeIgniter->run()
INFO - 2023-06-13 20:27:41 --> Session: Class initialized using 'CodeIgniter\Session\Handlers\FileHandler' driver.
CRITICAL - 2023-06-13 20:27:41 --> Undefined variable: kodeproduk
in APPPATH\Views\Master\Produk\Edit.php on line 45.
 1 APPPATH\Views\Master\Produk\Edit.php(45): CodeIgniter\Debug\Exceptions->errorHandler(8, 'Undefined variable: kodeproduk', 'C:\\xampp\\htdocs\\sitenun-main\\app\\Views\\Master\\Produk\\Edit.php', 45, [...])
 2 SYSTEMPATH\View\View.php(213): include('C:\\xampp\\htdocs\\sitenun-main\\app\\Views\\Master\\Produk\\Edit.php')
 3 SYSTEMPATH\View\View.php(216): CodeIgniter\View\View->CodeIgniter\View\{closure}()
 4 SYSTEMPATH\Common.php(1184): CodeIgniter\View\View->render('Master/Produk/Edit', [], true)
 5 APPPATH\Views\Layout\Content.php(30): view('Master/Produk/Edit')
 6 SYSTEMPATH\View\View.php(213): include('C:\\xampp\\htdocs\\sitenun-main\\app\\Views\\Layout\\Content.php')
 7 SYSTEMPATH\View\View.php(216): CodeIgniter\View\View->CodeIgniter\View\{closure}()
 8 SYSTEMPATH\Common.php(1184): CodeIgniter\View\View->render('Layout/Content', [], true)
 9 APPPATH\Views\Layout\Template.php(5): view('Layout/Content')
10 SYSTEMPATH\View\View.php(213): include('C:\\xampp\\htdocs\\sitenun-main\\app\\Views\\Layout\\Template.php')
11 SYSTEMPATH\View\View.php(216): CodeIgniter\View\View->CodeIgniter\View\{closure}()
12 SYSTEMPATH\Common.php(1184): CodeIgniter\View\View->render('Layout/Template', [], true)
13 APPPATH\Controllers\Produk.php(125): view('Layout/Template', [...])
14 SYSTEMPATH\CodeIgniter.php(934): App\Controllers\Produk->edit('$id')
15 SYSTEMPATH\CodeIgniter.php(499): CodeIgniter\CodeIgniter->runController(Object(App\Controllers\Produk))
16 SYSTEMPATH\CodeIgniter.php(368): CodeIgniter\CodeIgniter->handleRequest(null, Object(Config\Cache), false)
17 FCPATH\index.php(67): CodeIgniter\CodeIgniter->run()
INFO - 2023-06-13 20:27:53 --> Session: Class initialized using 'CodeIgniter\Session\Handlers\FileHandler' driver.
CRITICAL - 2023-06-13 20:27:53 --> Trying to get property 'kodeproduk' of non-object
in APPPATH\Views\Master\Produk\Edit.php on line 45.
 1 APPPATH\Views\Master\Produk\Edit.php(45): CodeIgniter\Debug\Exceptions->errorHandler(8, 'Trying to get property \'kodeproduk\' of non-object', 'C:\\xampp\\htdocs\\sitenun-main\\app\\Views\\Master\\Produk\\Edit.php', 45, [...])
 2 SYSTEMPATH\View\View.php(213): include('C:\\xampp\\htdocs\\sitenun-main\\app\\Views\\Master\\Produk\\Edit.php')
 3 SYSTEMPATH\View\View.php(216): CodeIgniter\View\View->CodeIgniter\View\{closure}()
 4 SYSTEMPATH\Common.php(1184): CodeIgniter\View\View->render('Master/Produk/Edit', [], true)
 5 APPPATH\Views\Layout\Content.php(30): view('Master/Produk/Edit')
 6 SYSTEMPATH\View\View.php(213): include('C:\\xampp\\htdocs\\sitenun-main\\app\\Views\\Layout\\Content.php')
 7 SYSTEMPATH\View\View.php(216): CodeIgniter\View\View->CodeIgniter\View\{closure}()
 8 SYSTEMPATH\Common.php(1184): CodeIgniter\View\View->render('Layout/Content', [], true)
 9 APPPATH\Views\Layout\Template.php(5): view('Layout/Content')
10 SYSTEMPATH\View\View.php(213): include('C:\\xampp\\htdocs\\sitenun-main\\app\\Views\\Layout\\Template.php')
11 SYSTEMPATH\View\View.php(216): CodeIgniter\View\View->CodeIgniter\View\{closure}()
12 SYSTEMPATH\Common.php(1184): CodeIgniter\View\View->render('Layout/Template', [], true)
13 APPPATH\Controllers\Produk.php(125): view('Layout/Template', [...])
14 SYSTEMPATH\CodeIgniter.php(934): App\Controllers\Produk->edit('$id')
15 SYSTEMPATH\CodeIgniter.php(499): CodeIgniter\CodeIgniter->runController(Object(App\Controllers\Produk))
16 SYSTEMPATH\CodeIgniter.php(368): CodeIgniter\CodeIgniter->handleRequest(null, Object(Config\Cache), false)
17 FCPATH\index.php(67): CodeIgniter\CodeIgniter->run()
INFO - 2023-06-13 20:27:59 --> Session: Class initialized using 'CodeIgniter\Session\Handlers\FileHandler' driver.
CRITICAL - 2023-06-13 20:27:59 --> Undefined index: kodeproduk
in APPPATH\Views\Master\Produk\Edit.php on line 45.
 1 APPPATH\Views\Master\Produk\Edit.php(45): CodeIgniter\Debug\Exceptions->errorHandler(8, 'Undefined index: kodeproduk', 'C:\\xampp\\htdocs\\sitenun-main\\app\\Views\\Master\\Produk\\Edit.php', 45, [...])
 2 SYSTEMPATH\View\View.php(213): include('C:\\xampp\\htdocs\\sitenun-main\\app\\Views\\Master\\Produk\\Edit.php')
 3 SYSTEMPATH\View\View.php(216): CodeIgniter\View\View->CodeIgniter\View\{closure}()
 4 SYSTEMPATH\Common.php(1184): CodeIgniter\View\View->render('Master/Produk/Edit', [], true)
 5 APPPATH\Views\Layout\Content.php(30): view('Master/Produk/Edit')
 6 SYSTEMPATH\View\View.php(213): include('C:\\xampp\\htdocs\\sitenun-main\\app\\Views\\Layout\\Content.php')
 7 SYSTEMPATH\View\View.php(216): CodeIgniter\View\View->CodeIgniter\View\{closure}()
 8 SYSTEMPATH\Common.php(1184): CodeIgniter\View\View->render('Layout/Content', [], true)
 9 APPPATH\Views\Layout\Template.php(5): view('Layout/Content')
10 SYSTEMPATH\View\View.php(213): include('C:\\xampp\\htdocs\\sitenun-main\\app\\Views\\Layout\\Template.php')
11 SYSTEMPATH\View\View.php(216): CodeIgniter\View\View->CodeIgniter\View\{closure}()
12 SYSTEMPATH\Common.php(1184): CodeIgniter\View\View->render('Layout/Template', [], true)
13 APPPATH\Controllers\Produk.php(125): view('Layout/Template', [...])
14 SYSTEMPATH\CodeIgniter.php(934): App\Controllers\Produk->edit('$id')
15 SYSTEMPATH\CodeIgniter.php(499): CodeIgniter\CodeIgniter->runController(Object(App\Controllers\Produk))
16 SYSTEMPATH\CodeIgniter.php(368): CodeIgniter\CodeIgniter->handleRequest(null, Object(Config\Cache), false)
17 FCPATH\index.php(67): CodeIgniter\CodeIgniter->run()
INFO - 2023-06-13 20:28:23 --> Session: Class initialized using 'CodeIgniter\Session\Handlers\FileHandler' driver.
INFO - 2023-06-13 20:28:23 --> Session: Class initialized using 'CodeIgniter\Session\Handlers\FileHandler' driver.
INFO - 2023-06-13 20:28:23 --> Session: Class initialized using 'CodeIgniter\Session\Handlers\FileHandler' driver.
INFO - 2023-06-13 20:28:24 --> Session: Class initialized using 'CodeIgniter\Session\Handlers\FileHandler' driver.
INFO - 2023-06-13 20:28:42 --> Session: Class initialized using 'CodeIgniter\Session\Handlers\FileHandler' driver.
CRITICAL - 2023-06-13 20:28:42 --> Undefined index: kodeproduk
in APPPATH\Views\Master\Produk\Edit.php on line 45.
 1 APPPATH\Views\Master\Produk\Edit.php(45): CodeIgniter\Debug\Exceptions->errorHandler(8, 'Undefined index: kodeproduk', 'C:\\xampp\\htdocs\\sitenun-main\\app\\Views\\Master\\Produk\\Edit.php', 45, [...])
 2 SYSTEMPATH\View\View.php(213): include('C:\\xampp\\htdocs\\sitenun-main\\app\\Views\\Master\\Produk\\Edit.php')
 3 SYSTEMPATH\View\View.php(216): CodeIgniter\View\View->CodeIgniter\View\{closure}()
 4 SYSTEMPATH\Common.php(1184): CodeIgniter\View\View->render('Master/Produk/Edit', [], true)
 5 APPPATH\Views\Layout\Content.php(30): view('Master/Produk/Edit')
 6 SYSTEMPATH\View\View.php(213): include('C:\\xampp\\htdocs\\sitenun-main\\app\\Views\\Layout\\Content.php')
 7 SYSTEMPATH\View\View.php(216): CodeIgniter\View\View->CodeIgniter\View\{closure}()
 8 SYSTEMPATH\Common.php(1184): CodeIgniter\View\View->render('Layout/Content', [], true)
 9 APPPATH\Views\Layout\Template.php(5): view('Layout/Content')
10 SYSTEMPATH\View\View.php(213): include('C:\\xampp\\htdocs\\sitenun-main\\app\\Views\\Layout\\Template.php')
11 SYSTEMPATH\View\View.php(216): CodeIgniter\View\View->CodeIgniter\View\{closure}()
12 SYSTEMPATH\Common.php(1184): CodeIgniter\View\View->render('Layout/Template', [], true)
13 APPPATH\Controllers\Produk.php(125): view('Layout/Template', [...])
14 SYSTEMPATH\CodeIgniter.php(934): App\Controllers\Produk->edit('PR-01')
15 SYSTEMPATH\CodeIgniter.php(499): CodeIgniter\CodeIgniter->runController(Object(App\Controllers\Produk))
16 SYSTEMPATH\CodeIgniter.php(368): CodeIgniter\CodeIgniter->handleRequest(null, Object(Config\Cache), false)
17 FCPATH\index.php(67): CodeIgniter\CodeIgniter->run()
INFO - 2023-06-13 20:28:56 --> Session: Class initialized using 'CodeIgniter\Session\Handlers\FileHandler' driver.
INFO - 2023-06-13 20:29:56 --> Session: Class initialized using 'CodeIgniter\Session\Handlers\FileHandler' driver.
INFO - 2023-06-13 20:29:57 --> Session: Class initialized using 'CodeIgniter\Session\Handlers\FileHandler' driver.
INFO - 2023-06-13 20:30:04 --> Session: Class initialized using 'CodeIgniter\Session\Handlers\FileHandler' driver.
INFO - 2023-06-13 20:30:40 --> Session: Class initialized using 'CodeIgniter\Session\Handlers\FileHandler' driver.
INFO - 2023-06-13 20:30:51 --> Session: Class initialized using 'CodeIgniter\Session\Handlers\FileHandler' driver.
INFO - 2023-06-13 20:30:51 --> Session: Class initialized using 'CodeIgniter\Session\Handlers\FileHandler' driver.
INFO - 2023-06-13 20:30:52 --> Session: Class initialized using 'CodeIgniter\Session\Handlers\FileHandler' driver.
INFO - 2023-06-13 20:30:52 --> Session: Class initialized using 'CodeIgniter\Session\Handlers\FileHandler' driver.
INFO - 2023-06-13 20:31:07 --> Session: Class initialized using 'CodeIgniter\Session\Handlers\FileHandler' driver.
INFO - 2023-06-13 20:31:08 --> Session: Class initialized using 'CodeIgniter\Session\Handlers\FileHandler' driver.
INFO - 2023-06-13 20:31:08 --> Session: Class initialized using 'CodeIgniter\Session\Handlers\FileHandler' driver.
INFO - 2023-06-13 20:31:22 --> Session: Class initialized using 'CodeIgniter\Session\Handlers\FileHandler' driver.
INFO - 2023-06-13 20:31:45 --> Session: Class initialized using 'CodeIgniter\Session\Handlers\FileHandler' driver.
INFO - 2023-06-13 20:31:54 --> Session: Class initialized using 'CodeIgniter\Session\Handlers\FileHandler' driver.
INFO - 2023-06-13 20:32:03 --> Session: Class initialized using 'CodeIgniter\Session\Handlers\FileHandler' driver.
INFO - 2023-06-13 20:32:18 --> Session: Class initialized using 'CodeIgniter\Session\Handlers\FileHandler' driver.
INFO - 2023-06-13 20:32:55 --> Session: Class initialized using 'CodeIgniter\Session\Handlers\FileHandler' driver.
INFO - 2023-06-13 20:32:56 --> Session: Class initialized using 'CodeIgniter\Session\Handlers\FileHandler' driver.
INFO - 2023-06-13 20:33:07 --> Session: Class initialized using 'CodeIgniter\Session\Handlers\FileHandler' driver.
INFO - 2023-06-13 20:33:08 --> Session: Class initialized using 'CodeIgniter\Session\Handlers\FileHandler' driver.
INFO - 2023-06-13 20:33:08 --> Session: Class initialized using 'CodeIgniter\Session\Handlers\FileHandler' driver.
INFO - 2023-06-13 20:33:08 --> Session: Class initialized using 'CodeIgniter\Session\Handlers\FileHandler' driver.
INFO - 2023-06-13 20:33:35 --> Session: Class initialized using 'CodeIgniter\Session\Handlers\FileHandler' driver.
INFO - 2023-06-13 20:33:35 --> Session: Class initialized using 'CodeIgniter\Session\Handlers\FileHandler' driver.
INFO - 2023-06-13 20:33:38 --> Session: Class initialized using 'CodeIgniter\Session\Handlers\FileHandler' driver.
INFO - 2023-06-13 20:33:42 --> Session: Class initialized using 'CodeIgniter\Session\Handlers\FileHandler' driver.
INFO - 2023-06-13 20:33:42 --> Session: Class initialized using 'CodeIgniter\Session\Handlers\FileHandler' driver.
INFO - 2023-06-13 20:34:03 --> Session: Class initialized using 'CodeIgniter\Session\Handlers\FileHandler' driver.
INFO - 2023-06-13 20:35:31 --> Session: Class initialized using 'CodeIgniter\Session\Handlers\FileHandler' driver.
INFO - 2023-06-13 20:35:55 --> Session: Class initialized using 'CodeIgniter\Session\Handlers\FileHandler' driver.
INFO - 2023-06-13 20:35:56 --> Session: Class initialized using 'CodeIgniter\Session\Handlers\FileHandler' driver.
INFO - 2023-06-13 20:35:56 --> Session: Class initialized using 'CodeIgniter\Session\Handlers\FileHandler' driver.
INFO - 2023-06-13 20:35:57 --> Session: Class initialized using 'CodeIgniter\Session\Handlers\FileHandler' driver.
INFO - 2023-06-13 20:36:06 --> Session: Class initialized using 'CodeIgniter\Session\Handlers\FileHandler' driver.
INFO - 2023-06-13 20:36:07 --> Session: Class initialized using 'CodeIgniter\Session\Handlers\FileHandler' driver.
INFO - 2023-06-13 20:36:08 --> Session: Class initialized using 'CodeIgniter\Session\Handlers\FileHandler' driver.
INFO - 2023-06-13 20:36:17 --> Session: Class initialized using 'CodeIgniter\Session\Handlers\FileHandler' driver.
INFO - 2023-06-13 20:36:39 --> Session: Class initialized using 'CodeIgniter\Session\Handlers\FileHandler' driver.
INFO - 2023-06-13 20:41:06 --> Session: Class initialized using 'CodeIgniter\Session\Handlers\FileHandler' driver.
INFO - 2023-06-13 20:41:52 --> Session: Class initialized using 'CodeIgniter\Session\Handlers\FileHandler' driver.
INFO - 2023-06-13 20:45:31 --> Session: Class initialized using 'CodeIgniter\Session\Handlers\FileHandler' driver.
INFO - 2023-06-13 20:48:11 --> Session: Class initialized using 'CodeIgniter\Session\Handlers\FileHandler' driver.
INFO - 2023-06-13 20:48:46 --> Session: Class initialized using 'CodeIgniter\Session\Handlers\FileHandler' driver.
INFO - 2023-06-13 20:49:00 --> Session: Class initialized using 'CodeIgniter\Session\Handlers\FileHandler' driver.
INFO - 2023-06-13 20:49:11 --> Session: Class initialized using 'CodeIgniter\Session\Handlers\FileHandler' driver.
INFO - 2023-06-13 20:49:31 --> Session: Class initialized using 'CodeIgniter\Session\Handlers\FileHandler' driver.
INFO - 2023-06-13 20:49:31 --> Session: Class initialized using 'CodeIgniter\Session\Handlers\FileHandler' driver.
INFO - 2023-06-13 20:49:51 --> Session: Class initialized using 'CodeIgniter\Session\Handlers\FileHandler' driver.
INFO - 2023-06-13 20:50:22 --> Session: Class initialized using 'CodeIgniter\Session\Handlers\FileHandler' driver.
INFO - 2023-06-13 20:50:23 --> Session: Class initialized using 'CodeIgniter\Session\Handlers\FileHandler' driver.
INFO - 2023-06-13 20:50:31 --> Session: Class initialized using 'CodeIgniter\Session\Handlers\FileHandler' driver.
INFO - 2023-06-13 20:50:39 --> Session: Class initialized using 'CodeIgniter\Session\Handlers\FileHandler' driver.
INFO - 2023-06-13 20:51:02 --> Session: Class initialized using 'CodeIgniter\Session\Handlers\FileHandler' driver.
INFO - 2023-06-13 20:51:05 --> Session: Class initialized using 'CodeIgniter\Session\Handlers\FileHandler' driver.
INFO - 2023-06-13 20:51:14 --> Session: Class initialized using 'CodeIgniter\Session\Handlers\FileHandler' driver.
INFO - 2023-06-13 20:51:16 --> Session: Class initialized using 'CodeIgniter\Session\Handlers\FileHandler' driver.
INFO - 2023-06-13 20:51:18 --> Session: Class initialized using 'CodeIgniter\Session\Handlers\FileHandler' driver.
INFO - 2023-06-13 20:51:47 --> Session: Class initialized using 'CodeIgniter\Session\Handlers\FileHandler' driver.
INFO - 2023-06-13 20:52:42 --> Session: Class initialized using 'CodeIgniter\Session\Handlers\FileHandler' driver.
INFO - 2023-06-13 20:53:35 --> Session: Class initialized using 'CodeIgniter\Session\Handlers\FileHandler' driver.
INFO - 2023-06-13 20:53:40 --> Session: Class initialized using 'CodeIgniter\Session\Handlers\FileHandler' driver.
INFO - 2023-06-13 20:54:30 --> Session: Class initialized using 'CodeIgniter\Session\Handlers\FileHandler' driver.
INFO - 2023-06-13 20:54:45 --> Session: Class initialized using 'CodeIgniter\Session\Handlers\FileHandler' driver.
INFO - 2023-06-13 20:55:03 --> Session: Class initialized using 'CodeIgniter\Session\Handlers\FileHandler' driver.
INFO - 2023-06-13 20:57:26 --> Session: Class initialized using 'CodeIgniter\Session\Handlers\FileHandler' driver.
INFO - 2023-06-13 20:57:30 --> Session: Class initialized using 'CodeIgniter\Session\Handlers\FileHandler' driver.
INFO - 2023-06-13 20:57:49 --> Session: Class initialized using 'CodeIgniter\Session\Handlers\FileHandler' driver.
INFO - 2023-06-13 20:57:50 --> Session: Class initialized using 'CodeIgniter\Session\Handlers\FileHandler' driver.
INFO - 2023-06-13 20:57:53 --> Session: Class initialized using 'CodeIgniter\Session\Handlers\FileHandler' driver.
INFO - 2023-06-13 20:58:10 --> Session: Class initialized using 'CodeIgniter\Session\Handlers\FileHandler' driver.
INFO - 2023-06-13 20:58:12 --> Session: Class initialized using 'CodeIgniter\Session\Handlers\FileHandler' driver.
INFO - 2023-06-13 20:59:01 --> Session: Class initialized using 'CodeIgniter\Session\Handlers\FileHandler' driver.
INFO - 2023-06-13 20:59:02 --> Session: Class initialized using 'CodeIgniter\Session\Handlers\FileHandler' driver.
INFO - 2023-06-13 20:59:02 --> Session: Class initialized using 'CodeIgniter\Session\Handlers\FileHandler' driver.
INFO - 2023-06-13 20:59:04 --> Session: Class initialized using 'CodeIgniter\Session\Handlers\FileHandler' driver.
INFO - 2023-06-13 20:59:12 --> Session: Class initialized using 'CodeIgniter\Session\Handlers\FileHandler' driver.
INFO - 2023-06-13 20:59:49 --> Session: Class initialized using 'CodeIgniter\Session\Handlers\FileHandler' driver.
INFO - 2023-06-13 20:59:52 --> Session: Class initialized using 'CodeIgniter\Session\Handlers\FileHandler' driver.
